#
# There is insufficient memory for the Java Runtime Environment to continue.
# Native memory allocation (malloc) failed to allocate 1048576 bytes. Error detail: AllocateHeap
# Possible reasons:
#   The system is out of physical RAM or swap space
#   This process is running with CompressedOops enabled, and the Java Heap may be blocking the growth of the native heap
# Possible solutions:
#   Reduce memory load on the system
#   Increase physical memory or swap space
#   Check if swap backing store is full
#   Decrease Java heap size (-Xmx/-Xms)
#   Decrease number of Java threads
#   Decrease Java thread stack sizes (-Xss)
#   Set larger code cache with -XX:ReservedCodeCacheSize=
#   JVM is running with Unscaled Compressed Oops mode in which the Java heap is
#     placed in the first 4GB address space. The Java Heap base address is the
#     maximum limit for the native heap growth. Please use -XX:HeapBaseMinAddress
#     to set the Java Heap base and to place the Java Heap above 4GB virtual address.
# This output file may be truncated or incomplete.
#
#  Out of Memory Error (allocation.cpp:44), pid=16076, tid=18388
#
# JRE version: OpenJDK Runtime Environment Temurin-21.0.9+10 (21.0.9+10) (build 21.0.9+10-LTS)
# Java VM: OpenJDK 64-Bit Server VM Temurin-21.0.9+10 (21.0.9+10-LTS, mixed mode, sharing, tiered, compressed oops, compressed class ptrs, parallel gc, windows-amd64)
# No core dump will be written. Minidumps are not enabled by default on client versions of Windows
#

---------------  S U M M A R Y ------------

Command Line: --add-modules=ALL-SYSTEM --add-opens=java.base/java.util=ALL-UNNAMED --add-opens=java.base/java.lang=ALL-UNNAMED --add-opens=java.base/sun.nio.fs=ALL-UNNAMED -Declipse.application=org.eclipse.jdt.ls.core.id1 -Dosgi.bundles.defaultStartLevel=4 -Declipse.product=org.eclipse.jdt.ls.core.product -Djava.import.generatesMetadataFilesAtProjectRoot=false -DDetectVMInstallationsJob.disabled=true -Dfile.encoding=utf8 -XX:+UseParallelGC -XX:GCTimeRatio=4 -XX:AdaptiveSizePolicyWeight=90 -Dsun.zip.disableMemoryMapping=true -Xmx2G -Xms100m -Xlog:disable -javaagent:c:\Users\pro\.vscode\extensions\redhat.java-1.50.0-win32-x64\lombok\lombok-1.18.39-4050.jar -XX:+HeapDumpOnOutOfMemoryError -XX:HeapDumpPath=c:\Users\pro\AppData\Roaming\Code\User\workspaceStorage\756e0cee23e77af012490c1e865624d6\redhat.java -Daether.dependencyCollector.impl=bf c:\Users\pro\.vscode\extensions\redhat.java-1.50.0-win32-x64\server\plugins\org.eclipse.equinox.launcher_1.7.100.v20251111-0406.jar -configuration c:\Users\pro\AppData\Roaming\Code\User\globalStorage\redhat.java\1.50.0\config_win -data c:\Users\pro\AppData\Roaming\Code\User\workspaceStorage\756e0cee23e77af012490c1e865624d6\redhat.java\jdt_ws --pipe=\\.\pipe\lsp-410ecb848a458128ed2a4cf321b2a2d6-sock

Host: Intel(R) Core(TM) i5-6300U CPU @ 2.40GHz, 4 cores, 7G,  Windows 10 , 64 bit Build 19041 (10.0.19041.5915)
Time: Wed Jan  7 15:32:17 2026 elapsed time: 99219.064453 seconds (1d 3h 33m 39s)

---------------  T H R E A D  ---------------

Current thread (0x000002f4801359a0):  JavaThread "Attach Listener" daemon [_thread_in_vm, id=18388, stack(0x000000fc05600000,0x000000fc05700000) (1024K)]

Stack: [0x000000fc05600000,0x000000fc05700000]
Native frames: (J=compiled Java code, j=interpreted, Vv=VM code, C=native code)
V  [jvm.dll+0x6d6e29]
V  [jvm.dll+0x8b4b76]
V  [jvm.dll+0x8b712e]
V  [jvm.dll+0x8b7813]
V  [jvm.dll+0x283d86]
V  [jvm.dll+0xc1277]
V  [jvm.dll+0x6d76d9]
V  [jvm.dll+0x133466]
V  [jvm.dll+0x3f7ea6]
V  [jvm.dll+0x85e9ad]
V  [jvm.dll+0x6d565d]
C  [ucrtbase.dll+0x21bb2]
C  [KERNEL32.DLL+0x17374]
C  [ntdll.dll+0x4cc91]


---------------  P R O C E S S  ---------------

Threads class SMR info:
_java_thread_list=0x000002f48a16e7b0, length=32, elements={
0x000002f42674a6e0, 0x000002f48012d4d0, 0x000002f480130980, 0x000002f480134d50,
0x000002f4801359a0, 0x000002f4801365f0, 0x000002f480139050, 0x000002f480139e80,
0x000002f4801ad110, 0x000002f485191020, 0x000002f485280f60, 0x000002f485a2a8a0,
0x000002f4856193d0, 0x000002f48017d3b0, 0x000002f48017de20, 0x000002f485348a80,
0x000002f48621d790, 0x000002f4867105e0, 0x000002f4863f06d0, 0x000002f48634a520,
0x000002f486349e90, 0x000002f48634b8d0, 0x000002f486349800, 0x000002f48661d130,
0x000002f4866212d0, 0x000002f48661eb70, 0x000002f486620c40, 0x000002f48661d7c0,
0x000002f48661b060, 0x000002f48661bd80, 0x000002f48793a130, 0x000002f48793b4e0
}

Java Threads: ( => current thread )
  0x000002f42674a6e0 JavaThread "main"                              [_thread_blocked, id=15816, stack(0x000000fc04f00000,0x000000fc05000000) (1024K)]
  0x000002f48012d4d0 JavaThread "Reference Handler"          daemon [_thread_blocked, id=984, stack(0x000000fc05300000,0x000000fc05400000) (1024K)]
  0x000002f480130980 JavaThread "Finalizer"                  daemon [_thread_blocked, id=10824, stack(0x000000fc05400000,0x000000fc05500000) (1024K)]
  0x000002f480134d50 JavaThread "Signal Dispatcher"          daemon [_thread_blocked, id=14172, stack(0x000000fc05500000,0x000000fc05600000) (1024K)]
=>0x000002f4801359a0 JavaThread "Attach Listener"            daemon [_thread_in_vm, id=18388, stack(0x000000fc05600000,0x000000fc05700000) (1024K)]
  0x000002f4801365f0 JavaThread "Service Thread"             daemon [_thread_blocked, id=9152, stack(0x000000fc05700000,0x000000fc05800000) (1024K)]
  0x000002f480139050 JavaThread "Monitor Deflation Thread"   daemon [_thread_blocked, id=17368, stack(0x000000fc05800000,0x000000fc05900000) (1024K)]
  0x000002f480139e80 JavaThread "C2 CompilerThread0"         daemon [_thread_blocked, id=2068, stack(0x000000fc05900000,0x000000fc05a00000) (1024K)]
  0x000002f4801ad110 JavaThread "C1 CompilerThread0"         daemon [_thread_blocked, id=15580, stack(0x000000fc05a00000,0x000000fc05b00000) (1024K)]
  0x000002f485191020 JavaThread "Common-Cleaner"             daemon [_thread_blocked, id=11660, stack(0x000000fc05b00000,0x000000fc05c00000) (1024K)]
  0x000002f485280f60 JavaThread "Notification Thread"        daemon [_thread_blocked, id=17360, stack(0x000000fc05c00000,0x000000fc05d00000) (1024K)]
  0x000002f485a2a8a0 JavaThread "Active Thread: Equinox Container: ed9a6387-4075-47c8-89dc-ecc1637b2cbc"        [_thread_blocked, id=15668, stack(0x000000fc06000000,0x000000fc06100000) (1024K)]
  0x000002f4856193d0 JavaThread "Refresh Thread: Equinox Container: ed9a6387-4075-47c8-89dc-ecc1637b2cbc" daemon [_thread_blocked, id=14664, stack(0x000000fc06100000,0x000000fc06200000) (1024K)]
  0x000002f48017d3b0 JavaThread "Framework Event Dispatcher: Equinox Container: ed9a6387-4075-47c8-89dc-ecc1637b2cbc" daemon [_thread_blocked, id=18084, stack(0x000000fc06200000,0x000000fc06300000) (1024K)]
  0x000002f48017de20 JavaThread "Start Level: Equinox Container: ed9a6387-4075-47c8-89dc-ecc1637b2cbc" daemon [_thread_blocked, id=11504, stack(0x000000fc06300000,0x000000fc06400000) (1024K)]
  0x000002f485348a80 JavaThread "Bundle File Closer"         daemon [_thread_blocked, id=3744, stack(0x000000fc06400000,0x000000fc06500000) (1024K)]
  0x000002f48621d790 JavaThread "SCR Component Actor"        daemon [_thread_blocked, id=13800, stack(0x000000fc06500000,0x000000fc06600000) (1024K)]
  0x000002f4867105e0 JavaThread "Worker-JM"                         [_thread_blocked, id=10192, stack(0x000000fc06600000,0x000000fc06700000) (1024K)]
  0x000002f4863f06d0 JavaThread "Worker-0"                          [_thread_blocked, id=3332, stack(0x000000fc06800000,0x000000fc06900000) (1024K)]
  0x000002f48634a520 JavaThread "Java indexing"              daemon [_thread_blocked, id=12748, stack(0x000000fc06b00000,0x000000fc06c00000) (1024K)]
  0x000002f486349e90 JavaThread "JNA Cleaner"                daemon [_thread_blocked, id=14600, stack(0x000000fc06d00000,0x000000fc06e00000) (1024K)]
  0x000002f48634b8d0 JavaThread "Thread-1"                   daemon [_thread_in_native, id=15136, stack(0x000000fc07200000,0x000000fc07300000) (1024K)]
  0x000002f486349800 JavaThread "Thread-2"                   daemon [_thread_in_native, id=3808, stack(0x000000fc07300000,0x000000fc07400000) (1024K)]
  0x000002f48661d130 JavaThread "Thread-3"                   daemon [_thread_in_native, id=15600, stack(0x000000fc07400000,0x000000fc07500000) (1024K)]
  0x000002f4866212d0 JavaThread "Thread-4"                   daemon [_thread_in_native, id=1512, stack(0x000000fc07500000,0x000000fc07600000) (1024K)]
  0x000002f48661eb70 JavaThread "Thread-5"                   daemon [_thread_in_native, id=14928, stack(0x000000fc07600000,0x000000fc07700000) (1024K)]
  0x000002f486620c40 JavaThread "pool-2-thread-1"                   [_thread_blocked, id=10268, stack(0x000000fc07700000,0x000000fc07800000) (1024K)]
  0x000002f48661d7c0 JavaThread "WorkspaceEventsHandler"            [_thread_blocked, id=4872, stack(0x000000fc07800000,0x000000fc07900000) (1024K)]
  0x000002f48661b060 JavaThread "pool-1-thread-1"                   [_thread_blocked, id=10940, stack(0x000000fc07900000,0x000000fc07a00000) (1024K)]
  0x000002f48661bd80 JavaThread "Worker-9"                          [_thread_blocked, id=10292, stack(0x000000fc04e00000,0x000000fc04f00000) (1024K)]
  0x000002f48793a130 JavaThread "Cleaner-0"                  daemon [_thread_blocked, id=12300, stack(0x000000fc07b00000,0x000000fc07c00000) (1024K)]
  0x000002f48793b4e0 JavaThread "HttpClient-1-SelectorManager" daemon [_thread_in_native, id=17652, stack(0x000000fc06a00000,0x000000fc06b00000) (1024K)]
Total: 32

Other Threads:
  0x000002f48011e7f0 VMThread "VM Thread"                           [id=16276, stack(0x000000fc05200000,0x000000fc05300000) (1024K)]
  0x000002f4267b2b30 WatcherThread "VM Periodic Task Thread"        [id=14448, stack(0x000000fc05100000,0x000000fc05200000) (1024K)]
  0x000002f426631550 WorkerThread "GC Thread#0"                     [id=6600, stack(0x000000fc05000000,0x000000fc05100000) (1024K)]
  0x000002f4852e1990 WorkerThread "GC Thread#1"                     [id=16944, stack(0x000000fc05d00000,0x000000fc05e00000) (1024K)]
  0x000002f4853a6920 WorkerThread "GC Thread#2"                     [id=6696, stack(0x000000fc05e00000,0x000000fc05f00000) (1024K)]
  0x000002f4853a6cc0 WorkerThread "GC Thread#3"                     [id=10916, stack(0x000000fc05f00000,0x000000fc06000000) (1024K)]
Total: 6

Threads with active compile tasks:
Total: 0

VM state: not at safepoint (normal execution)

VM Mutex/Monitor currently owned by a thread: None

Heap address: 0x0000000080000000, size: 2048 MB, Compressed Oops mode: 32-bit

CDS archive(s) mapped at: [0x000002f43f000000-0x000002f43fba0000-0x000002f43fba0000), size 12189696, SharedBaseAddress: 0x000002f43f000000, ArchiveRelocationMode: 1.
Compressed class space mapped at: 0x000002f440000000-0x000002f480000000, reserved size: 1073741824
Narrow klass base: 0x000002f43f000000, Narrow klass shift: 0, Narrow klass range: 0x100000000

GC Precious Log:
 CardTable entry size: 512
 CPUs: 4 total, 4 available
 Memory: 8071M
 Large Page Support: Disabled
 NUMA Support: Disabled
 Compressed Oops: Enabled (32-bit)
 Alignments: Space 512K, Generation 512K, Heap 2M
 Heap Min Capacity: 100M
 Heap Initial Capacity: 100M
 Heap Max Capacity: 2G
 Pre-touch: Disabled
 Parallel Workers: 4

Heap:
 PSYoungGen      total 2560K, used 684K [0x00000000d5580000, 0x00000000d5900000, 0x0000000100000000)
  eden space 1536K, 38% used [0x00000000d5580000,0x00000000d56131a0,0x00000000d5700000)
  from space 1024K, 9% used [0x00000000d5700000,0x00000000d5718000,0x00000000d5800000)
  to   space 512K, 0% used [0x00000000d5880000,0x00000000d5880000,0x00000000d5900000)
 ParOldGen       total 568832K, used 568772K [0x0000000080000000, 0x00000000a2b80000, 0x00000000d5580000)
  object space 568832K, 99% used [0x0000000080000000,0x00000000a2b713b0,0x00000000a2b80000)
 Metaspace       used 77537K, committed 79168K, reserved 1179648K
  class space    used 8325K, committed 8960K, reserved 1048576K

Card table byte_map: [0x000002f43a420000,0x000002f43a830000] _byte_map_base: 0x000002f43a020000

Marking Bits: (ParMarkBitMap*) 0x00007ffb076c2460
 Begin Bits: [0x000002f43aae0000, 0x000002f43cae0000)
 End Bits:   [0x000002f43cae0000, 0x000002f43eae0000)

Polling page: 0x000002f4265f0000

Metaspace:

Usage:
  Non-class:     67.59 MB used.
      Class:      8.13 MB used.
       Both:     75.72 MB used.

Virtual space:
  Non-class space:      128.00 MB reserved,      68.56 MB ( 54%) committed,  2 nodes.
      Class space:        1.00 GB reserved,       8.75 MB ( <1%) committed,  1 nodes.
             Both:        1.12 GB reserved,      77.31 MB (  7%) committed. 

Chunk freelists:
   Non-Class:  11.30 MB
       Class:  7.25 MB
        Both:  18.55 MB

MaxMetaspaceSize: unlimited
CompressedClassSpaceSize: 1.00 GB
Initial GC threshold: 21.00 MB
Current GC threshold: 98.38 MB
CDS: on
 - commit_granule_bytes: 65536.
 - commit_granule_words: 8192.
 - virtual_space_node_default_size: 8388608.
 - enlarge_chunks_in_place: 1.
 - use_allocation_guard: 0.


Internal statistics:

num_allocs_failed_limit: 19.
num_arena_births: 1278.
num_arena_deaths: 22.
num_vsnodes_births: 3.
num_vsnodes_deaths: 0.
num_space_committed: 1237.
num_space_uncommitted: 0.
num_chunks_returned_to_freelist: 42.
num_chunks_taken_from_freelist: 4702.
num_chunk_merges: 22.
num_chunk_splits: 2933.
num_chunks_enlarged: 1730.
num_inconsistent_stats: 0.

CodeHeap 'non-profiled nmethods': size=120000Kb used=10184Kb max_used=10184Kb free=109815Kb
 bounds [0x000002f432d10000, 0x000002f433710000, 0x000002f43a240000]
CodeHeap 'profiled nmethods': size=120000Kb used=26399Kb max_used=26399Kb free=93601Kb
 bounds [0x000002f42b240000, 0x000002f42cc10000, 0x000002f432770000]
CodeHeap 'non-nmethods': size=5760Kb used=1510Kb max_used=1595Kb free=4249Kb
 bounds [0x000002f432770000, 0x000002f4329e0000, 0x000002f432d10000]
CodeCache: size=245760Kb, used=38093Kb, max_used=38178Kb, free=207665Kb
 total_blobs=12557, nmethods=11725, adapters=737, full_count=0
Compilation: enabled, stopped_count=0, restarted_count=0

Compilation events (20 events):
Event: 97067.072 Thread 0x000002f480139e80 12543       4       sun.nio.ch.Util$2::clear (10 bytes)
Event: 97067.122 Thread 0x000002f480139e80 nmethod 12543 0x000002f4336fc490 code [0x000002f4336fc640, 0x000002f4336fc838]
Event: 97070.084 Thread 0x000002f480139e80 12544       4       sun.nio.ch.WEPollSelectorImpl::processEvents (152 bytes)
Event: 97070.110 Thread 0x000002f480139e80 nmethod 12544 0x000002f4336fc990 code [0x000002f4336fcb20, 0x000002f4336fcbd0]
Event: 97452.271 Thread 0x000002f480139e80 12545       4       sun.nio.ch.SelectorImpl::select (35 bytes)
Event: 97452.570 Thread 0x000002f480139e80 nmethod 12545 0x000002f4336fcc90 code [0x000002f4336fcf20, 0x000002f4336fe470]
Event: 97931.632 Thread 0x000002f4801ad110 12546       3       org.eclipse.core.internal.jobs.DeadlockDetector::lockReleased (273 bytes)
Event: 97931.733 Thread 0x000002f4801ad110 nmethod 12546 0x000002f42cc03e10 code [0x000002f42cc041c0, 0x000002f42cc05b08]
Event: 98323.115 Thread 0x000002f480139e80 12547       4       java.util.concurrent.ScheduledThreadPoolExecutor$ScheduledFutureTask::getDelay (16 bytes)
Event: 98323.122 Thread 0x000002f480139e80 nmethod 12547 0x000002f4336ff210 code [0x000002f4336ff3c0, 0x000002f4336ff558]
Event: 98437.066 Thread 0x000002f4801ad110 12548       3       java.util.stream.Collectors$$Lambda/0x000002f4400cf490::accept (14 bytes)
Event: 98437.067 Thread 0x000002f4801ad110 nmethod 12548 0x000002f42cc06390 code [0x000002f42cc06540, 0x000002f42cc06810]
Event: 98437.230 Thread 0x000002f4801ad110 12549       3       lombok.patcher.Symbols::hasSymbol (28 bytes)
Event: 98437.246 Thread 0x000002f4801ad110 nmethod 12549 0x000002f42cc06910 code [0x000002f42cc06b00, 0x000002f42cc07128]
Event: 98683.773 Thread 0x000002f480139e80 12550   !   4       java.util.concurrent.locks.AbstractQueuedSynchronizer::acquire (424 bytes)
Event: 98683.875 Thread 0x000002f480139e80 nmethod 12550 0x000002f4336ff710 code [0x000002f4336ff960, 0x000002f433700648]
Event: 98831.660 Thread 0x000002f480139e80 12551       4       sun.security.provider.DigestBase::engineUpdate (176 bytes)
Event: 98831.668 Thread 0x000002f4801ad110 12552   !   3       org.eclipse.core.internal.jobs.LockManager::addLockThread (53 bytes)
Event: 98831.679 Thread 0x000002f4801ad110 nmethod 12552 0x000002f42cc07310 code [0x000002f42cc07520, 0x000002f42cc07988]
Event: 98831.774 Thread 0x000002f480139e80 nmethod 12551 0x000002f433700f10 code [0x000002f433701140, 0x000002f433701b58]

GC Heap History (20 events):
Event: 1549.652 GC heap before
{Heap before GC invocations=479 (full 3):
 PSYoungGen      total 2048K, used 1997K [0x00000000d5580000, 0x00000000d5980000, 0x0000000100000000)
  eden space 1536K, 100% used [0x00000000d5580000,0x00000000d5700000,0x00000000d5700000)
  from space 512K, 90% used [0x00000000d5700000,0x00000000d57735d0,0x00000000d5780000)
  to   space 1024K, 0% used [0x00000000d5880000,0x00000000d5880000,0x00000000d5980000)
 ParOldGen       total 562688K, used 562518K [0x0000000080000000, 0x00000000a2580000, 0x00000000d5580000)
  object space 562688K, 99% used [0x0000000080000000,0x00000000a2555898,0x00000000a2580000)
 Metaspace       used 77348K, committed 78976K, reserved 1179648K
  class space    used 8321K, committed 8960K, reserved 1048576K
}
Event: 1549.657 GC heap after
{Heap after GC invocations=479 (full 3):
 PSYoungGen      total 2048K, used 480K [0x00000000d5580000, 0x00000000d5900000, 0x0000000100000000)
  eden space 1536K, 0% used [0x00000000d5580000,0x00000000d5580000,0x00000000d5700000)
  from space 512K, 93% used [0x00000000d5880000,0x00000000d58f8000,0x00000000d5900000)
  to   space 512K, 0% used [0x00000000d5700000,0x00000000d5700000,0x00000000d5780000)
 ParOldGen       total 563200K, used 562891K [0x0000000080000000, 0x00000000a2600000, 0x00000000d5580000)
  object space 563200K, 99% used [0x0000000080000000,0x00000000a25b2f00,0x00000000a2600000)
 Metaspace       used 77348K, committed 78976K, reserved 1179648K
  class space    used 8321K, committed 8960K, reserved 1048576K
}
Event: 1549.672 GC heap before
{Heap before GC invocations=480 (full 3):
 PSYoungGen      total 2048K, used 2016K [0x00000000d5580000, 0x00000000d5900000, 0x0000000100000000)
  eden space 1536K, 100% used [0x00000000d5580000,0x00000000d5700000,0x00000000d5700000)
  from space 512K, 93% used [0x00000000d5880000,0x00000000d58f8000,0x00000000d5900000)
  to   space 512K, 0% used [0x00000000d5700000,0x00000000d5700000,0x00000000d5780000)
 ParOldGen       total 563200K, used 562891K [0x0000000080000000, 0x00000000a2600000, 0x00000000d5580000)
  object space 563200K, 99% used [0x0000000080000000,0x00000000a25b2f00,0x00000000a2600000)
 Metaspace       used 77348K, committed 78976K, reserved 1179648K
  class space    used 8321K, committed 8960K, reserved 1048576K
}
Event: 1549.676 GC heap after
{Heap after GC invocations=480 (full 3):
 PSYoungGen      total 2048K, used 512K [0x00000000d5580000, 0x00000000d5900000, 0x0000000100000000)
  eden space 1536K, 0% used [0x00000000d5580000,0x00000000d5580000,0x00000000d5700000)
  from space 512K, 100% used [0x00000000d5700000,0x00000000d5780000,0x00000000d5780000)
  to   space 1024K, 0% used [0x00000000d5800000,0x00000000d5800000,0x00000000d5900000)
 ParOldGen       total 563712K, used 563363K [0x0000000080000000, 0x00000000a2680000, 0x00000000d5580000)
  object space 563712K, 99% used [0x0000000080000000,0x00000000a2628f00,0x00000000a2680000)
 Metaspace       used 77348K, committed 78976K, reserved 1179648K
  class space    used 8321K, committed 8960K, reserved 1048576K
}
Event: 1549.687 GC heap before
{Heap before GC invocations=481 (full 3):
 PSYoungGen      total 2048K, used 2048K [0x00000000d5580000, 0x00000000d5900000, 0x0000000100000000)
  eden space 1536K, 100% used [0x00000000d5580000,0x00000000d5700000,0x00000000d5700000)
  from space 512K, 100% used [0x00000000d5700000,0x00000000d5780000,0x00000000d5780000)
  to   space 1024K, 0% used [0x00000000d5800000,0x00000000d5800000,0x00000000d5900000)
 ParOldGen       total 563712K, used 563363K [0x0000000080000000, 0x00000000a2680000, 0x00000000d5580000)
  object space 563712K, 99% used [0x0000000080000000,0x00000000a2628f00,0x00000000a2680000)
 Metaspace       used 77348K, committed 78976K, reserved 1179648K
  class space    used 8321K, committed 8960K, reserved 1048576K
}
Event: 1549.690 GC heap after
{Heap after GC invocations=481 (full 3):
 PSYoungGen      total 2560K, used 544K [0x00000000d5580000, 0x00000000d5900000, 0x0000000100000000)
  eden space 1536K, 0% used [0x00000000d5580000,0x00000000d5580000,0x00000000d5700000)
  from space 1024K, 53% used [0x00000000d5800000,0x00000000d5888010,0x00000000d5900000)
  to   space 1024K, 0% used [0x00000000d5700000,0x00000000d5700000,0x00000000d5800000)
 ParOldGen       total 564224K, used 563835K [0x0000000080000000, 0x00000000a2700000, 0x00000000d5580000)
  object space 564224K, 99% used [0x0000000080000000,0x00000000a269ef00,0x00000000a2700000)
 Metaspace       used 77348K, committed 78976K, reserved 1179648K
  class space    used 8321K, committed 8960K, reserved 1048576K
}
Event: 1549.707 GC heap before
{Heap before GC invocations=482 (full 3):
 PSYoungGen      total 2560K, used 2077K [0x00000000d5580000, 0x00000000d5900000, 0x0000000100000000)
  eden space 1536K, 99% used [0x00000000d5580000,0x00000000d56ff668,0x00000000d5700000)
  from space 1024K, 53% used [0x00000000d5800000,0x00000000d5888010,0x00000000d5900000)
  to   space 1024K, 0% used [0x00000000d5700000,0x00000000d5700000,0x00000000d5800000)
 ParOldGen       total 564224K, used 563835K [0x0000000080000000, 0x00000000a2700000, 0x00000000d5580000)
  object space 564224K, 99% used [0x0000000080000000,0x00000000a269ef00,0x00000000a2700000)
 Metaspace       used 77353K, committed 78976K, reserved 1179648K
  class space    used 8322K, committed 8960K, reserved 1048576K
}
Event: 1549.711 GC heap after
{Heap after GC invocations=482 (full 3):
 PSYoungGen      total 2560K, used 527K [0x00000000d5580000, 0x00000000d5900000, 0x0000000100000000)
  eden space 1536K, 0% used [0x00000000d5580000,0x00000000d5580000,0x00000000d5700000)
  from space 1024K, 51% used [0x00000000d5700000,0x00000000d5783cd8,0x00000000d5800000)
  to   space 1024K, 0% used [0x00000000d5800000,0x00000000d5800000,0x00000000d5900000)
 ParOldGen       total 564736K, used 564323K [0x0000000080000000, 0x00000000a2780000, 0x00000000d5580000)
  object space 564736K, 99% used [0x0000000080000000,0x00000000a2718f10,0x00000000a2780000)
 Metaspace       used 77353K, committed 78976K, reserved 1179648K
  class space    used 8322K, committed 8960K, reserved 1048576K
}
Event: 1549.775 GC heap before
{Heap before GC invocations=483 (full 3):
 PSYoungGen      total 2560K, used 2063K [0x00000000d5580000, 0x00000000d5900000, 0x0000000100000000)
  eden space 1536K, 100% used [0x00000000d5580000,0x00000000d5700000,0x00000000d5700000)
  from space 1024K, 51% used [0x00000000d5700000,0x00000000d5783cd8,0x00000000d5800000)
  to   space 1024K, 0% used [0x00000000d5800000,0x00000000d5800000,0x00000000d5900000)
 ParOldGen       total 564736K, used 564323K [0x0000000080000000, 0x00000000a2780000, 0x00000000d5580000)
  object space 564736K, 99% used [0x0000000080000000,0x00000000a2718f10,0x00000000a2780000)
 Metaspace       used 77407K, committed 79040K, reserved 1179648K
  class space    used 8324K, committed 8960K, reserved 1048576K
}
Event: 1549.780 GC heap after
{Heap after GC invocations=483 (full 3):
 PSYoungGen      total 2048K, used 320K [0x00000000d5580000, 0x00000000d5880000, 0x0000000100000000)
  eden space 1536K, 0% used [0x00000000d5580000,0x00000000d5580000,0x00000000d5700000)
  from space 512K, 62% used [0x00000000d5800000,0x00000000d5850010,0x00000000d5880000)
  to   space 512K, 0% used [0x00000000d5780000,0x00000000d5780000,0x00000000d5800000)
 ParOldGen       total 565248K, used 564763K [0x0000000080000000, 0x00000000a2800000, 0x00000000d5580000)
  object space 565248K, 99% used [0x0000000080000000,0x00000000a2786f10,0x00000000a2800000)
 Metaspace       used 77407K, committed 79040K, reserved 1179648K
  class space    used 8324K, committed 8960K, reserved 1048576K
}
Event: 1549.792 GC heap before
{Heap before GC invocations=484 (full 3):
 PSYoungGen      total 2048K, used 1856K [0x00000000d5580000, 0x00000000d5880000, 0x0000000100000000)
  eden space 1536K, 100% used [0x00000000d5580000,0x00000000d5700000,0x00000000d5700000)
  from space 512K, 62% used [0x00000000d5800000,0x00000000d5850010,0x00000000d5880000)
  to   space 512K, 0% used [0x00000000d5780000,0x00000000d5780000,0x00000000d5800000)
 ParOldGen       total 565248K, used 564763K [0x0000000080000000, 0x00000000a2800000, 0x00000000d5580000)
  object space 565248K, 99% used [0x0000000080000000,0x00000000a2786f10,0x00000000a2800000)
 Metaspace       used 77407K, committed 79040K, reserved 1179648K
  class space    used 8324K, committed 8960K, reserved 1048576K
}
Event: 1549.797 GC heap after
{Heap after GC invocations=484 (full 3):
 PSYoungGen      total 2048K, used 492K [0x00000000d5580000, 0x00000000d5b00000, 0x0000000100000000)
  eden space 1536K, 0% used [0x00000000d5580000,0x00000000d5580000,0x00000000d5700000)
  from space 512K, 96% used [0x00000000d5780000,0x00000000d57fb010,0x00000000d5800000)
  to   space 2048K, 0% used [0x00000000d5900000,0x00000000d5900000,0x00000000d5b00000)
 ParOldGen       total 566272K, used 565992K [0x0000000080000000, 0x00000000a2900000, 0x00000000d5580000)
  object space 566272K, 99% used [0x0000000080000000,0x00000000a28ba3a0,0x00000000a2900000)
 Metaspace       used 77407K, committed 79040K, reserved 1179648K
  class space    used 8324K, committed 8960K, reserved 1048576K
}
Event: 1549.809 GC heap before
{Heap before GC invocations=485 (full 3):
 PSYoungGen      total 2048K, used 2028K [0x00000000d5580000, 0x00000000d5b00000, 0x0000000100000000)
  eden space 1536K, 100% used [0x00000000d5580000,0x00000000d5700000,0x00000000d5700000)
  from space 512K, 96% used [0x00000000d5780000,0x00000000d57fb010,0x00000000d5800000)
  to   space 2048K, 0% used [0x00000000d5900000,0x00000000d5900000,0x00000000d5b00000)
 ParOldGen       total 566272K, used 565992K [0x0000000080000000, 0x00000000a2900000, 0x00000000d5580000)
  object space 566272K, 99% used [0x0000000080000000,0x00000000a28ba3a0,0x00000000a2900000)
 Metaspace       used 77407K, committed 79040K, reserved 1179648K
  class space    used 8324K, committed 8960K, reserved 1048576K
}
Event: 1549.814 GC heap after
{Heap after GC invocations=485 (full 3):
 PSYoungGen      total 3584K, used 1536K [0x00000000d5580000, 0x00000000d5b00000, 0x0000000100000000)
  eden space 1536K, 0% used [0x00000000d5580000,0x00000000d5580000,0x00000000d5700000)
  from space 2048K, 75% used [0x00000000d5900000,0x00000000d5a80000,0x00000000d5b00000)
  to   space 2048K, 0% used [0x00000000d5700000,0x00000000d5700000,0x00000000d5900000)
 ParOldGen       total 566784K, used 566500K [0x0000000080000000, 0x00000000a2980000, 0x00000000d5580000)
  object space 566784K, 99% used [0x0000000080000000,0x00000000a29393b0,0x00000000a2980000)
 Metaspace       used 77407K, committed 79040K, reserved 1179648K
  class space    used 8324K, committed 8960K, reserved 1048576K
}
Event: 31923.404 GC heap before
{Heap before GC invocations=486 (full 3):
 PSYoungGen      total 3584K, used 3071K [0x00000000d5580000, 0x00000000d5b00000, 0x0000000100000000)
  eden space 1536K, 99% used [0x00000000d5580000,0x00000000d56fffe8,0x00000000d5700000)
  from space 2048K, 75% used [0x00000000d5900000,0x00000000d5a80000,0x00000000d5b00000)
  to   space 2048K, 0% used [0x00000000d5700000,0x00000000d5700000,0x00000000d5900000)
 ParOldGen       total 566784K, used 566500K [0x0000000080000000, 0x00000000a2980000, 0x00000000d5580000)
  object space 566784K, 99% used [0x0000000080000000,0x00000000a29393b0,0x00000000a2980000)
 Metaspace       used 77470K, committed 79040K, reserved 1179648K
  class space    used 8324K, committed 8960K, reserved 1048576K
}
Event: 31923.885 GC heap after
{Heap after GC invocations=486 (full 3):
 PSYoungGen      total 2560K, used 736K [0x00000000d5580000, 0x00000000d5a00000, 0x0000000100000000)
  eden space 1536K, 0% used [0x00000000d5580000,0x00000000d5580000,0x00000000d5700000)
  from space 1024K, 71% used [0x00000000d5700000,0x00000000d57b8000,0x00000000d5800000)
  to   space 1536K, 0% used [0x00000000d5880000,0x00000000d5880000,0x00000000d5a00000)
 ParOldGen       total 568320K, used 568028K [0x0000000080000000, 0x00000000a2b00000, 0x00000000d5580000)
  object space 568320K, 99% used [0x0000000080000000,0x00000000a2ab73b0,0x00000000a2b00000)
 Metaspace       used 77470K, committed 79040K, reserved 1179648K
  class space    used 8324K, committed 8960K, reserved 1048576K
}
Event: 89555.147 GC heap before
{Heap before GC invocations=487 (full 3):
 PSYoungGen      total 2560K, used 2271K [0x00000000d5580000, 0x00000000d5a00000, 0x0000000100000000)
  eden space 1536K, 99% used [0x00000000d5580000,0x00000000d56fffe0,0x00000000d5700000)
  from space 1024K, 71% used [0x00000000d5700000,0x00000000d57b8000,0x00000000d5800000)
  to   space 1536K, 0% used [0x00000000d5880000,0x00000000d5880000,0x00000000d5a00000)
 ParOldGen       total 568320K, used 568028K [0x0000000080000000, 0x00000000a2b00000, 0x00000000d5580000)
  object space 568320K, 99% used [0x0000000080000000,0x00000000a2ab73b0,0x00000000a2b00000)
 Metaspace       used 77492K, committed 79040K, reserved 1179648K
  class space    used 8325K, committed 8960K, reserved 1048576K
}
Event: 89555.656 GC heap after
{Heap after GC invocations=487 (full 3):
 PSYoungGen      total 2048K, used 304K [0x00000000d5580000, 0x00000000d5900000, 0x0000000100000000)
  eden space 1536K, 0% used [0x00000000d5580000,0x00000000d5580000,0x00000000d5700000)
  from space 512K, 59% used [0x00000000d5880000,0x00000000d58cc030,0x00000000d5900000)
  to   space 1024K, 0% used [0x00000000d5700000,0x00000000d5700000,0x00000000d5800000)
 ParOldGen       total 568832K, used 568740K [0x0000000080000000, 0x00000000a2b80000, 0x00000000d5580000)
  object space 568832K, 99% used [0x0000000080000000,0x00000000a2b693b0,0x00000000a2b80000)
 Metaspace       used 77492K, committed 79040K, reserved 1179648K
  class space    used 8325K, committed 8960K, reserved 1048576K
}
Event: 94027.918 GC heap before
{Heap before GC invocations=488 (full 3):
 PSYoungGen      total 2048K, used 1840K [0x00000000d5580000, 0x00000000d5900000, 0x0000000100000000)
  eden space 1536K, 99% used [0x00000000d5580000,0x00000000d56fffe8,0x00000000d5700000)
  from space 512K, 59% used [0x00000000d5880000,0x00000000d58cc030,0x00000000d5900000)
  to   space 1024K, 0% used [0x00000000d5700000,0x00000000d5700000,0x00000000d5800000)
 ParOldGen       total 568832K, used 568740K [0x0000000080000000, 0x00000000a2b80000, 0x00000000d5580000)
  object space 568832K, 99% used [0x0000000080000000,0x00000000a2b693b0,0x00000000a2b80000)
 Metaspace       used 77533K, committed 79168K, reserved 1179648K
  class space    used 8325K, committed 8960K, reserved 1048576K
}
Event: 94028.557 GC heap after
{Heap after GC invocations=488 (full 3):
 PSYoungGen      total 2560K, used 96K [0x00000000d5580000, 0x00000000d5900000, 0x0000000100000000)
  eden space 1536K, 0% used [0x00000000d5580000,0x00000000d5580000,0x00000000d5700000)
  from space 1024K, 9% used [0x00000000d5700000,0x00000000d5718000,0x00000000d5800000)
  to   space 512K, 0% used [0x00000000d5880000,0x00000000d5880000,0x00000000d5900000)
 ParOldGen       total 568832K, used 568772K [0x0000000080000000, 0x00000000a2b80000, 0x00000000d5580000)
  object space 568832K, 99% used [0x0000000080000000,0x00000000a2b713b0,0x00000000a2b80000)
 Metaspace       used 77533K, committed 79168K, reserved 1179648K
  class space    used 8325K, committed 8960K, reserved 1048576K
}

Dll operation events (14 events):
Event: 0.016 Loaded shared library c:\Users\pro\.vscode\extensions\redhat.java-1.50.0-win32-x64\jre\21.0.9-win32-x86_64\bin\java.dll
Event: 0.270 Loaded shared library c:\Users\pro\.vscode\extensions\redhat.java-1.50.0-win32-x64\jre\21.0.9-win32-x86_64\bin\zip.dll
Event: 0.363 Loaded shared library C:\Users\pro\.vscode\extensions\redhat.java-1.50.0-win32-x64\jre\21.0.9-win32-x86_64\bin\instrument.dll
Event: 0.373 Loaded shared library C:\Users\pro\.vscode\extensions\redhat.java-1.50.0-win32-x64\jre\21.0.9-win32-x86_64\bin\net.dll
Event: 0.377 Loaded shared library C:\Users\pro\.vscode\extensions\redhat.java-1.50.0-win32-x64\jre\21.0.9-win32-x86_64\bin\nio.dll
Event: 0.385 Loaded shared library C:\Users\pro\.vscode\extensions\redhat.java-1.50.0-win32-x64\jre\21.0.9-win32-x86_64\bin\zip.dll
Event: 0.504 Loaded shared library C:\Users\pro\.vscode\extensions\redhat.java-1.50.0-win32-x64\jre\21.0.9-win32-x86_64\bin\jimage.dll
Event: 0.940 Loaded shared library c:\Users\pro\.vscode\extensions\redhat.java-1.50.0-win32-x64\jre\21.0.9-win32-x86_64\bin\verify.dll
Event: 20.401 Loaded shared library C:\Users\pro\AppData\Roaming\Code\User\globalStorage\redhat.java\1.50.0\config_win\org.eclipse.equinox.launcher\org.eclipse.equinox.launcher.win32.win32.x86_64_1.2.1400.v20250801-0854\eclipse_11916.dll
Event: 46.587 Loaded shared library C:\Users\pro\.vscode\extensions\redhat.java-1.50.0-win32-x64\jre\21.0.9-win32-x86_64\bin\management.dll
Event: 46.596 Loaded shared library C:\Users\pro\.vscode\extensions\redhat.java-1.50.0-win32-x64\jre\21.0.9-win32-x86_64\bin\management_ext.dll
Event: 49.823 Loaded shared library C:\Users\pro\AppData\Local\Temp\jna-111277\jna3595899349180178199.dll
Event: 51.318 Loaded shared library C:\Users\pro\.vscode\extensions\redhat.java-1.50.0-win32-x64\jre\21.0.9-win32-x86_64\bin\sunmscapi.dll
Event: 51.764 Loaded shared library C:\Users\pro\.vscode\extensions\redhat.java-1.50.0-win32-x64\jre\21.0.9-win32-x86_64\bin\extnet.dll

Deoptimization events (20 events):
Event: 1549.765 Thread 0x000002f487938d80 DEOPT PACKING pc=0x000002f4336be260 sp=0x000000fc069fe7b0
Event: 1549.765 Thread 0x000002f487938d80 DEOPT UNPACKING pc=0x000002f4327c3aa2 sp=0x000000fc069fe730 mode 2
Event: 1549.818 Thread 0x000002f487938d80 DEOPT PACKING pc=0x000002f42c5d82ed sp=0x000000fc069fdc80
Event: 1549.818 Thread 0x000002f487938d80 DEOPT UNPACKING pc=0x000002f4327c4242 sp=0x000000fc069fd1f8 mode 0
Event: 89554.473 Thread 0x000002f4879379d0 Uncommon trap: trap_request=0xffffff45 fr.pc=0x000002f4334d5020 relative=0x0000000000000a00
Event: 89554.475 Thread 0x000002f4879379d0 Uncommon trap: reason=unstable_if action=reinterpret pc=0x000002f4334d5020 method=org.eclipse.core.internal.watson.ElementTree.getElementData(Lorg/eclipse/core/runtime/IPath;)Ljava/lang/Object; @ 29 c2
Event: 89554.475 Thread 0x000002f4879379d0 DEOPT PACKING pc=0x000002f4334d5020 sp=0x000000fc04dfe930
Event: 89554.476 Thread 0x000002f4879379d0 DEOPT UNPACKING pc=0x000002f4327c3aa2 sp=0x000000fc04dfe888 mode 2
Event: 89554.480 Thread 0x000002f48793ae50 Uncommon trap: trap_request=0xffffff45 fr.pc=0x000002f43335add0 relative=0x0000000000000290
Event: 89554.481 Thread 0x000002f48793ae50 Uncommon trap: reason=unstable_if action=reinterpret pc=0x000002f43335add0 method=org.eclipse.core.internal.watson.ElementTree.getElementData(Lorg/eclipse/core/runtime/IPath;)Ljava/lang/Object; @ 29 c2
Event: 89554.481 Thread 0x000002f48793ae50 DEOPT PACKING pc=0x000002f43335add0 sp=0x000000fc067fea90
Event: 89554.481 Thread 0x000002f48793ae50 DEOPT UNPACKING pc=0x000002f4327c3aa2 sp=0x000000fc067fea48 mode 2
Event: 89554.481 Thread 0x000002f4879379d0 Uncommon trap: trap_request=0xffffff45 fr.pc=0x000002f43335add0 relative=0x0000000000000290
Event: 89554.481 Thread 0x000002f4879379d0 Uncommon trap: reason=unstable_if action=reinterpret pc=0x000002f43335add0 method=org.eclipse.core.internal.watson.ElementTree.getElementData(Lorg/eclipse/core/runtime/IPath;)Ljava/lang/Object; @ 29 c2
Event: 89554.481 Thread 0x000002f4879379d0 DEOPT PACKING pc=0x000002f43335add0 sp=0x000000fc04dfeb50
Event: 89554.481 Thread 0x000002f4879379d0 DEOPT UNPACKING pc=0x000002f4327c3aa2 sp=0x000000fc04dfeb08 mode 2
Event: 89555.660 Thread 0x000002f48661bd80 Uncommon trap: trap_request=0xffffff45 fr.pc=0x000002f4330835a4 relative=0x0000000000000084
Event: 89555.660 Thread 0x000002f48661bd80 Uncommon trap: reason=unstable_if action=reinterpret pc=0x000002f4330835a4 method=java.util.Arrays.equals([C[C)Z @ 8 c2
Event: 89555.660 Thread 0x000002f48661bd80 DEOPT PACKING pc=0x000002f4330835a4 sp=0x000000fc04efdb10
Event: 89555.660 Thread 0x000002f48661bd80 DEOPT UNPACKING pc=0x000002f4327c3aa2 sp=0x000000fc04efda98 mode 2

Classes loaded (20 events):
Event: 1545.099 Loading class java/nio/BufferMismatch
Event: 1545.100 Loading class java/nio/BufferMismatch done
Event: 1545.101 Loading class sun/nio/ch/SourceChannelImpl
Event: 1545.101 Loading class java/nio/channels/Pipe$SourceChannel
Event: 1545.101 Loading class java/nio/channels/Pipe$SourceChannel done
Event: 1545.101 Loading class sun/nio/ch/SourceChannelImpl done
Event: 1545.101 Loading class sun/nio/ch/SinkChannelImpl
Event: 1545.101 Loading class java/nio/channels/Pipe$SinkChannel
Event: 1545.101 Loading class java/nio/channels/Pipe$SinkChannel done
Event: 1545.101 Loading class sun/nio/ch/SinkChannelImpl done
Event: 1545.128 Loading class java/nio/channels/spi/AbstractSelector$1
Event: 1545.135 Loading class java/nio/channels/spi/AbstractSelector$1 done
Event: 1549.285 Loading class java/nio/file/attribute/PosixFileAttributes
Event: 1549.286 Loading class java/nio/file/attribute/PosixFileAttributes done
Event: 1549.339 Loading class java/nio/file/attribute/PosixFileAttributeView
Event: 1549.339 Loading class java/nio/file/attribute/PosixFileAttributeView done
Event: 1549.431 Loading class java/nio/file/DirectoryIteratorException
Event: 1549.431 Loading class java/nio/file/DirectoryIteratorException done
Event: 1549.596 Loading class java/nio/file/FileTreeIterator
Event: 1549.598 Loading class java/nio/file/FileTreeIterator done

Classes unloaded (11 events):
Event: 47.954 Thread 0x000002f48011e7f0 Unloading class 0x000002f4401a9400 'java/lang/invoke/LambdaForm$MH+0x000002f4401a9400'
Event: 47.954 Thread 0x000002f48011e7f0 Unloading class 0x000002f4401a9000 'java/lang/invoke/LambdaForm$MH+0x000002f4401a9000'
Event: 47.954 Thread 0x000002f48011e7f0 Unloading class 0x000002f4401a8c00 'java/lang/invoke/LambdaForm$MH+0x000002f4401a8c00'
Event: 47.954 Thread 0x000002f48011e7f0 Unloading class 0x000002f4401a8800 'java/lang/invoke/LambdaForm$MH+0x000002f4401a8800'
Event: 47.954 Thread 0x000002f48011e7f0 Unloading class 0x000002f4401a8400 'java/lang/invoke/LambdaForm$BMH+0x000002f4401a8400'
Event: 47.954 Thread 0x000002f48011e7f0 Unloading class 0x000002f4401a8000 'java/lang/invoke/LambdaForm$DMH+0x000002f4401a8000'
Event: 47.954 Thread 0x000002f48011e7f0 Unloading class 0x000002f4401a6c00 'java/lang/invoke/LambdaForm$DMH+0x000002f4401a6c00'
Event: 50.467 Thread 0x000002f48011e7f0 Unloading class 0x000002f4402e1800 'java/lang/invoke/LambdaForm$MH+0x000002f4402e1800'
Event: 50.467 Thread 0x000002f48011e7f0 Unloading class 0x000002f4402e0c00 'java/lang/invoke/LambdaForm$MH+0x000002f4402e0c00'
Event: 50.467 Thread 0x000002f48011e7f0 Unloading class 0x000002f4402e0400 'java/lang/invoke/LambdaForm$DMH+0x000002f4402e0400'
Event: 70.111 Thread 0x000002f48011e7f0 Unloading class 0x000002f440670800 'java/lang/invoke/LambdaForm$DMH+0x000002f440670800'

Classes redefined (0 events):
No events

Internal exceptions (20 events):
Event: 1453.432 Thread 0x000002f48793b4e0 Exception <a 'java/lang/NullPointerException'{0x00000000d56bd5e0}> (0x00000000d56bd5e0) 
thrown [s\src\hotspot\share\interpreter\linkResolver.cpp, line 1372]
Event: 1453.435 Thread 0x000002f48793b4e0 Exception <a 'java/lang/NullPointerException'{0x00000000d56be4d0}> (0x00000000d56be4d0) 
thrown [s\src\hotspot\share\interpreter\linkResolver.cpp, line 1372]
Event: 1453.969 Thread 0x000002f4863f06d0 Exception <a 'java/lang/NullPointerException'{0x00000000d55bf9e8}> (0x00000000d55bf9e8) 
thrown [s\src\hotspot\share\interpreter\linkResolver.cpp, line 1372]
Event: 1453.970 Thread 0x000002f4863f06d0 Exception <a 'java/lang/NullPointerException'{0x00000000d55c07e8}> (0x00000000d55c07e8) 
thrown [s\src\hotspot\share\interpreter\linkResolver.cpp, line 1372]
Event: 1453.986 Thread 0x000002f4863f06d0 Exception <a 'java/lang/NullPointerException'{0x00000000d5658f40}> (0x00000000d5658f40) 
thrown [s\src\hotspot\share\interpreter\linkResolver.cpp, line 1372]
Event: 1453.987 Thread 0x000002f4863f06d0 Exception <a 'java/lang/NullPointerException'{0x00000000d5659d10}> (0x00000000d5659d10) 
thrown [s\src\hotspot\share\interpreter\linkResolver.cpp, line 1372]
Event: 1454.349 Thread 0x000002f48793b4e0 Exception <a 'java/lang/ArrayIndexOutOfBoundsException'{0x00000000d56de578}> (0x00000000d56de578) 
thrown [s\src\hotspot\share\runtime\sharedRuntime.cpp, line 625]
Event: 1544.778 Thread 0x000002f48793bb70 Exception <a 'java/lang/NullPointerException'{0x00000000d5596bb8}> (0x00000000d5596bb8) 
thrown [s\src\hotspot\share\interpreter\linkResolver.cpp, line 1372]
Event: 1545.004 Thread 0x000002f48793bb70 Exception <a 'java/lang/NoSuchMethodError'{0x00000000d5792770}: 'java.lang.Object java.lang.invoke.DirectMethodHandle$Holder.invokeStaticInit(java.lang.Object, java.lang.Object, int)'> (0x00000000d5792770) 
thrown [s\src\hotspot\share\interpreter\linkResolver.cpp, line 773]
Event: 1545.105 Thread 0x000002f487938d80 Exception <a 'java/lang/NullPointerException'{0x00000000d5719370}> (0x00000000d5719370) 
thrown [s\src\hotspot\share\interpreter\linkResolver.cpp, line 1372]
Event: 1545.138 Thread 0x000002f48793bb70 Exception <a 'java/lang/NoSuchMethodError'{0x00000000d558d780}: 'void java.lang.invoke.DirectMethodHandle$Holder.invokeStatic(java.lang.Object, java.lang.Object, java.lang.Object, java.lang.Object, java.lang.Object, java.lang.Object, java.lang.Object)'> (0x00000000d558d780) 
thrown [s\src\hotspot\share\interpreter\linkResolver.cpp, line 773]
Event: 1545.255 Thread 0x000002f487938d80 Exception <a 'java/lang/NullPointerException'{0x00000000d562e420}> (0x00000000d562e420) 
thrown [s\src\hotspot\share\interpreter\linkResolver.cpp, line 1372]
Event: 1549.701 Thread 0x000002f487938d80 Exception <a 'java/lang/NullPointerException'{0x00000000d56e9b08}> (0x00000000d56e9b08) 
thrown [s\src\hotspot\share\interpreter\linkResolver.cpp, line 1372]
Event: 1549.701 Thread 0x000002f487938d80 Exception <a 'java/lang/NullPointerException'{0x00000000d56ea918}> (0x00000000d56ea918) 
thrown [s\src\hotspot\share\interpreter\linkResolver.cpp, line 1372]
Event: 89554.620 Thread 0x000002f48793ae50 Exception <a 'java/lang/ArrayIndexOutOfBoundsException'{0x00000000d567c650}> (0x00000000d567c650) 
thrown [s\src\hotspot\share\runtime\sharedRuntime.cpp, line 625]
Event: 89555.660 Thread 0x000002f48661bd80 Implicit null exception at 0x000002f433083557 to 0x000002f433083593
Event: 89555.687 Thread 0x000002f48661bd80 Exception <a 'java/lang/NullPointerException'{0x00000000d5588958}> (0x00000000d5588958) 
thrown [s\src\hotspot\share\interpreter\linkResolver.cpp, line 1372]
Event: 89555.688 Thread 0x000002f48661bd80 Exception <a 'java/lang/NullPointerException'{0x00000000d55896f8}> (0x00000000d55896f8) 
thrown [s\src\hotspot\share\interpreter\linkResolver.cpp, line 1372]
Event: 89555.803 Thread 0x000002f48661bd80 Exception <a 'java/lang/NullPointerException'{0x00000000d562c980}> (0x00000000d562c980) 
thrown [s\src\hotspot\share\interpreter\linkResolver.cpp, line 1372]
Event: 89555.806 Thread 0x000002f48661bd80 Exception <a 'java/lang/NullPointerException'{0x00000000d562d720}> (0x00000000d562d720) 
thrown [s\src\hotspot\share\interpreter\linkResolver.cpp, line 1372]

ZGC Phase Switch (0 events):
No events

VM Operations (20 events):
Event: 98570.346 Executing VM operation: HandshakeAllThreads (HandshakeForDeflation)
Event: 98570.346 Executing VM operation: HandshakeAllThreads (HandshakeForDeflation) done
Event: 98570.346 Executing VM operation: RendezvousGCThreads
Event: 98570.346 Executing VM operation: RendezvousGCThreads done
Event: 98871.011 Executing VM operation: HandshakeAllThreads (HandshakeForDeflation)
Event: 98871.011 Executing VM operation: HandshakeAllThreads (HandshakeForDeflation) done
Event: 98871.015 Executing VM operation: RendezvousGCThreads
Event: 98871.015 Executing VM operation: RendezvousGCThreads done
Event: 98931.055 Executing VM operation: HandshakeAllThreads (HandshakeForDeflation)
Event: 98931.055 Executing VM operation: HandshakeAllThreads (HandshakeForDeflation) done
Event: 98931.055 Executing VM operation: RendezvousGCThreads
Event: 98931.055 Executing VM operation: RendezvousGCThreads done
Event: 98991.275 Executing VM operation: HandshakeAllThreads (HandshakeForDeflation)
Event: 98991.275 Executing VM operation: HandshakeAllThreads (HandshakeForDeflation) done
Event: 98991.275 Executing VM operation: RendezvousGCThreads
Event: 98991.275 Executing VM operation: RendezvousGCThreads done
Event: 99111.514 Executing VM operation: HandshakeAllThreads (HandshakeForDeflation)
Event: 99111.518 Executing VM operation: HandshakeAllThreads (HandshakeForDeflation) done
Event: 99111.518 Executing VM operation: RendezvousGCThreads
Event: 99111.518 Executing VM operation: RendezvousGCThreads done

Memory protections (0 events):
No events

Nmethod flushes (20 events):
Event: 70.142 Thread 0x000002f48011e7f0 flushing  nmethod 0x000002f42bafef10
Event: 70.142 Thread 0x000002f48011e7f0 flushing  nmethod 0x000002f42bafff10
Event: 70.142 Thread 0x000002f48011e7f0 flushing  nmethod 0x000002f42bb00390
Event: 70.142 Thread 0x000002f48011e7f0 flushing  nmethod 0x000002f42bb01810
Event: 70.142 Thread 0x000002f48011e7f0 flushing  nmethod 0x000002f42bb01c10
Event: 70.142 Thread 0x000002f48011e7f0 flushing  nmethod 0x000002f42bb02090
Event: 70.142 Thread 0x000002f48011e7f0 flushing  nmethod 0x000002f42bb09210
Event: 70.142 Thread 0x000002f48011e7f0 flushing  nmethod 0x000002f42bb09610
Event: 70.142 Thread 0x000002f48011e7f0 flushing  nmethod 0x000002f42bb09f10
Event: 70.142 Thread 0x000002f48011e7f0 flushing  nmethod 0x000002f42bb0a490
Event: 70.142 Thread 0x000002f48011e7f0 flushing  nmethod 0x000002f42bb11390
Event: 70.142 Thread 0x000002f48011e7f0 flushing  nmethod 0x000002f42bb11d10
Event: 70.142 Thread 0x000002f48011e7f0 flushing  nmethod 0x000002f42bb12b90
Event: 70.142 Thread 0x000002f48011e7f0 flushing  nmethod 0x000002f42bb15410
Event: 70.142 Thread 0x000002f48011e7f0 flushing  nmethod 0x000002f42bb30290
Event: 70.142 Thread 0x000002f48011e7f0 flushing  nmethod 0x000002f42bb37f90
Event: 70.142 Thread 0x000002f48011e7f0 flushing  nmethod 0x000002f42bb71f90
Event: 70.142 Thread 0x000002f48011e7f0 flushing  nmethod 0x000002f42bb74990
Event: 70.142 Thread 0x000002f48011e7f0 flushing  nmethod 0x000002f42bb76390
Event: 70.142 Thread 0x000002f48011e7f0 flushing  nmethod 0x000002f42bb8b790

Events (20 events):
Event: 1520.480 Thread 0x000002f48793b4e0 Thread exited: 0x000002f48793b4e0
Event: 1544.966 Thread 0x000002f4801ad110 Thread added: 0x000002f487dd95a0
Event: 1545.107 Thread 0x000002f48793bb70 Thread added: 0x000002f48793b4e0
Event: 1545.122 Thread 0x000002f487938d80 Thread added: 0x000002f487937340
Event: 1545.134 Thread 0x000002f487937340 Thread exited: 0x000002f487937340
Event: 1549.171 Thread 0x000002f487dd95a0 Thread exited: 0x000002f487dd95a0
Event: 1549.180 Thread 0x000002f48793bb70 Thread added: 0x000002f48793c200
Event: 1549.382 Thread 0x000002f480139e80 Thread added: 0x000002f487dd95a0
Event: 1555.049 Thread 0x000002f487dd95a0 Thread exited: 0x000002f487dd95a0
Event: 1609.846 Thread 0x000002f487938d80 Thread exited: 0x000002f487938d80
Event: 1724.956 Thread 0x000002f48793c200 Thread exited: 0x000002f48793c200
Event: 1784.958 Thread 0x000002f48793bb70 Thread exited: 0x000002f48793bb70
Event: 89554.327 Thread 0x000002f48661b060 Thread added: 0x000002f4879379d0
Event: 89554.375 Thread 0x000002f48661b060 Thread added: 0x000002f48793ae50
Event: 89554.383 Thread 0x000002f48661b060 Thread added: 0x000002f487937340
Event: 89614.844 Thread 0x000002f487937340 Thread exited: 0x000002f487937340
Event: 89674.856 Thread 0x000002f48793ae50 Thread exited: 0x000002f48793ae50
Event: 89734.861 Thread 0x000002f4879379d0 Thread exited: 0x000002f4879379d0
Event: 98436.993 Thread 0x000002f48661b060 Thread added: 0x000002f48793c200
Event: 98497.295 Thread 0x000002f48793c200 Thread exited: 0x000002f48793c200


Dynamic libraries:
0x00007ff6b5630000 - 0x00007ff6b563e000 	c:\Users\pro\.vscode\extensions\redhat.java-1.50.0-win32-x64\jre\21.0.9-win32-x86_64\bin\java.exe
0x00007ffbb3730000 - 0x00007ffbb3928000 	C:\Windows\SYSTEM32\ntdll.dll
0x00007ffbb3620000 - 0x00007ffbb36e2000 	C:\Windows\System32\KERNEL32.DLL
0x00007ffbb0e70000 - 0x00007ffbb1166000 	C:\Windows\System32\KERNELBASE.dll
0x00007ffbb1380000 - 0x00007ffbb1480000 	C:\Windows\System32\ucrtbase.dll
0x00007ffbab380000 - 0x00007ffbab398000 	c:\Users\pro\.vscode\extensions\redhat.java-1.50.0-win32-x64\jre\21.0.9-win32-x86_64\bin\jli.dll
0x00007ffbb2090000 - 0x00007ffbb2231000 	C:\Windows\System32\USER32.dll
0x00007ffbb0dc0000 - 0x00007ffbb0de2000 	C:\Windows\System32\win32u.dll
0x00007ffbb2620000 - 0x00007ffbb264b000 	C:\Windows\System32\GDI32.dll
0x00007ffbb14b0000 - 0x00007ffbb15c9000 	C:\Windows\System32\gdi32full.dll
0x00007ffbb15d0000 - 0x00007ffbb166d000 	C:\Windows\System32\msvcp_win.dll
0x00007ffbab360000 - 0x00007ffbab37e000 	c:\Users\pro\.vscode\extensions\redhat.java-1.50.0-win32-x64\jre\21.0.9-win32-x86_64\bin\VCRUNTIME140.dll
0x00007ffb94130000 - 0x00007ffb943cb000 	C:\Windows\WinSxS\amd64_microsoft.windows.common-controls_6595b64144ccf1df_6.0.19041.6456_none_60b8a6cb71f64256\COMCTL32.dll
0x00007ffbb1ff0000 - 0x00007ffbb208e000 	C:\Windows\System32\msvcrt.dll
0x00007ffbb2440000 - 0x00007ffbb246f000 	C:\Windows\System32\IMM32.DLL
0x00007ffbad3f0000 - 0x00007ffbad3fc000 	c:\Users\pro\.vscode\extensions\redhat.java-1.50.0-win32-x64\jre\21.0.9-win32-x86_64\bin\vcruntime140_1.dll
0x00007ffbab2d0000 - 0x00007ffbab35d000 	c:\Users\pro\.vscode\extensions\redhat.java-1.50.0-win32-x64\jre\21.0.9-win32-x86_64\bin\msvcp140.dll
0x00007ffb06a00000 - 0x00007ffb077a0000 	c:\Users\pro\.vscode\extensions\redhat.java-1.50.0-win32-x64\jre\21.0.9-win32-x86_64\bin\server\jvm.dll
0x00007ffbb3560000 - 0x00007ffbb3611000 	C:\Windows\System32\ADVAPI32.dll
0x00007ffbb2710000 - 0x00007ffbb27af000 	C:\Windows\System32\sechost.dll
0x00007ffbb2470000 - 0x00007ffbb2590000 	C:\Windows\System32\RPCRT4.dll
0x00007ffbb1480000 - 0x00007ffbb14a7000 	C:\Windows\System32\bcrypt.dll
0x00007ffbb3050000 - 0x00007ffbb30bb000 	C:\Windows\System32\WS2_32.dll
0x00007ffbb0b70000 - 0x00007ffbb0bbb000 	C:\Windows\SYSTEM32\POWRPROF.dll
0x00007ffb98430000 - 0x00007ffb98457000 	C:\Windows\SYSTEM32\WINMM.dll
0x00007ffbab440000 - 0x00007ffbab44a000 	C:\Windows\SYSTEM32\VERSION.dll
0x00007ffbb0b50000 - 0x00007ffbb0b62000 	C:\Windows\SYSTEM32\UMPDC.dll
0x00007ffbaf5d0000 - 0x00007ffbaf5e2000 	C:\Windows\SYSTEM32\kernel.appcore.dll
0x00007ffbab2c0000 - 0x00007ffbab2ca000 	c:\Users\pro\.vscode\extensions\redhat.java-1.50.0-win32-x64\jre\21.0.9-win32-x86_64\bin\jimage.dll
0x00007ffbaebe0000 - 0x00007ffbaede1000 	C:\Windows\SYSTEM32\DBGHELP.DLL
0x00007ffba9f20000 - 0x00007ffba9f54000 	C:\Windows\SYSTEM32\dbgcore.DLL
0x00007ffbb1670000 - 0x00007ffbb16f2000 	C:\Windows\System32\bcryptPrimitives.dll
0x00007ffbab2b0000 - 0x00007ffbab2bf000 	c:\Users\pro\.vscode\extensions\redhat.java-1.50.0-win32-x64\jre\21.0.9-win32-x86_64\bin\instrument.dll
0x00007ffbab290000 - 0x00007ffbab2b0000 	c:\Users\pro\.vscode\extensions\redhat.java-1.50.0-win32-x64\jre\21.0.9-win32-x86_64\bin\java.dll
0x00007ffbb27b0000 - 0x00007ffbb2f20000 	C:\Windows\System32\SHELL32.dll
0x00007ffbaee10000 - 0x00007ffbaf5b5000 	C:\Windows\SYSTEM32\windows.storage.dll
0x00007ffbb1820000 - 0x00007ffbb1b74000 	C:\Windows\System32\combase.dll
0x00007ffbb0710000 - 0x00007ffbb073b000 	C:\Windows\SYSTEM32\Wldp.dll
0x00007ffbb3160000 - 0x00007ffbb322d000 	C:\Windows\System32\OLEAUT32.dll
0x00007ffbb1750000 - 0x00007ffbb17fd000 	C:\Windows\System32\SHCORE.dll
0x00007ffbb2650000 - 0x00007ffbb26ab000 	C:\Windows\System32\shlwapi.dll
0x00007ffbb0cf0000 - 0x00007ffbb0d14000 	C:\Windows\SYSTEM32\profapi.dll
0x00007ffbaab90000 - 0x00007ffbaaba8000 	c:\Users\pro\.vscode\extensions\redhat.java-1.50.0-win32-x64\jre\21.0.9-win32-x86_64\bin\zip.dll
0x00007ffbab210000 - 0x00007ffbab220000 	C:\Users\pro\.vscode\extensions\redhat.java-1.50.0-win32-x64\jre\21.0.9-win32-x86_64\bin\net.dll
0x00007ffba6e80000 - 0x00007ffba6f8a000 	C:\Windows\SYSTEM32\WINHTTP.dll
0x00007ffbb0470000 - 0x00007ffbb04da000 	C:\Windows\system32\mswsock.dll
0x00007ffbaab70000 - 0x00007ffbaab86000 	C:\Users\pro\.vscode\extensions\redhat.java-1.50.0-win32-x64\jre\21.0.9-win32-x86_64\bin\nio.dll
0x00007ffbaab50000 - 0x00007ffbaab60000 	c:\Users\pro\.vscode\extensions\redhat.java-1.50.0-win32-x64\jre\21.0.9-win32-x86_64\bin\verify.dll
0x00007ffb873b0000 - 0x00007ffb873f4000 	C:\Users\pro\AppData\Roaming\Code\User\globalStorage\redhat.java\1.50.0\config_win\org.eclipse.equinox.launcher\org.eclipse.equinox.launcher.win32.win32.x86_64_1.2.1400.v20250801-0854\eclipse_11916.dll
0x00007ffbb2f20000 - 0x00007ffbb304b000 	C:\Windows\System32\ole32.dll
0x00007ffbaacb0000 - 0x00007ffbaacba000 	C:\Users\pro\.vscode\extensions\redhat.java-1.50.0-win32-x64\jre\21.0.9-win32-x86_64\bin\management.dll
0x00007ffbaab60000 - 0x00007ffbaab6c000 	C:\Users\pro\.vscode\extensions\redhat.java-1.50.0-win32-x64\jre\21.0.9-win32-x86_64\bin\management_ext.dll
0x00007ffbb3550000 - 0x00007ffbb3558000 	C:\Windows\System32\PSAPI.DLL
0x00007ffbb0660000 - 0x00007ffbb0678000 	C:\Windows\SYSTEM32\CRYPTSP.dll
0x00007ffbafd90000 - 0x00007ffbafdc8000 	C:\Windows\system32\rsaenh.dll
0x00007ffbb0c70000 - 0x00007ffbb0c9e000 	C:\Windows\SYSTEM32\USERENV.dll
0x00007ffbb0680000 - 0x00007ffbb068c000 	C:\Windows\SYSTEM32\CRYPTBASE.dll
0x00007ffbb0150000 - 0x00007ffbb018b000 	C:\Windows\SYSTEM32\IPHLPAPI.DLL
0x00007ffbb3150000 - 0x00007ffbb3158000 	C:\Windows\System32\NSI.dll
0x00007ffb89210000 - 0x00007ffb89259000 	C:\Users\pro\AppData\Local\Temp\jna-111277\jna3595899349180178199.dll
0x00007ffba9aa0000 - 0x00007ffba9ab7000 	C:\Windows\SYSTEM32\dhcpcsvc6.DLL
0x00007ffba99d0000 - 0x00007ffba99ed000 	C:\Windows\SYSTEM32\dhcpcsvc.DLL
0x00007ffbaa030000 - 0x00007ffbaa03e000 	C:\Users\pro\.vscode\extensions\redhat.java-1.50.0-win32-x64\jre\21.0.9-win32-x86_64\bin\sunmscapi.dll
0x00007ffbb1220000 - 0x00007ffbb137d000 	C:\Windows\System32\CRYPT32.dll
0x00007ffbb0780000 - 0x00007ffbb07a7000 	C:\Windows\SYSTEM32\ncrypt.dll
0x00007ffbb0740000 - 0x00007ffbb077b000 	C:\Windows\SYSTEM32\NTASN1.dll
0x00007ffbb0190000 - 0x00007ffbb025a000 	C:\Windows\SYSTEM32\DNSAPI.dll
0x00007ffb9be20000 - 0x00007ffb9be2a000 	C:\Windows\System32\rasadhlp.dll
0x00007ffb9db90000 - 0x00007ffb9dc10000 	C:\Windows\System32\fwpuclnt.dll
0x00007ffba84e0000 - 0x00007ffba84e9000 	C:\Users\pro\.vscode\extensions\redhat.java-1.50.0-win32-x64\jre\21.0.9-win32-x86_64\bin\extnet.dll
0x00007ffb3dd10000 - 0x00007ffb3dd17000 	C:\Windows\system32\wshunix.dll

JVMTI agents:
c:\Users\pro\.vscode\extensions\redhat.java-1.50.0-win32-x64\lombok\lombok-1.18.39-4050.jar path:c:\Users\pro\.vscode\extensions\redhat.java-1.50.0-win32-x64\jre\21.0.9-win32-x86_64\bin\instrument.dll, loaded, initialized, instrumentlib options:none

dbghelp: loaded successfully - version: 4.0.5 - missing functions: none
symbol engine: initialized successfully - sym options: 0x614 - pdb path: .;c:\Users\pro\.vscode\extensions\redhat.java-1.50.0-win32-x64\jre\21.0.9-win32-x86_64\bin;C:\Windows\SYSTEM32;C:\Windows\WinSxS\amd64_microsoft.windows.common-controls_6595b64144ccf1df_6.0.19041.6456_none_60b8a6cb71f64256;c:\Users\pro\.vscode\extensions\redhat.java-1.50.0-win32-x64\jre\21.0.9-win32-x86_64\bin\server;C:\Users\pro\AppData\Roaming\Code\User\globalStorage\redhat.java\1.50.0\config_win\org.eclipse.equinox.launcher\org.eclipse.equinox.launcher.win32.win32.x86_64_1.2.1400.v20250801-0854;C:\Users\pro\AppData\Local\Temp\jna-111277

VM Arguments:
jvm_args: --add-modules=ALL-SYSTEM --add-opens=java.base/java.util=ALL-UNNAMED --add-opens=java.base/java.lang=ALL-UNNAMED --add-opens=java.base/sun.nio.fs=ALL-UNNAMED -Declipse.application=org.eclipse.jdt.ls.core.id1 -Dosgi.bundles.defaultStartLevel=4 -Declipse.product=org.eclipse.jdt.ls.core.product -Djava.import.generatesMetadataFilesAtProjectRoot=false -DDetectVMInstallationsJob.disabled=true -Dfile.encoding=utf8 -XX:+UseParallelGC -XX:GCTimeRatio=4 -XX:AdaptiveSizePolicyWeight=90 -Dsun.zip.disableMemoryMapping=true -Xmx2G -Xms100m -Xlog:disable -javaagent:c:\Users\pro\.vscode\extensions\redhat.java-1.50.0-win32-x64\lombok\lombok-1.18.39-4050.jar -XX:+HeapDumpOnOutOfMemoryError -XX:HeapDumpPath=c:\Users\pro\AppData\Roaming\Code\User\workspaceStorage\756e0cee23e77af012490c1e865624d6\redhat.java -Daether.dependencyCollector.impl=bf 
java_command: c:\Users\pro\.vscode\extensions\redhat.java-1.50.0-win32-x64\server\plugins\org.eclipse.equinox.launcher_1.7.100.v20251111-0406.jar -configuration c:\Users\pro\AppData\Roaming\Code\User\globalStorage\redhat.java\1.50.0\config_win -data c:\Users\pro\AppData\Roaming\Code\User\workspaceStorage\756e0cee23e77af012490c1e865624d6\redhat.java\jdt_ws --pipe=\\.\pipe\lsp-410ecb848a458128ed2a4cf321b2a2d6-sock
java_class_path (initial): c:\Users\pro\.vscode\extensions\redhat.java-1.50.0-win32-x64\server\plugins\org.eclipse.equinox.launcher_1.7.100.v20251111-0406.jar
Launcher Type: SUN_STANDARD

[Global flags]
    uintx AdaptiveSizePolicyWeight                 = 90                                        {product} {command line}
     intx CICompilerCount                          = 3                                         {product} {ergonomic}
    uintx GCTimeRatio                              = 4                                         {product} {command line}
     bool HeapDumpOnOutOfMemoryError               = true                                   {manageable} {command line}
    ccstr HeapDumpPath                             = c:\Users\pro\AppData\Roaming\Code\User\workspaceStorage\756e0cee23e77af012490c1e865624d6\redhat.java         {manageable} {command line}
   size_t InitialHeapSize                          = 104857600                                 {product} {command line}
   size_t MaxHeapSize                              = 2147483648                                {product} {command line}
   size_t MaxNewSize                               = 715653120                                 {product} {ergonomic}
   size_t MinHeapDeltaBytes                        = 524288                                    {product} {ergonomic}
   size_t MinHeapSize                              = 104857600                                 {product} {command line}
   size_t NewSize                                  = 34603008                                  {product} {ergonomic}
    uintx NonNMethodCodeHeapSize                   = 5832780                                {pd product} {ergonomic}
    uintx NonProfiledCodeHeapSize                  = 122912730                              {pd product} {ergonomic}
   size_t OldSize                                  = 70254592                                  {product} {ergonomic}
    uintx ProfiledCodeHeapSize                     = 122912730                              {pd product} {ergonomic}
    uintx ReservedCodeCacheSize                    = 251658240                              {pd product} {ergonomic}
     bool SegmentedCodeCache                       = true                                      {product} {ergonomic}
   size_t SoftMaxHeapSize                          = 2147483648                             {manageable} {ergonomic}
     bool UseCompressedOops                        = true                           {product lp64_product} {ergonomic}
     bool UseLargePagesIndividualAllocation        = false                                  {pd product} {ergonomic}
     bool UseParallelGC                            = true                                      {product} {command line}

Logging:
Log output configuration:
 #0: stdout all=off uptime,level,tags foldmultilines=false
 #1: stderr all=off uptime,level,tags foldmultilines=false

Release file:
JAVA_VERSION="21.0.9" 
MODULES="java.base java.compiler java.datatransfer java.xml java.prefs java.desktop java.instrument java.logging java.management java.security.sasl java.naming java.rmi java.management.rmi java.net.http java.scripting java.security.jgss java.transaction.xa java.sql java.sql.rowset java.xml.crypto java.se java.smartcardio jdk.accessibility jdk.internal.jvmstat jdk.attach jdk.charsets jdk.internal.opt jdk.zipfs jdk.compiler jdk.crypto.ec jdk.crypto.cryptoki jdk.crypto.mscapi jdk.dynalink jdk.internal.ed jdk.editpad jdk.hotspot.agent jdk.httpserver jdk.internal.le jdk.internal.vm.ci jdk.internal.vm.compiler jdk.internal.vm.compiler.management jdk.jartool jdk.javadoc jdk.jcmd jdk.management jdk.management.agent jdk.jconsole jdk.jdeps jdk.jdwp.agent jdk.jdi jdk.jfr jdk.jshell jdk.jsobject jdk.jstatd jdk.localedata jdk.management.jfr jdk.naming.dns jdk.naming.rmi jdk.net jdk.nio.mapmode jdk.random jdk.sctp jdk.security.auth jdk.security.jgss jdk.unsupported jdk.unsupported.desktop jdk.xml.dom" 

Environment Variables:
JAVA_HOME=C:\Program Files\Java\jdk-24
PATH=C:\Program Files\Common Files\Oracle\Java\javapath;D:\ORACLE\app\oracle\product\11.2.0\server\bin;C:\Program Files (x86)\Common Files\Intel\Shared Libraries\redist\intel64_win\compiler;C:\Windows\system32;C:\Windows;C:\Windows\System32\Wbem;C:\Windows\System32\WindowsPowerShell\v1.0\;C:\Windows\System32\OpenSSH\;C:\Program Files\Microsoft SQL Server\120\Tools\Binn\;C:\Program Files\Common Files\Autodesk Shared\;C:\Program Files (x86)\QuickTime\QTSystem\;C:\Program Files (x86)\Microsoft SQL Server\160\Tools\Binn\;C:\Program Files\Microsoft SQL Server\160\Tools\Binn\;C:\Program Files\Microsoft SQL Server\Client SDK\ODBC\170\Tools\Binn\;C:\Program Files\Microsoft SQL Server\160\DTS\Binn\;C:\Program Files\Azure Data Studio\bin;C:\Program Files\MySQL\MySQL Server 8.0\bin;C:\Program Files\MySQL\MySQL Server 8.0\bin;C:\Program Files\Microsoft SQL Server\150\Tools\Binn\;C:\Program Files\Java\jdk-24\bin;C:\Users\pro\AppData\Local\Android\Sdk\platform-tools;C:\Users\pro\AppData\Local\Android\Sdk;C:\Program Files\nodejs\;C:\Program Files\PowerShell\7\;C:\Program Files\Git\cmd;C:\Program Files\Apache\Maven\apache-maven-3.9.11\bin;C:\Program Files\apache-maven-3.9.11\bin;C:\Program Files\Java\jdk-24.0.1\bin;C:\Program Files\Java\jdk-24.0.1;C:\Program Files\Docker\Docker\resources\bin;C:\Program Files\Apache\Maven\apache-maven-3.9.11;C:\Program Files\Java\jdk-24\bin;C:\Users\pro\AppData\Local\Microsoft\WindowsApps;C:\Users\pro\AppData\Local\Programs\Microsoft VS Code\bin;C:\Program Files\Azure Data Studio\bin;C:\Program Files\gnuplot\bin;C:\ProgramData\Microsoft\Windows\Start Menu\Programs\gnuplot;C:\Users\pro\AppData\Local\Android\Sdk;C:\Users\pro\AppData\Local\Android\Sdk\platform-tools;C:\Users\pro\AppData\Roaming\npm;C:\Program Files\JetBrains\IntelliJ IDEA 2025.3.1\bin
USERNAME=pro
OS=Windows_NT
PROCESSOR_IDENTIFIER=Intel64 Family 6 Model 78 Stepping 3, GenuineIntel
TMP=C:\Users\pro\AppData\Local\Temp
TEMP=C:\Users\pro\AppData\Local\Temp




Periodic native trim disabled

---------------  S Y S T E M  ---------------

OS:
 Windows 10 , 64 bit Build 19041 (10.0.19041.5915)
OS uptime: 1 days 15:49 hours

CPU: total 4 (initial active 4) (2 cores per cpu, 2 threads per core) family 6 model 78 stepping 3 microcode 0xcc, cx8, cmov, fxsr, ht, mmx, 3dnowpref, sse, sse2, sse3, ssse3, sse4.1, sse4.2, popcnt, lzcnt, tsc, tscinvbit, avx, avx2, aes, erms, clmul, bmi1, bmi2, rtm, adx, fma, vzeroupper, clflush, clflushopt, rdtscp, f16c
Processor Information for the first 4 processors :
  Max Mhz: 2496, Current Mhz: 2396, Mhz Limit: 2396

Memory: 4k page, system-wide physical 8071M (667M free)
TotalPageFile size 20108M (AvailPageFile size 0M)
current process WorkingSet (physical memory assigned to process): 24M, peak: 666M
current process commit charge ("private bytes"): 855M, peak: 857M

vm_info: OpenJDK 64-Bit Server VM (21.0.9+10-LTS) for windows-amd64 JRE (21.0.9+10-LTS), built on 2025-10-21T00:00:00Z by "admin" with unknown MS VC++:1942

END.
