#
# There is insufficient memory for the Java Runtime Environment to continue.
# Native memory allocation (malloc) failed to allocate 32744 bytes. Error detail: Chunk::new
# Possible reasons:
#   The system is out of physical RAM or swap space
#   This process is running with CompressedOops enabled, and the Java Heap may be blocking the growth of the native heap
# Possible solutions:
#   Reduce memory load on the system
#   Increase physical memory or swap space
#   Check if swap backing store is full
#   Decrease Java heap size (-Xmx/-Xms)
#   Decrease number of Java threads
#   Decrease Java thread stack sizes (-Xss)
#   Set larger code cache with -XX:ReservedCodeCacheSize=
#   JVM is running with Unscaled Compressed Oops mode in which the Java heap is
#     placed in the first 4GB address space. The Java Heap base address is the
#     maximum limit for the native heap growth. Please use -XX:HeapBaseMinAddress
#     to set the Java Heap base and to place the Java Heap above 4GB virtual address.
# This output file may be truncated or incomplete.
#
#  Out of Memory Error (arena.cpp:168), pid=13096, tid=18868
#
# JRE version: OpenJDK Runtime Environment Temurin-21.0.9+10 (21.0.9+10) (build 21.0.9+10-LTS)
# Java VM: OpenJDK 64-Bit Server VM Temurin-21.0.9+10 (21.0.9+10-LTS, mixed mode, sharing, tiered, compressed oops, compressed class ptrs, parallel gc, windows-amd64)
# No core dump will be written. Minidumps are not enabled by default on client versions of Windows
#

---------------  S U M M A R Y ------------

Command Line: --add-modules=ALL-SYSTEM --add-opens=java.base/java.util=ALL-UNNAMED --add-opens=java.base/java.lang=ALL-UNNAMED --add-opens=java.base/sun.nio.fs=ALL-UNNAMED -Declipse.application=org.eclipse.jdt.ls.core.id1 -Dosgi.bundles.defaultStartLevel=4 -Declipse.product=org.eclipse.jdt.ls.core.product -Djava.import.generatesMetadataFilesAtProjectRoot=false -DDetectVMInstallationsJob.disabled=true -Dfile.encoding=utf8 -XX:+UseParallelGC -XX:GCTimeRatio=4 -XX:AdaptiveSizePolicyWeight=90 -Dsun.zip.disableMemoryMapping=true -Xmx2G -Xms100m -Xlog:disable -javaagent:c:\Users\pro\.vscode\extensions\redhat.java-1.51.0-win32-x64\lombok\lombok-1.18.39-4050.jar -XX:+HeapDumpOnOutOfMemoryError -XX:HeapDumpPath=c:\Users\pro\AppData\Roaming\Code\User\workspaceStorage\e427e57f16c5a76f6a953322ff738556\redhat.java -Daether.dependencyCollector.impl=bf c:\Users\pro\.vscode\extensions\redhat.java-1.51.0-win32-x64\server\plugins\org.eclipse.equinox.launcher_1.7.100.v20251111-0406.jar -configuration c:\Users\pro\AppData\Roaming\Code\User\globalStorage\redhat.java\1.51.0\config_win -data c:\Users\pro\AppData\Roaming\Code\User\workspaceStorage\e427e57f16c5a76f6a953322ff738556\redhat.java\jdt_ws --pipe=\\.\pipe\lsp-1c0e6c57592db413de2fd12fb8299e13-sock

Host: Intel(R) Core(TM) i5-6300U CPU @ 2.40GHz, 4 cores, 7G,  Windows 10 , 64 bit Build 19041 (10.0.19041.5915)
Time: Wed Jan  7 15:31:41 2026 elapsed time: 0.498994 seconds (0d 0h 0m 0s)

---------------  T H R E A D  ---------------

Current thread (0x000001f19af3c080):  JavaThread "C1 CompilerThread0" daemon [_thread_in_native, id=18868, stack(0x0000002c30400000,0x0000002c30500000) (1024K)]


Current CompileTask:
C1:499  197       3       java.lang.StringLatin1::indexOf (37 bytes)

Stack: [0x0000002c30400000,0x0000002c30500000]
Native frames: (J=compiled Java code, j=interpreted, Vv=VM code, C=native code)
V  [jvm.dll+0x6d6e29]
V  [jvm.dll+0x8b4b76]
V  [jvm.dll+0x8b712e]
V  [jvm.dll+0x8b7813]
V  [jvm.dll+0x283d86]
V  [jvm.dll+0xc66ed]
V  [jvm.dll+0xc6c31]
V  [jvm.dll+0x197a05]
V  [jvm.dll+0x19a854]
V  [jvm.dll+0x19c694]
V  [jvm.dll+0x157375]
V  [jvm.dll+0x156c17]
V  [jvm.dll+0x156e44]
V  [jvm.dll+0x15625c]
V  [jvm.dll+0x157fed]
V  [jvm.dll+0x25b29d]
V  [jvm.dll+0x25982a]
V  [jvm.dll+0x3f7ea6]
V  [jvm.dll+0x85e9ad]
V  [jvm.dll+0x6d565d]
C  [ucrtbase.dll+0x21bb2]
C  [KERNEL32.DLL+0x17374]
C  [ntdll.dll+0x4cc91]


---------------  P R O C E S S  ---------------

Threads class SMR info:
_java_thread_list=0x000001f1dcc35890, length=10, elements={
0x000001f1844d96d0, 0x000001f19aebcf80, 0x000001f19aec05d0, 0x000001f19aec3230,
0x000001f19aec3e80, 0x000001f19aec4ad0, 0x000001f19aec7530, 0x000001f19aec8400,
0x000001f19af3c080, 0x000001f1dcc98d90
}

Java Threads: ( => current thread )
  0x000001f1844d96d0 JavaThread "main"                              [_thread_in_Java, id=9748, stack(0x0000002c2f900000,0x0000002c2fa00000) (1024K)]
  0x000001f19aebcf80 JavaThread "Reference Handler"          daemon [_thread_blocked, id=11048, stack(0x0000002c2fd00000,0x0000002c2fe00000) (1024K)]
  0x000001f19aec05d0 JavaThread "Finalizer"                  daemon [_thread_blocked, id=19104, stack(0x0000002c2fe00000,0x0000002c2ff00000) (1024K)]
  0x000001f19aec3230 JavaThread "Signal Dispatcher"          daemon [_thread_blocked, id=12868, stack(0x0000002c2ff00000,0x0000002c30000000) (1024K)]
  0x000001f19aec3e80 JavaThread "Attach Listener"            daemon [_thread_blocked, id=17532, stack(0x0000002c30000000,0x0000002c30100000) (1024K)]
  0x000001f19aec4ad0 JavaThread "Service Thread"             daemon [_thread_blocked, id=13836, stack(0x0000002c30100000,0x0000002c30200000) (1024K)]
  0x000001f19aec7530 JavaThread "Monitor Deflation Thread"   daemon [_thread_blocked, id=20180, stack(0x0000002c30200000,0x0000002c30300000) (1024K)]
  0x000001f19aec8400 JavaThread "C2 CompilerThread0"         daemon [_thread_blocked, id=7944, stack(0x0000002c30300000,0x0000002c30400000) (1024K)]
=>0x000001f19af3c080 JavaThread "C1 CompilerThread0"         daemon [_thread_in_native, id=18868, stack(0x0000002c30400000,0x0000002c30500000) (1024K)]
  0x000001f1dcc98d90 JavaThread "Common-Cleaner"             daemon [_thread_blocked, id=11104, stack(0x0000002c30500000,0x0000002c30600000) (1024K)]
Total: 10

Other Threads:
  0x000001f18228ec20 VMThread "VM Thread"                           [id=20720, stack(0x0000002c2fc00000,0x0000002c2fd00000) (1024K)]
  0x000001f184542790 WatcherThread "VM Periodic Task Thread"        [id=15068, stack(0x0000002c2fb00000,0x0000002c2fc00000) (1024K)]
  0x000001f1844f81a0 WorkerThread "GC Thread#0"                     [id=16596, stack(0x0000002c2fa00000,0x0000002c2fb00000) (1024K)]
Total: 3

Threads with active compile tasks:
C1 CompilerThread0  565  197       3       java.lang.StringLatin1::indexOf (37 bytes)
Total: 1

VM state: not at safepoint (normal execution)

VM Mutex/Monitor currently owned by a thread: None

Heap address: 0x0000000080000000, size: 2048 MB, Compressed Oops mode: 32-bit

CDS archive(s) mapped at: [0x000001f19b000000-0x000001f19bba0000-0x000001f19bba0000), size 12189696, SharedBaseAddress: 0x000001f19b000000, ArchiveRelocationMode: 1.
Compressed class space mapped at: 0x000001f19c000000-0x000001f1dc000000, reserved size: 1073741824
Narrow klass base: 0x000001f19b000000, Narrow klass shift: 0, Narrow klass range: 0x100000000

GC Precious Log:
 CardTable entry size: 512
 CPUs: 4 total, 4 available
 Memory: 8071M
 Large Page Support: Disabled
 NUMA Support: Disabled
 Compressed Oops: Enabled (32-bit)
 Alignments: Space 512K, Generation 512K, Heap 2M
 Heap Min Capacity: 100M
 Heap Initial Capacity: 100M
 Heap Max Capacity: 2G
 Pre-touch: Disabled
 Parallel Workers: 4

Heap:
 PSYoungGen      total 29696K, used 3584K [0x00000000d5580000, 0x00000000d7680000, 0x0000000100000000)
  eden space 25600K, 14% used [0x00000000d5580000,0x00000000d5900220,0x00000000d6e80000)
  from space 4096K, 0% used [0x00000000d7280000,0x00000000d7280000,0x00000000d7680000)
  to   space 4096K, 0% used [0x00000000d6e80000,0x00000000d6e80000,0x00000000d7280000)
 ParOldGen       total 68608K, used 0K [0x0000000080000000, 0x0000000084300000, 0x00000000d5580000)
  object space 68608K, 0% used [0x0000000080000000,0x0000000080000000,0x0000000084300000)
 Metaspace       used 338K, committed 512K, reserved 1114112K
  class space    used 20K, committed 128K, reserved 1048576K

Card table byte_map: [0x000001f183e90000,0x000001f1842a0000] _byte_map_base: 0x000001f183a90000

Marking Bits: (ParMarkBitMap*) 0x00007ffb124b2460
 Begin Bits: [0x000001f196990000, 0x000001f198990000)
 End Bits:   [0x000001f198990000, 0x000001f19a990000)

Polling page: 0x000001f1823a0000

Metaspace:

Usage:
  Non-class:    317.93 KB used.
      Class:     20.56 KB used.
       Both:    338.49 KB used.

Virtual space:
  Non-class space:       64.00 MB reserved,     384.00 KB ( <1%) committed,  1 nodes.
      Class space:        1.00 GB reserved,     128.00 KB ( <1%) committed,  1 nodes.
             Both:        1.06 GB reserved,     512.00 KB ( <1%) committed. 

Chunk freelists:
   Non-Class:  11.99 MB
       Class:  15.75 MB
        Both:  27.74 MB

MaxMetaspaceSize: unlimited
CompressedClassSpaceSize: 1.00 GB
Initial GC threshold: 21.00 MB
Current GC threshold: 21.00 MB
CDS: on
 - commit_granule_bytes: 65536.
 - commit_granule_words: 8192.
 - virtual_space_node_default_size: 8388608.
 - enlarge_chunks_in_place: 1.
 - use_allocation_guard: 0.


Internal statistics:

num_allocs_failed_limit: 0.
num_arena_births: 8.
num_arena_deaths: 0.
num_vsnodes_births: 2.
num_vsnodes_deaths: 0.
num_space_committed: 8.
num_space_uncommitted: 0.
num_chunks_returned_to_freelist: 0.
num_chunks_taken_from_freelist: 9.
num_chunk_merges: 0.
num_chunk_splits: 6.
num_chunks_enlarged: 3.
num_inconsistent_stats: 0.

CodeHeap 'non-profiled nmethods': size=120000Kb used=68Kb max_used=68Kb free=119932Kb
 bounds [0x000001f18f1b0000, 0x000001f18f420000, 0x000001f1966e0000]
CodeHeap 'profiled nmethods': size=120000Kb used=214Kb max_used=214Kb free=119786Kb
 bounds [0x000001f1876e0000, 0x000001f187950000, 0x000001f18ec10000]
CodeHeap 'non-nmethods': size=5760Kb used=1141Kb max_used=1141Kb free=4618Kb
 bounds [0x000001f18ec10000, 0x000001f18ee80000, 0x000001f18f1b0000]
CodeCache: size=245760Kb, used=1423Kb, max_used=1423Kb, free=244336Kb
 total_blobs=586, nmethods=198, adapters=295, full_count=0
Compilation: enabled, stopped_count=0, restarted_count=0

Compilation events (20 events):
Event: 0.487 Thread 0x000001f19af3c080 nmethod 186 0x000001f187711e90 code [0x000001f187712020, 0x000001f187712180]
Event: 0.487 Thread 0x000001f19af3c080  188       1       java.util.HashMap::size (5 bytes)
Event: 0.487 Thread 0x000001f19af3c080 nmethod 188 0x000001f18f1bea90 code [0x000001f18f1bec20, 0x000001f18f1bece8]
Event: 0.487 Thread 0x000001f19af3c080  189       1       java.lang.module.ModuleDescriptor$Provides::service (5 bytes)
Event: 0.488 Thread 0x000001f19af3c080 nmethod 189 0x000001f18f1bed90 code [0x000001f18f1bef20, 0x000001f18f1befe8]
Event: 0.488 Thread 0x000001f19af3c080  190       3       java.lang.invoke.MethodType::methodType (69 bytes)
Event: 0.488 Thread 0x000001f19af3c080 nmethod 190 0x000001f187712210 code [0x000001f187712420, 0x000001f1877128d0]
Event: 0.488 Thread 0x000001f19af3c080  191       3       jdk.internal.org.objectweb.asm.ByteVector::putUTF8 (144 bytes)
Event: 0.490 Thread 0x000001f19af3c080 nmethod 191 0x000001f187712a90 code [0x000001f187712d00, 0x000001f187713780]
Event: 0.490 Thread 0x000001f19af3c080  192       3       jdk.internal.org.objectweb.asm.SymbolTable::hash (10 bytes)
Event: 0.490 Thread 0x000001f19af3c080 nmethod 192 0x000001f187713c90 code [0x000001f187713e40, 0x000001f187713f70]
Event: 0.490 Thread 0x000001f19af3c080  193       3       java.lang.String::substring (58 bytes)
Event: 0.491 Thread 0x000001f19af3c080 nmethod 193 0x000001f187714090 code [0x000001f1877142c0, 0x000001f187714898]
Event: 0.491 Thread 0x000001f19af3c080  195       3       jdk.internal.org.objectweb.asm.Symbol::<init> (38 bytes)
Event: 0.492 Thread 0x000001f19af3c080 nmethod 195 0x000001f187714b10 code [0x000001f187714cc0, 0x000001f187714e80]
Event: 0.494 Thread 0x000001f19af3c080  194       1       jdk.internal.util.WeakReferenceKey::hashCode (5 bytes)
Event: 0.494 Thread 0x000001f19af3c080 nmethod 194 0x000001f18f1bf090 code [0x000001f18f1bf220, 0x000001f18f1bf2e8]
Event: 0.495 Thread 0x000001f19af3c080  196       3       java.lang.String::indexOf (37 bytes)
Event: 0.495 Thread 0x000001f19af3c080 nmethod 196 0x000001f187714f90 code [0x000001f1877151a0, 0x000001f187715620]
Event: 0.495 Thread 0x000001f19af3c080  197       3       java.lang.StringLatin1::indexOf (37 bytes)

GC Heap History (0 events):
No events

Dll operation events (2 events):
Event: 0.016 Loaded shared library c:\Users\pro\.vscode\extensions\redhat.java-1.51.0-win32-x64\jre\21.0.9-win32-x86_64\bin\java.dll
Event: 0.428 Loaded shared library c:\Users\pro\.vscode\extensions\redhat.java-1.51.0-win32-x64\jre\21.0.9-win32-x86_64\bin\zip.dll

Deoptimization events (0 events):
No events

Classes loaded (8 events):
Event: 0.428 Loading class jdk/internal/module/ModuleReferenceImpl$CachedHash
Event: 0.429 Loading class jdk/internal/module/ModuleReferenceImpl$CachedHash done
Event: 0.491 Loading class java/lang/WeakPairMap$Pair$Weak
Event: 0.491 Loading class java/lang/WeakPairMap$WeakRefPeer
Event: 0.492 Loading class java/lang/WeakPairMap$WeakRefPeer done
Event: 0.492 Loading class java/lang/WeakPairMap$Pair$Weak done
Event: 0.494 Loading class java/lang/WeakPairMap$Pair$Weak$1
Event: 0.494 Loading class java/lang/WeakPairMap$Pair$Weak$1 done

Classes unloaded (0 events):
No events

Classes redefined (0 events):
No events

Internal exceptions (1 events):
Event: 0.419 Thread 0x000001f1844d96d0 Exception <a 'java/lang/NoSuchMethodError'{0x00000000d57a9458}: 'void java.lang.invoke.DirectMethodHandle$Holder.invokeStatic(java.lang.Object, java.lang.Object, java.lang.Object)'> (0x00000000d57a9458) 
thrown [s\src\hotspot\share\interpreter\linkResolver.cpp, line 773]

ZGC Phase Switch (0 events):
No events

VM Operations (2 events):
Event: 0.427 Executing VM operation: HandshakeAllThreads (Deoptimize)
Event: 0.427 Executing VM operation: HandshakeAllThreads (Deoptimize) done

Memory protections (0 events):
No events

Nmethod flushes (0 events):
No events

Events (9 events):
Event: 0.077 Thread 0x000001f1844d96d0 Thread added: 0x000001f1844d96d0
Event: 0.165 Thread 0x000001f1844d96d0 Thread added: 0x000001f19aebcf80
Event: 0.165 Thread 0x000001f1844d96d0 Thread added: 0x000001f19aec05d0
Event: 0.165 Thread 0x000001f1844d96d0 Thread added: 0x000001f19aec3230
Event: 0.166 Thread 0x000001f1844d96d0 Thread added: 0x000001f19aec3e80
Event: 0.166 Thread 0x000001f1844d96d0 Thread added: 0x000001f19aec4ad0
Event: 0.166 Thread 0x000001f1844d96d0 Thread added: 0x000001f19aec7530
Event: 0.166 Thread 0x000001f1844d96d0 Thread added: 0x000001f19aec8400
Event: 0.200 Thread 0x000001f1844d96d0 Thread added: 0x000001f19af3c080


Dynamic libraries:
0x00007ff73f370000 - 0x00007ff73f37e000 	c:\Users\pro\.vscode\extensions\redhat.java-1.51.0-win32-x64\jre\21.0.9-win32-x86_64\bin\java.exe
0x00007ffbb3730000 - 0x00007ffbb3928000 	C:\Windows\SYSTEM32\ntdll.dll
0x00007ffbb3620000 - 0x00007ffbb36e2000 	C:\Windows\System32\KERNEL32.DLL
0x00007ffbb0e70000 - 0x00007ffbb1166000 	C:\Windows\System32\KERNELBASE.dll
0x00007ffbb1380000 - 0x00007ffbb1480000 	C:\Windows\System32\ucrtbase.dll
0x00007ffb89420000 - 0x00007ffb89438000 	c:\Users\pro\.vscode\extensions\redhat.java-1.51.0-win32-x64\jre\21.0.9-win32-x86_64\bin\jli.dll
0x00007ffbb2090000 - 0x00007ffbb2231000 	C:\Windows\System32\USER32.dll
0x00007ffbb0dc0000 - 0x00007ffbb0de2000 	C:\Windows\System32\win32u.dll
0x00007ffbb2620000 - 0x00007ffbb264b000 	C:\Windows\System32\GDI32.dll
0x00007ffbb14b0000 - 0x00007ffbb15c9000 	C:\Windows\System32\gdi32full.dll
0x00007ffbb15d0000 - 0x00007ffbb166d000 	C:\Windows\System32\msvcp_win.dll
0x00007ffb89b30000 - 0x00007ffb89b4e000 	c:\Users\pro\.vscode\extensions\redhat.java-1.51.0-win32-x64\jre\21.0.9-win32-x86_64\bin\VCRUNTIME140.dll
0x00007ffb94130000 - 0x00007ffb943cb000 	C:\Windows\WinSxS\amd64_microsoft.windows.common-controls_6595b64144ccf1df_6.0.19041.6456_none_60b8a6cb71f64256\COMCTL32.dll
0x00007ffbb1ff0000 - 0x00007ffbb208e000 	C:\Windows\System32\msvcrt.dll
0x00007ffbb2440000 - 0x00007ffbb246f000 	C:\Windows\System32\IMM32.DLL
0x00007ffbaa060000 - 0x00007ffbaa06c000 	c:\Users\pro\.vscode\extensions\redhat.java-1.51.0-win32-x64\jre\21.0.9-win32-x86_64\bin\vcruntime140_1.dll
0x00007ffb87610000 - 0x00007ffb8769d000 	c:\Users\pro\.vscode\extensions\redhat.java-1.51.0-win32-x64\jre\21.0.9-win32-x86_64\bin\msvcp140.dll
0x00007ffb117f0000 - 0x00007ffb12590000 	c:\Users\pro\.vscode\extensions\redhat.java-1.51.0-win32-x64\jre\21.0.9-win32-x86_64\bin\server\jvm.dll
0x00007ffbb3560000 - 0x00007ffbb3611000 	C:\Windows\System32\ADVAPI32.dll
0x00007ffbb2710000 - 0x00007ffbb27af000 	C:\Windows\System32\sechost.dll
0x00007ffbb2470000 - 0x00007ffbb2590000 	C:\Windows\System32\RPCRT4.dll
0x00007ffbb1480000 - 0x00007ffbb14a7000 	C:\Windows\System32\bcrypt.dll
0x00007ffbb3050000 - 0x00007ffbb30bb000 	C:\Windows\System32\WS2_32.dll
0x00007ffbb0b70000 - 0x00007ffbb0bbb000 	C:\Windows\SYSTEM32\POWRPROF.dll
0x00007ffb98430000 - 0x00007ffb98457000 	C:\Windows\SYSTEM32\WINMM.dll
0x00007ffbab440000 - 0x00007ffbab44a000 	C:\Windows\SYSTEM32\VERSION.dll
0x00007ffbb0b50000 - 0x00007ffbb0b62000 	C:\Windows\SYSTEM32\UMPDC.dll
0x00007ffbaf5d0000 - 0x00007ffbaf5e2000 	C:\Windows\SYSTEM32\kernel.appcore.dll
0x00007ffbaa240000 - 0x00007ffbaa24a000 	c:\Users\pro\.vscode\extensions\redhat.java-1.51.0-win32-x64\jre\21.0.9-win32-x86_64\bin\jimage.dll
0x00007ffbaebe0000 - 0x00007ffbaede1000 	C:\Windows\SYSTEM32\DBGHELP.DLL
0x00007ffba9f20000 - 0x00007ffba9f54000 	C:\Windows\SYSTEM32\dbgcore.DLL
0x00007ffbb1670000 - 0x00007ffbb16f2000 	C:\Windows\System32\bcryptPrimitives.dll
0x00007ffb9dfb0000 - 0x00007ffb9dfbf000 	c:\Users\pro\.vscode\extensions\redhat.java-1.51.0-win32-x64\jre\21.0.9-win32-x86_64\bin\instrument.dll
0x00007ffb89010000 - 0x00007ffb89030000 	c:\Users\pro\.vscode\extensions\redhat.java-1.51.0-win32-x64\jre\21.0.9-win32-x86_64\bin\java.dll
0x00007ffbb27b0000 - 0x00007ffbb2f20000 	C:\Windows\System32\SHELL32.dll
0x00007ffbaee10000 - 0x00007ffbaf5b5000 	C:\Windows\SYSTEM32\windows.storage.dll
0x00007ffbb1820000 - 0x00007ffbb1b74000 	C:\Windows\System32\combase.dll
0x00007ffbb0710000 - 0x00007ffbb073b000 	C:\Windows\SYSTEM32\Wldp.dll
0x00007ffbb3160000 - 0x00007ffbb322d000 	C:\Windows\System32\OLEAUT32.dll
0x00007ffbb1750000 - 0x00007ffbb17fd000 	C:\Windows\System32\SHCORE.dll
0x00007ffbb2650000 - 0x00007ffbb26ab000 	C:\Windows\System32\shlwapi.dll
0x00007ffbb0cf0000 - 0x00007ffbb0d14000 	C:\Windows\SYSTEM32\profapi.dll
0x00007ffb88bf0000 - 0x00007ffb88c08000 	c:\Users\pro\.vscode\extensions\redhat.java-1.51.0-win32-x64\jre\21.0.9-win32-x86_64\bin\zip.dll
0x00007ffba85b0000 - 0x00007ffba85c0000 	C:\Users\pro\.vscode\extensions\redhat.java-1.51.0-win32-x64\jre\21.0.9-win32-x86_64\bin\net.dll
0x00007ffba6e80000 - 0x00007ffba6f8a000 	C:\Windows\SYSTEM32\WINHTTP.dll
0x00007ffbb0470000 - 0x00007ffbb04da000 	C:\Windows\system32\mswsock.dll
0x00007ffb88220000 - 0x00007ffb88236000 	C:\Users\pro\.vscode\extensions\redhat.java-1.51.0-win32-x64\jre\21.0.9-win32-x86_64\bin\nio.dll

JVMTI agents:
c:\Users\pro\.vscode\extensions\redhat.java-1.51.0-win32-x64\lombok\lombok-1.18.39-4050.jar path:c:\Users\pro\.vscode\extensions\redhat.java-1.51.0-win32-x64\jre\21.0.9-win32-x86_64\bin\instrument.dll, loaded, initialized, instrumentlib options:none

dbghelp: loaded successfully - version: 4.0.5 - missing functions: none
symbol engine: initialized successfully - sym options: 0x614 - pdb path: .;c:\Users\pro\.vscode\extensions\redhat.java-1.51.0-win32-x64\jre\21.0.9-win32-x86_64\bin;C:\Windows\SYSTEM32;C:\Windows\WinSxS\amd64_microsoft.windows.common-controls_6595b64144ccf1df_6.0.19041.6456_none_60b8a6cb71f64256;c:\Users\pro\.vscode\extensions\redhat.java-1.51.0-win32-x64\jre\21.0.9-win32-x86_64\bin\server

VM Arguments:
jvm_args: --add-modules=ALL-SYSTEM --add-opens=java.base/java.util=ALL-UNNAMED --add-opens=java.base/java.lang=ALL-UNNAMED --add-opens=java.base/sun.nio.fs=ALL-UNNAMED -Declipse.application=org.eclipse.jdt.ls.core.id1 -Dosgi.bundles.defaultStartLevel=4 -Declipse.product=org.eclipse.jdt.ls.core.product -Djava.import.generatesMetadataFilesAtProjectRoot=false -DDetectVMInstallationsJob.disabled=true -Dfile.encoding=utf8 -XX:+UseParallelGC -XX:GCTimeRatio=4 -XX:AdaptiveSizePolicyWeight=90 -Dsun.zip.disableMemoryMapping=true -Xmx2G -Xms100m -Xlog:disable -javaagent:c:\Users\pro\.vscode\extensions\redhat.java-1.51.0-win32-x64\lombok\lombok-1.18.39-4050.jar -XX:+HeapDumpOnOutOfMemoryError -XX:HeapDumpPath=c:\Users\pro\AppData\Roaming\Code\User\workspaceStorage\e427e57f16c5a76f6a953322ff738556\redhat.java -Daether.dependencyCollector.impl=bf 
java_command: c:\Users\pro\.vscode\extensions\redhat.java-1.51.0-win32-x64\server\plugins\org.eclipse.equinox.launcher_1.7.100.v20251111-0406.jar -configuration c:\Users\pro\AppData\Roaming\Code\User\globalStorage\redhat.java\1.51.0\config_win -data c:\Users\pro\AppData\Roaming\Code\User\workspaceStorage\e427e57f16c5a76f6a953322ff738556\redhat.java\jdt_ws --pipe=\\.\pipe\lsp-1c0e6c57592db413de2fd12fb8299e13-sock
java_class_path (initial): c:\Users\pro\.vscode\extensions\redhat.java-1.51.0-win32-x64\server\plugins\org.eclipse.equinox.launcher_1.7.100.v20251111-0406.jar
Launcher Type: SUN_STANDARD

[Global flags]
    uintx AdaptiveSizePolicyWeight                 = 90                                        {product} {command line}
     intx CICompilerCount                          = 3                                         {product} {ergonomic}
    uintx GCTimeRatio                              = 4                                         {product} {command line}
     bool HeapDumpOnOutOfMemoryError               = true                                   {manageable} {command line}
    ccstr HeapDumpPath                             = c:\Users\pro\AppData\Roaming\Code\User\workspaceStorage\e427e57f16c5a76f6a953322ff738556\redhat.java         {manageable} {command line}
   size_t InitialHeapSize                          = 104857600                                 {product} {command line}
   size_t MaxHeapSize                              = 2147483648                                {product} {command line}
   size_t MaxNewSize                               = 715653120                                 {product} {ergonomic}
   size_t MinHeapDeltaBytes                        = 524288                                    {product} {ergonomic}
   size_t MinHeapSize                              = 104857600                                 {product} {command line}
   size_t NewSize                                  = 34603008                                  {product} {ergonomic}
    uintx NonNMethodCodeHeapSize                   = 5832780                                {pd product} {ergonomic}
    uintx NonProfiledCodeHeapSize                  = 122912730                              {pd product} {ergonomic}
   size_t OldSize                                  = 70254592                                  {product} {ergonomic}
    uintx ProfiledCodeHeapSize                     = 122912730                              {pd product} {ergonomic}
    uintx ReservedCodeCacheSize                    = 251658240                              {pd product} {ergonomic}
     bool SegmentedCodeCache                       = true                                      {product} {ergonomic}
   size_t SoftMaxHeapSize                          = 2147483648                             {manageable} {ergonomic}
     bool UseCompressedOops                        = true                           {product lp64_product} {ergonomic}
     bool UseLargePagesIndividualAllocation        = false                                  {pd product} {ergonomic}
     bool UseParallelGC                            = true                                      {product} {command line}

Logging:
Log output configuration:
 #0: stdout all=off uptime,level,tags foldmultilines=false
 #1: stderr all=off uptime,level,tags foldmultilines=false

Release file:
<release file has not been read>
Environment Variables:
JAVA_HOME=C:\Program Files\Java\jdk-24
PATH=C:\Program Files\Common Files\Oracle\Java\javapath;D:\ORACLE\app\oracle\product\11.2.0\server\bin;C:\Program Files (x86)\Common Files\Intel\Shared Libraries\redist\intel64_win\compiler;C:\Windows\system32;C:\Windows;C:\Windows\System32\Wbem;C:\Windows\System32\WindowsPowerShell\v1.0\;C:\Windows\System32\OpenSSH\;C:\Program Files\Microsoft SQL Server\120\Tools\Binn\;C:\Program Files\Common Files\Autodesk Shared\;C:\Program Files (x86)\QuickTime\QTSystem\;C:\Program Files (x86)\Microsoft SQL Server\160\Tools\Binn\;C:\Program Files\Microsoft SQL Server\160\Tools\Binn\;C:\Program Files\Microsoft SQL Server\Client SDK\ODBC\170\Tools\Binn\;C:\Program Files\Microsoft SQL Server\160\DTS\Binn\;C:\Program Files\Azure Data Studio\bin;C:\Program Files\MySQL\MySQL Server 8.0\bin;C:\Program Files\MySQL\MySQL Server 8.0\bin;C:\Program Files\Microsoft SQL Server\150\Tools\Binn\;C:\Program Files\Java\jdk-24\bin;C:\Users\pro\AppData\Local\Android\Sdk\platform-tools;C:\Users\pro\AppData\Local\Android\Sdk;C:\Program Files\nodejs\;C:\Program Files\PowerShell\7\;C:\Program Files\Git\cmd;C:\Program Files\Apache\Maven\apache-maven-3.9.11\bin;C:\Program Files\apache-maven-3.9.11\bin;C:\Program Files\Java\jdk-24.0.1\bin;C:\Program Files\Java\jdk-24.0.1;C:\Program Files\Docker\Docker\resources\bin;C:\Program Files\Apache\Maven\apache-maven-3.9.11;C:\Program Files\Java\jdk-24\bin;C:\Users\pro\AppData\Local\Microsoft\WindowsApps;C:\Users\pro\AppData\Local\Programs\Microsoft VS Code\bin;C:\Program Files\Azure Data Studio\bin;C:\Program Files\gnuplot\bin;C:\ProgramData\Microsoft\Windows\Start Menu\Programs\gnuplot;C:\Users\pro\AppData\Local\Android\Sdk;C:\Users\pro\AppData\Local\Android\Sdk\platform-tools;C:\Users\pro\AppData\Roaming\npm;C:\Program Files\JetBrains\IntelliJ IDEA 2025.3.1\bin
USERNAME=pro
OS=Windows_NT
PROCESSOR_IDENTIFIER=Intel64 Family 6 Model 78 Stepping 3, GenuineIntel
TMP=C:\Users\pro\AppData\Local\Temp
TEMP=C:\Users\pro\AppData\Local\Temp




Periodic native trim disabled

---------------  S Y S T E M  ---------------

OS:
 Windows 10 , 64 bit Build 19041 (10.0.19041.5915)
OS uptime: 1 days 15:48 hours

CPU: total 4 (initial active 4) (2 cores per cpu, 2 threads per core) family 6 model 78 stepping 3 microcode 0xcc, cx8, cmov, fxsr, ht, mmx, 3dnowpref, sse, sse2, sse3, ssse3, sse4.1, sse4.2, popcnt, lzcnt, tsc, tscinvbit, avx, avx2, aes, erms, clmul, bmi1, bmi2, rtm, adx, fma, vzeroupper, clflush, clflushopt, rdtscp, f16c
Processor Information for the first 4 processors :
  Max Mhz: 2496, Current Mhz: 2396, Mhz Limit: 2396

Memory: 4k page, system-wide physical 8071M (547M free)
TotalPageFile size 20108M (AvailPageFile size 0M)
current process WorkingSet (physical memory assigned to process): 35M, peak: 35M
current process commit charge ("private bytes"): 209M, peak: 209M

vm_info: OpenJDK 64-Bit Server VM (21.0.9+10-LTS) for windows-amd64 JRE (21.0.9+10-LTS), built on 2025-10-21T00:00:00Z by "admin" with unknown MS VC++:1942

END.
