#
# There is insufficient memory for the Java Runtime Environment to continue.
# Native memory allocation (malloc) failed to allocate 1048576 bytes. Error detail: AllocateHeap
# Possible reasons:
#   The system is out of physical RAM or swap space
#   This process is running with CompressedOops enabled, and the Java Heap may be blocking the growth of the native heap
# Possible solutions:
#   Reduce memory load on the system
#   Increase physical memory or swap space
#   Check if swap backing store is full
#   Decrease Java heap size (-Xmx/-Xms)
#   Decrease number of Java threads
#   Decrease Java thread stack sizes (-Xss)
#   Set larger code cache with -XX:ReservedCodeCacheSize=
#   JVM is running with Unscaled Compressed Oops mode in which the Java heap is
#     placed in the first 4GB address space. The Java Heap base address is the
#     maximum limit for the native heap growth. Please use -XX:HeapBaseMinAddress
#     to set the Java Heap base and to place the Java Heap above 4GB virtual address.
# This output file may be truncated or incomplete.
#
#  Out of Memory Error (allocation.cpp:44), pid=19500, tid=2568
#
# JRE version: OpenJDK Runtime Environment Temurin-21.0.9+10 (21.0.9+10) (build 21.0.9+10-LTS)
# Java VM: OpenJDK 64-Bit Server VM Temurin-21.0.9+10 (21.0.9+10-LTS, mixed mode, sharing, tiered, compressed oops, compressed class ptrs, parallel gc, windows-amd64)
# No core dump will be written. Minidumps are not enabled by default on client versions of Windows
#

---------------  S U M M A R Y ------------

Command Line: --add-modules=ALL-SYSTEM --add-opens=java.base/java.util=ALL-UNNAMED --add-opens=java.base/java.lang=ALL-UNNAMED --add-opens=java.base/sun.nio.fs=ALL-UNNAMED -Declipse.application=org.eclipse.jdt.ls.core.id1 -Dosgi.bundles.defaultStartLevel=4 -Declipse.product=org.eclipse.jdt.ls.core.product -Djava.import.generatesMetadataFilesAtProjectRoot=false -DDetectVMInstallationsJob.disabled=true -Dfile.encoding=utf8 -XX:+UseParallelGC -XX:GCTimeRatio=4 -XX:AdaptiveSizePolicyWeight=90 -Dsun.zip.disableMemoryMapping=true -Xmx2G -Xms100m -Xlog:disable -javaagent:c:\Users\pro\.vscode\extensions\redhat.java-1.51.0-win32-x64\lombok\lombok-1.18.39-4050.jar -XX:+HeapDumpOnOutOfMemoryError -XX:HeapDumpPath=c:\Users\pro\AppData\Roaming\Code\User\workspaceStorage\dfcb5a35f1414019b1eb1641b15ae0cf\redhat.java -Daether.dependencyCollector.impl=bf c:\Users\pro\.vscode\extensions\redhat.java-1.51.0-win32-x64\server\plugins\org.eclipse.equinox.launcher_1.7.100.v20251111-0406.jar -configuration c:\Users\pro\AppData\Roaming\Code\User\globalStorage\redhat.java\1.51.0\config_win -data c:\Users\pro\AppData\Roaming\Code\User\workspaceStorage\dfcb5a35f1414019b1eb1641b15ae0cf\redhat.java\jdt_ws --pipe=\\.\pipe\lsp-829a0498ad7408673ab426af2d1e0289-sock

Host: Intel(R) Core(TM) i5-6300U CPU @ 2.40GHz, 4 cores, 7G,  Windows 10 , 64 bit Build 19041 (10.0.19041.5915)
Time: Fri Jan  9 20:34:42 2026 elapsed time: 3440.856913 seconds (0d 0h 57m 20s)

---------------  T H R E A D  ---------------

Current thread (0x0000022e951e3f30):  JavaThread "Attach Listener" daemon [_thread_in_vm, id=2568, stack(0x000000ea75500000,0x000000ea75600000) (1024K)]

Stack: [0x000000ea75500000,0x000000ea75600000]
Native frames: (J=compiled Java code, j=interpreted, Vv=VM code, C=native code)
V  [jvm.dll+0x6d6e29]
V  [jvm.dll+0x8b4b76]
V  [jvm.dll+0x8b712e]
V  [jvm.dll+0x8b7813]
V  [jvm.dll+0x283d86]
V  [jvm.dll+0xc1277]
V  [jvm.dll+0x6d76d9]
V  [jvm.dll+0x133466]
V  [jvm.dll+0x3f7ea6]
V  [jvm.dll+0x85e9ad]
V  [jvm.dll+0x6d565d]
C  [ucrtbase.dll+0x21bb2]
C  [KERNEL32.DLL+0x17374]
C  [ntdll.dll+0x4cc91]


---------------  P R O C E S S  ---------------

Threads class SMR info:
_java_thread_list=0x0000022ef3efcf70, length=30, elements={
0x0000022e952f96d0, 0x0000022e951dd030, 0x0000022e951e0680, 0x0000022e951e32e0,
0x0000022e951e3f30, 0x0000022e951e5570, 0x0000022e951e7fd0, 0x0000022e951e8e00,
0x0000022e952558e0, 0x0000022eeda95b90, 0x0000022eedc13150, 0x0000022ef202a870,
0x0000022eed9bf420, 0x0000022ef2076a10, 0x0000022ef20ef290, 0x0000022ef28fa3e0,
0x0000022ef248d2d0, 0x0000022ef2ad6c50, 0x0000022ef2a5aec0, 0x0000022ef25d04d0,
0x0000022ef25cd6e0, 0x0000022ef25cfe40, 0x0000022ef4209210, 0x0000022ef4208b80,
0x0000022ef42084f0, 0x0000022ef42098a0, 0x0000022ef4207e60, 0x0000022ef4209f30,
0x0000022ef420b2e0, 0x0000022ef420b970
}

Java Threads: ( => current thread )
  0x0000022e952f96d0 JavaThread "main"                              [_thread_blocked, id=5420, stack(0x000000ea74e00000,0x000000ea74f00000) (1024K)]
  0x0000022e951dd030 JavaThread "Reference Handler"          daemon [_thread_blocked, id=4564, stack(0x000000ea75200000,0x000000ea75300000) (1024K)]
  0x0000022e951e0680 JavaThread "Finalizer"                  daemon [_thread_blocked, id=2316, stack(0x000000ea75300000,0x000000ea75400000) (1024K)]
  0x0000022e951e32e0 JavaThread "Signal Dispatcher"          daemon [_thread_blocked, id=18044, stack(0x000000ea75400000,0x000000ea75500000) (1024K)]
=>0x0000022e951e3f30 JavaThread "Attach Listener"            daemon [_thread_in_vm, id=2568, stack(0x000000ea75500000,0x000000ea75600000) (1024K)]
  0x0000022e951e5570 JavaThread "Service Thread"             daemon [_thread_blocked, id=16912, stack(0x000000ea75600000,0x000000ea75700000) (1024K)]
  0x0000022e951e7fd0 JavaThread "Monitor Deflation Thread"   daemon [_thread_blocked, id=6260, stack(0x000000ea75700000,0x000000ea75800000) (1024K)]
  0x0000022e951e8e00 JavaThread "C2 CompilerThread0"         daemon [_thread_blocked, id=16928, stack(0x000000ea75800000,0x000000ea75900000) (1024K)]
  0x0000022e952558e0 JavaThread "C1 CompilerThread0"         daemon [_thread_blocked, id=1300, stack(0x000000ea75900000,0x000000ea75a00000) (1024K)]
  0x0000022eeda95b90 JavaThread "Common-Cleaner"             daemon [_thread_blocked, id=20508, stack(0x000000ea75a00000,0x000000ea75b00000) (1024K)]
  0x0000022eedc13150 JavaThread "Notification Thread"        daemon [_thread_blocked, id=13352, stack(0x000000ea75b00000,0x000000ea75c00000) (1024K)]
  0x0000022ef202a870 JavaThread "Active Thread: Equinox Container: 6347a20d-7387-4059-8dbc-7ad05ca10d6e"        [_thread_blocked, id=16604, stack(0x000000ea75f00000,0x000000ea76000000) (1024K)]
  0x0000022eed9bf420 JavaThread "Refresh Thread: Equinox Container: 6347a20d-7387-4059-8dbc-7ad05ca10d6e" daemon [_thread_blocked, id=15648, stack(0x000000ea76000000,0x000000ea76100000) (1024K)]
  0x0000022ef2076a10 JavaThread "Framework Event Dispatcher: Equinox Container: 6347a20d-7387-4059-8dbc-7ad05ca10d6e" daemon [_thread_blocked, id=18892, stack(0x000000ea76100000,0x000000ea76200000) (1024K)]
  0x0000022ef20ef290 JavaThread "Start Level: Equinox Container: 6347a20d-7387-4059-8dbc-7ad05ca10d6e" daemon [_thread_blocked, id=3460, stack(0x000000ea76200000,0x000000ea76300000) (1024K)]
  0x0000022ef28fa3e0 JavaThread "Bundle File Closer"         daemon [_thread_blocked, id=16228, stack(0x000000ea76300000,0x000000ea76400000) (1024K)]
  0x0000022ef248d2d0 JavaThread "SCR Component Actor"        daemon [_thread_blocked, id=10124, stack(0x000000ea74c00000,0x000000ea74d00000) (1024K)]
  0x0000022ef2ad6c50 JavaThread "Worker-JM"                         [_thread_blocked, id=8200, stack(0x000000ea74d00000,0x000000ea74e00000) (1024K)]
  0x0000022ef2a5aec0 JavaThread "JNA Cleaner"                daemon [_thread_blocked, id=14696, stack(0x000000ea76600000,0x000000ea76700000) (1024K)]
  0x0000022ef25d04d0 JavaThread "Worker-0"                          [_thread_blocked, id=15852, stack(0x000000ea76700000,0x000000ea76800000) (1024K)]
  0x0000022ef25cd6e0 JavaThread "Worker-3"                          [_thread_blocked, id=7832, stack(0x000000ea76a00000,0x000000ea76b00000) (1024K)]
  0x0000022ef25cfe40 JavaThread "Java indexing"              daemon [_thread_blocked, id=21140, stack(0x000000ea76b00000,0x000000ea76c00000) (1024K)]
  0x0000022ef4209210 JavaThread "Thread-1"                   daemon [_thread_in_native, id=3672, stack(0x000000ea76f00000,0x000000ea77000000) (1024K)]
  0x0000022ef4208b80 JavaThread "Thread-2"                   daemon [_thread_in_native, id=5376, stack(0x000000ea77000000,0x000000ea77100000) (1024K)]
  0x0000022ef42084f0 JavaThread "Thread-3"                   daemon [_thread_in_native, id=12008, stack(0x000000ea77100000,0x000000ea77200000) (1024K)]
  0x0000022ef42098a0 JavaThread "Thread-4"                   daemon [_thread_in_native, id=17196, stack(0x000000ea77200000,0x000000ea77300000) (1024K)]
  0x0000022ef4207e60 JavaThread "Thread-5"                   daemon [_thread_in_native, id=21160, stack(0x000000ea77300000,0x000000ea77400000) (1024K)]
  0x0000022ef4209f30 JavaThread "pool-2-thread-1"                   [_thread_blocked, id=68, stack(0x000000ea77400000,0x000000ea77500000) (1024K)]
  0x0000022ef420b2e0 JavaThread "WorkspaceEventsHandler"            [_thread_blocked, id=8564, stack(0x000000ea77600000,0x000000ea77700000) (1024K)]
  0x0000022ef420b970 JavaThread "pool-1-thread-1"                   [_thread_blocked, id=16696, stack(0x000000ea77700000,0x000000ea77800000) (1024K)]
Total: 30

Other Threads:
  0x0000022e953b1720 VMThread "VM Thread"                           [id=7756, stack(0x000000ea75100000,0x000000ea75200000) (1024K)]
  0x0000022e95362790 WatcherThread "VM Periodic Task Thread"        [id=11368, stack(0x000000ea75000000,0x000000ea75100000) (1024K)]
  0x0000022e953181a0 WorkerThread "GC Thread#0"                     [id=3088, stack(0x000000ea74f00000,0x000000ea75000000) (1024K)]
  0x0000022ef2502a00 WorkerThread "GC Thread#1"                     [id=12404, stack(0x000000ea75c00000,0x000000ea75d00000) (1024K)]
  0x0000022ef2121f00 WorkerThread "GC Thread#2"                     [id=11908, stack(0x000000ea75d00000,0x000000ea75e00000) (1024K)]
  0x0000022ef21222a0 WorkerThread "GC Thread#3"                     [id=19836, stack(0x000000ea75e00000,0x000000ea75f00000) (1024K)]
Total: 6

Threads with active compile tasks:
Total: 0

VM state: not at safepoint (normal execution)

VM Mutex/Monitor currently owned by a thread: None

Heap address: 0x0000000080000000, size: 2048 MB, Compressed Oops mode: 32-bit

CDS archive(s) mapped at: [0x0000022eac000000-0x0000022eacba0000-0x0000022eacba0000), size 12189696, SharedBaseAddress: 0x0000022eac000000, ArchiveRelocationMode: 1.
Compressed class space mapped at: 0x0000022ead000000-0x0000022eed000000, reserved size: 1073741824
Narrow klass base: 0x0000022eac000000, Narrow klass shift: 0, Narrow klass range: 0x100000000

GC Precious Log:
 CardTable entry size: 512
 CPUs: 4 total, 4 available
 Memory: 8071M
 Large Page Support: Disabled
 NUMA Support: Disabled
 Compressed Oops: Enabled (32-bit)
 Alignments: Space 512K, Generation 512K, Heap 2M
 Heap Min Capacity: 100M
 Heap Initial Capacity: 100M
 Heap Max Capacity: 2G
 Pre-touch: Disabled
 Parallel Workers: 4

Heap:
 PSYoungGen      total 21504K, used 7023K [0x00000000d5580000, 0x00000000d6d00000, 0x0000000100000000)
  eden space 20992K, 32% used [0x00000000d5580000,0x00000000d5c23d10,0x00000000d6a00000)
  from space 512K, 43% used [0x00000000d6c80000,0x00000000d6cb8000,0x00000000d6d00000)
  to   space 1024K, 0% used [0x00000000d6b00000,0x00000000d6b00000,0x00000000d6c00000)
 ParOldGen       total 68608K, used 56118K [0x0000000080000000, 0x0000000084300000, 0x00000000d5580000)
  object space 68608K, 81% used [0x0000000080000000,0x00000000836cd9f8,0x0000000084300000)
 Metaspace       used 57582K, committed 58880K, reserved 1114112K
  class space    used 6219K, committed 6784K, reserved 1048576K

Card table byte_map: [0x0000022e94ca0000,0x0000022e950b0000] _byte_map_base: 0x0000022e948a0000

Marking Bits: (ParMarkBitMap*) 0x00007ffafeaf2460
 Begin Bits: [0x0000022ea77b0000, 0x0000022ea97b0000)
 End Bits:   [0x0000022ea97b0000, 0x0000022eab7b0000)

Polling page: 0x0000022e93040000

Metaspace:

Usage:
  Non-class:     50.16 MB used.
      Class:      6.07 MB used.
       Both:     56.23 MB used.

Virtual space:
  Non-class space:       64.00 MB reserved,      50.88 MB ( 79%) committed,  1 nodes.
      Class space:        1.00 GB reserved,       6.62 MB ( <1%) committed,  1 nodes.
             Both:        1.06 GB reserved,      57.50 MB (  5%) committed. 

Chunk freelists:
   Non-Class:  12.56 MB
       Class:  9.25 MB
        Both:  21.81 MB

MaxMetaspaceSize: unlimited
CompressedClassSpaceSize: 1.00 GB
Initial GC threshold: 21.00 MB
Current GC threshold: 58.38 MB
CDS: on
 - commit_granule_bytes: 65536.
 - commit_granule_words: 8192.
 - virtual_space_node_default_size: 8388608.
 - enlarge_chunks_in_place: 1.
 - use_allocation_guard: 0.


Internal statistics:

num_allocs_failed_limit: 6.
num_arena_births: 1022.
num_arena_deaths: 14.
num_vsnodes_births: 2.
num_vsnodes_deaths: 0.
num_space_committed: 920.
num_space_uncommitted: 0.
num_chunks_returned_to_freelist: 20.
num_chunks_taken_from_freelist: 3566.
num_chunk_merges: 11.
num_chunk_splits: 2134.
num_chunks_enlarged: 1137.
num_inconsistent_stats: 0.

CodeHeap 'non-profiled nmethods': size=120000Kb used=6036Kb max_used=6036Kb free=113963Kb
 bounds [0x0000022e9ffd0000, 0x0000022ea05c0000, 0x0000022ea7500000]
CodeHeap 'profiled nmethods': size=120000Kb used=20036Kb max_used=20036Kb free=99963Kb
 bounds [0x0000022e98500000, 0x0000022e998a0000, 0x0000022e9fa30000]
CodeHeap 'non-nmethods': size=5760Kb used=1414Kb max_used=1479Kb free=4345Kb
 bounds [0x0000022e9fa30000, 0x0000022e9fca0000, 0x0000022e9ffd0000]
CodeCache: size=245760Kb, used=27486Kb, max_used=27551Kb, free=218271Kb
 total_blobs=10018, nmethods=9296, adapters=628, full_count=0
Compilation: enabled, stopped_count=0, restarted_count=0

Compilation events (20 events):
Event: 2809.768 Thread 0x0000022e952558e0 9955       3       org.eclipse.jdt.ls.core.internal.ParentProcessWatcher::run (83 bytes)
Event: 2809.878 Thread 0x0000022e952558e0 nmethod 9955 0x0000022e9988d090 code [0x0000022e9988d320, 0x0000022e9988dd78]
Event: 2869.797 Thread 0x0000022e952558e0 9957       3       java.util.Optional::get (22 bytes)
Event: 2869.806 Thread 0x0000022e952558e0 nmethod 9957 0x0000022e9988e110 code [0x0000022e9988e2c0, 0x0000022e9988e4e0]
Event: 2919.855 Thread 0x0000022e952558e0 9958       3       java.lang.ProcessHandleImpl::<init> (15 bytes)
Event: 2919.857 Thread 0x0000022e952558e0 nmethod 9958 0x0000022e9988e610 code [0x0000022e9988e7c0, 0x0000022e9988e930]
Event: 2929.860 Thread 0x0000022e952558e0 9959       3       java.lang.ProcessHandleImpl::get (51 bytes)
Event: 2929.872 Thread 0x0000022e952558e0 nmethod 9959 0x0000022e9988ea10 code [0x0000022e9988ec20, 0x0000022e9988f228]
Event: 2949.888 Thread 0x0000022e952558e0 9960       3       java.lang.ProcessHandle::of (5 bytes)
Event: 2949.888 Thread 0x0000022e952558e0 nmethod 9960 0x0000022e9988f490 code [0x0000022e9988f640, 0x0000022e9988f758]
Event: 2949.888 Thread 0x0000022e952558e0 9961       3       java.lang.ProcessHandleImpl::isAlive (44 bytes)
Event: 2949.889 Thread 0x0000022e952558e0 nmethod 9961 0x0000022e9988f810 code [0x0000022e9988f9c0, 0x0000022e9988fc20]
Event: 2995.678 Thread 0x0000022e951e8e00 9962       4       java.util.concurrent.TimeUnit::toNanos (45 bytes)
Event: 2995.694 Thread 0x0000022e951e8e00 nmethod 9962 0x0000022ea05b5010 code [0x0000022ea05b51a0, 0x0000022ea05b5298]
Event: 3187.384 Thread 0x0000022e952558e0 9963       3       org.eclipse.core.internal.resources.ResourceInfo::shareStrings (43 bytes)
Event: 3187.402 Thread 0x0000022e952558e0 nmethod 9963 0x0000022e9988fd10 code [0x0000022e9988fee0, 0x0000022e99890138]
Event: 3236.045 Thread 0x0000022e952558e0 9964       3       java.util.concurrent.ScheduledThreadPoolExecutor$ScheduledFutureTask::setNextRunTime (38 bytes)
Event: 3236.062 Thread 0x0000022e952558e0 nmethod 9964 0x0000022e99890210 code [0x0000022e998903c0, 0x0000022e99890650]
Event: 3236.062 Thread 0x0000022e952558e0 9965       3       java.util.concurrent.ScheduledThreadPoolExecutor::reExecutePeriodic (49 bytes)
Event: 3236.089 Thread 0x0000022e952558e0 nmethod 9965 0x0000022e99890710 code [0x0000022e99890940, 0x0000022e998910c0]

GC Heap History (20 events):
Event: 375.575 GC heap before
{Heap before GC invocations=35 (full 2):
 PSYoungGen      total 23040K, used 22784K [0x00000000d5580000, 0x00000000d6f00000, 0x0000000100000000)
  eden space 20992K, 100% used [0x00000000d5580000,0x00000000d6a00000,0x00000000d6a00000)
  from space 2048K, 87% used [0x00000000d6d00000,0x00000000d6ec0020,0x00000000d6f00000)
  to   space 2048K, 0% used [0x00000000d6b00000,0x00000000d6b00000,0x00000000d6d00000)
 ParOldGen       total 68608K, used 49537K [0x0000000080000000, 0x0000000084300000, 0x00000000d5580000)
  object space 68608K, 72% used [0x0000000080000000,0x0000000083060698,0x0000000084300000)
 Metaspace       used 56605K, committed 57920K, reserved 1114112K
  class space    used 6134K, committed 6656K, reserved 1048576K
}
Event: 375.578 GC heap after
{Heap after GC invocations=35 (full 2):
 PSYoungGen      total 22528K, used 1056K [0x00000000d5580000, 0x00000000d6d80000, 0x0000000100000000)
  eden space 20992K, 0% used [0x00000000d5580000,0x00000000d5580000,0x00000000d6a00000)
  from space 1536K, 68% used [0x00000000d6b00000,0x00000000d6c08000,0x00000000d6c80000)
  to   space 1024K, 0% used [0x00000000d6c80000,0x00000000d6c80000,0x00000000d6d80000)
 ParOldGen       total 68608K, used 50200K [0x0000000080000000, 0x0000000084300000, 0x00000000d5580000)
  object space 68608K, 73% used [0x0000000080000000,0x00000000831062c8,0x0000000084300000)
 Metaspace       used 56605K, committed 57920K, reserved 1114112K
  class space    used 6134K, committed 6656K, reserved 1048576K
}
Event: 402.088 GC heap before
{Heap before GC invocations=36 (full 2):
 PSYoungGen      total 22528K, used 22048K [0x00000000d5580000, 0x00000000d6d80000, 0x0000000100000000)
  eden space 20992K, 100% used [0x00000000d5580000,0x00000000d6a00000,0x00000000d6a00000)
  from space 1536K, 68% used [0x00000000d6b00000,0x00000000d6c08000,0x00000000d6c80000)
  to   space 1024K, 0% used [0x00000000d6c80000,0x00000000d6c80000,0x00000000d6d80000)
 ParOldGen       total 68608K, used 50200K [0x0000000080000000, 0x0000000084300000, 0x00000000d5580000)
  object space 68608K, 73% used [0x0000000080000000,0x00000000831062c8,0x0000000084300000)
 Metaspace       used 56953K, committed 58240K, reserved 1114112K
  class space    used 6169K, committed 6720K, reserved 1048576K
}
Event: 402.092 GC heap after
{Heap after GC invocations=36 (full 2):
 PSYoungGen      total 22016K, used 551K [0x00000000d5580000, 0x00000000d6d80000, 0x0000000100000000)
  eden space 20992K, 0% used [0x00000000d5580000,0x00000000d5580000,0x00000000d6a00000)
  from space 1024K, 53% used [0x00000000d6c80000,0x00000000d6d09fb8,0x00000000d6d80000)
  to   space 1024K, 0% used [0x00000000d6b80000,0x00000000d6b80000,0x00000000d6c80000)
 ParOldGen       total 68608K, used 51128K [0x0000000080000000, 0x0000000084300000, 0x00000000d5580000)
  object space 68608K, 74% used [0x0000000080000000,0x00000000831ee2c8,0x0000000084300000)
 Metaspace       used 56953K, committed 58240K, reserved 1114112K
  class space    used 6169K, committed 6720K, reserved 1048576K
}
Event: 402.947 GC heap before
{Heap before GC invocations=37 (full 2):
 PSYoungGen      total 22016K, used 21543K [0x00000000d5580000, 0x00000000d6d80000, 0x0000000100000000)
  eden space 20992K, 100% used [0x00000000d5580000,0x00000000d6a00000,0x00000000d6a00000)
  from space 1024K, 53% used [0x00000000d6c80000,0x00000000d6d09fb8,0x00000000d6d80000)
  to   space 1024K, 0% used [0x00000000d6b80000,0x00000000d6b80000,0x00000000d6c80000)
 ParOldGen       total 68608K, used 51128K [0x0000000080000000, 0x0000000084300000, 0x00000000d5580000)
  object space 68608K, 74% used [0x0000000080000000,0x00000000831ee2c8,0x0000000084300000)
 Metaspace       used 57164K, committed 58432K, reserved 1114112K
  class space    used 6191K, committed 6720K, reserved 1048576K
}
Event: 402.949 GC heap after
{Heap after GC invocations=37 (full 2):
 PSYoungGen      total 22016K, used 868K [0x00000000d5580000, 0x00000000d6d00000, 0x0000000100000000)
  eden space 20992K, 0% used [0x00000000d5580000,0x00000000d5580000,0x00000000d6a00000)
  from space 1024K, 84% used [0x00000000d6b80000,0x00000000d6c593e8,0x00000000d6c80000)
  to   space 512K, 0% used [0x00000000d6c80000,0x00000000d6c80000,0x00000000d6d00000)
 ParOldGen       total 68608K, used 51432K [0x0000000080000000, 0x0000000084300000, 0x00000000d5580000)
  object space 68608K, 74% used [0x0000000080000000,0x000000008323a2e8,0x0000000084300000)
 Metaspace       used 57164K, committed 58432K, reserved 1114112K
  class space    used 6191K, committed 6720K, reserved 1048576K
}
Event: 403.496 GC heap before
{Heap before GC invocations=38 (full 2):
 PSYoungGen      total 22016K, used 21860K [0x00000000d5580000, 0x00000000d6d00000, 0x0000000100000000)
  eden space 20992K, 100% used [0x00000000d5580000,0x00000000d6a00000,0x00000000d6a00000)
  from space 1024K, 84% used [0x00000000d6b80000,0x00000000d6c593e8,0x00000000d6c80000)
  to   space 512K, 0% used [0x00000000d6c80000,0x00000000d6c80000,0x00000000d6d00000)
 ParOldGen       total 68608K, used 51432K [0x0000000080000000, 0x0000000084300000, 0x00000000d5580000)
  object space 68608K, 74% used [0x0000000080000000,0x000000008323a2e8,0x0000000084300000)
 Metaspace       used 57171K, committed 58432K, reserved 1114112K
  class space    used 6191K, committed 6720K, reserved 1048576K
}
Event: 403.499 GC heap after
{Heap after GC invocations=38 (full 2):
 PSYoungGen      total 21504K, used 256K [0x00000000d5580000, 0x00000000d6d00000, 0x0000000100000000)
  eden space 20992K, 0% used [0x00000000d5580000,0x00000000d5580000,0x00000000d6a00000)
  from space 512K, 50% used [0x00000000d6c80000,0x00000000d6cc0000,0x00000000d6d00000)
  to   space 512K, 0% used [0x00000000d6c00000,0x00000000d6c00000,0x00000000d6c80000)
 ParOldGen       total 68608K, used 51960K [0x0000000080000000, 0x0000000084300000, 0x00000000d5580000)
  object space 68608K, 75% used [0x0000000080000000,0x00000000832be2e8,0x0000000084300000)
 Metaspace       used 57171K, committed 58432K, reserved 1114112K
  class space    used 6191K, committed 6720K, reserved 1048576K
}
Event: 408.976 GC heap before
{Heap before GC invocations=39 (full 2):
 PSYoungGen      total 21504K, used 21248K [0x00000000d5580000, 0x00000000d6d00000, 0x0000000100000000)
  eden space 20992K, 100% used [0x00000000d5580000,0x00000000d6a00000,0x00000000d6a00000)
  from space 512K, 50% used [0x00000000d6c80000,0x00000000d6cc0000,0x00000000d6d00000)
  to   space 512K, 0% used [0x00000000d6c00000,0x00000000d6c00000,0x00000000d6c80000)
 ParOldGen       total 68608K, used 51960K [0x0000000080000000, 0x0000000084300000, 0x00000000d5580000)
  object space 68608K, 75% used [0x0000000080000000,0x00000000832be2e8,0x0000000084300000)
 Metaspace       used 57184K, committed 58432K, reserved 1114112K
  class space    used 6191K, committed 6720K, reserved 1048576K
}
Event: 408.978 GC heap after
{Heap after GC invocations=39 (full 2):
 PSYoungGen      total 21504K, used 423K [0x00000000d5580000, 0x00000000d6d00000, 0x0000000100000000)
  eden space 20992K, 0% used [0x00000000d5580000,0x00000000d5580000,0x00000000d6a00000)
  from space 512K, 82% used [0x00000000d6c00000,0x00000000d6c69c68,0x00000000d6c80000)
  to   space 512K, 0% used [0x00000000d6c80000,0x00000000d6c80000,0x00000000d6d00000)
 ParOldGen       total 68608K, used 52792K [0x0000000080000000, 0x0000000084300000, 0x00000000d5580000)
  object space 68608K, 76% used [0x0000000080000000,0x000000008338e3f0,0x0000000084300000)
 Metaspace       used 57184K, committed 58432K, reserved 1114112K
  class space    used 6191K, committed 6720K, reserved 1048576K
}
Event: 409.311 GC heap before
{Heap before GC invocations=40 (full 2):
 PSYoungGen      total 21504K, used 21415K [0x00000000d5580000, 0x00000000d6d00000, 0x0000000100000000)
  eden space 20992K, 100% used [0x00000000d5580000,0x00000000d6a00000,0x00000000d6a00000)
  from space 512K, 82% used [0x00000000d6c00000,0x00000000d6c69c68,0x00000000d6c80000)
  to   space 512K, 0% used [0x00000000d6c80000,0x00000000d6c80000,0x00000000d6d00000)
 ParOldGen       total 68608K, used 52792K [0x0000000080000000, 0x0000000084300000, 0x00000000d5580000)
  object space 68608K, 76% used [0x0000000080000000,0x000000008338e3f0,0x0000000084300000)
 Metaspace       used 57184K, committed 58432K, reserved 1114112K
  class space    used 6191K, committed 6720K, reserved 1048576K
}
Event: 409.314 GC heap after
{Heap after GC invocations=40 (full 2):
 PSYoungGen      total 21504K, used 512K [0x00000000d5580000, 0x00000000d6d00000, 0x0000000100000000)
  eden space 20992K, 0% used [0x00000000d5580000,0x00000000d5580000,0x00000000d6a00000)
  from space 512K, 100% used [0x00000000d6c80000,0x00000000d6d00000,0x00000000d6d00000)
  to   space 1536K, 0% used [0x00000000d6a00000,0x00000000d6a00000,0x00000000d6b80000)
 ParOldGen       total 68608K, used 53563K [0x0000000080000000, 0x0000000084300000, 0x00000000d5580000)
  object space 68608K, 78% used [0x0000000080000000,0x000000008344efd0,0x0000000084300000)
 Metaspace       used 57184K, committed 58432K, reserved 1114112K
  class space    used 6191K, committed 6720K, reserved 1048576K
}
Event: 416.905 GC heap before
{Heap before GC invocations=41 (full 2):
 PSYoungGen      total 21504K, used 21504K [0x00000000d5580000, 0x00000000d6d00000, 0x0000000100000000)
  eden space 20992K, 100% used [0x00000000d5580000,0x00000000d6a00000,0x00000000d6a00000)
  from space 512K, 100% used [0x00000000d6c80000,0x00000000d6d00000,0x00000000d6d00000)
  to   space 1536K, 0% used [0x00000000d6a00000,0x00000000d6a00000,0x00000000d6b80000)
 ParOldGen       total 68608K, used 53563K [0x0000000080000000, 0x0000000084300000, 0x00000000d5580000)
  object space 68608K, 78% used [0x0000000080000000,0x000000008344efd0,0x0000000084300000)
 Metaspace       used 57202K, committed 58560K, reserved 1114112K
  class space    used 6194K, committed 6784K, reserved 1048576K
}
Event: 416.911 GC heap after
{Heap after GC invocations=41 (full 2):
 PSYoungGen      total 22528K, used 448K [0x00000000d5580000, 0x00000000d6d00000, 0x0000000100000000)
  eden space 20992K, 0% used [0x00000000d5580000,0x00000000d5580000,0x00000000d6a00000)
  from space 1536K, 29% used [0x00000000d6a00000,0x00000000d6a70000,0x00000000d6b80000)
  to   space 1024K, 0% used [0x00000000d6c00000,0x00000000d6c00000,0x00000000d6d00000)
 ParOldGen       total 68608K, used 54083K [0x0000000080000000, 0x0000000084300000, 0x00000000d5580000)
  object space 68608K, 78% used [0x0000000080000000,0x00000000834d0fe0,0x0000000084300000)
 Metaspace       used 57202K, committed 58560K, reserved 1114112K
  class space    used 6194K, committed 6784K, reserved 1048576K
}
Event: 417.424 GC heap before
{Heap before GC invocations=42 (full 2):
 PSYoungGen      total 22528K, used 21440K [0x00000000d5580000, 0x00000000d6d00000, 0x0000000100000000)
  eden space 20992K, 100% used [0x00000000d5580000,0x00000000d6a00000,0x00000000d6a00000)
  from space 1536K, 29% used [0x00000000d6a00000,0x00000000d6a70000,0x00000000d6b80000)
  to   space 1024K, 0% used [0x00000000d6c00000,0x00000000d6c00000,0x00000000d6d00000)
 ParOldGen       total 68608K, used 54083K [0x0000000080000000, 0x0000000084300000, 0x00000000d5580000)
  object space 68608K, 78% used [0x0000000080000000,0x00000000834d0fe0,0x0000000084300000)
 Metaspace       used 57320K, committed 58624K, reserved 1114112K
  class space    used 6207K, committed 6784K, reserved 1048576K
}
Event: 417.427 GC heap after
{Heap after GC invocations=42 (full 2):
 PSYoungGen      total 21504K, used 434K [0x00000000d5580000, 0x00000000d6c80000, 0x0000000100000000)
  eden space 20992K, 0% used [0x00000000d5580000,0x00000000d5580000,0x00000000d6a00000)
  from space 512K, 84% used [0x00000000d6c00000,0x00000000d6c6c940,0x00000000d6c80000)
  to   space 512K, 0% used [0x00000000d6b80000,0x00000000d6b80000,0x00000000d6c00000)
 ParOldGen       total 68608K, used 54419K [0x0000000080000000, 0x0000000084300000, 0x00000000d5580000)
  object space 68608K, 79% used [0x0000000080000000,0x0000000083524fe0,0x0000000084300000)
 Metaspace       used 57320K, committed 58624K, reserved 1114112K
  class space    used 6207K, committed 6784K, reserved 1048576K
}
Event: 417.896 GC heap before
{Heap before GC invocations=43 (full 2):
 PSYoungGen      total 21504K, used 21426K [0x00000000d5580000, 0x00000000d6c80000, 0x0000000100000000)
  eden space 20992K, 100% used [0x00000000d5580000,0x00000000d6a00000,0x00000000d6a00000)
  from space 512K, 84% used [0x00000000d6c00000,0x00000000d6c6c940,0x00000000d6c80000)
  to   space 512K, 0% used [0x00000000d6b80000,0x00000000d6b80000,0x00000000d6c00000)
 ParOldGen       total 68608K, used 54419K [0x0000000080000000, 0x0000000084300000, 0x00000000d5580000)
  object space 68608K, 79% used [0x0000000080000000,0x0000000083524fe0,0x0000000084300000)
 Metaspace       used 57327K, committed 58688K, reserved 1114112K
  class space    used 6207K, committed 6784K, reserved 1048576K
}
Event: 417.901 GC heap after
{Heap after GC invocations=43 (full 2):
 PSYoungGen      total 21504K, used 503K [0x00000000d5580000, 0x00000000d6f00000, 0x0000000100000000)
  eden space 20992K, 0% used [0x00000000d5580000,0x00000000d5580000,0x00000000d6a00000)
  from space 512K, 98% used [0x00000000d6b80000,0x00000000d6bfdc78,0x00000000d6c00000)
  to   space 2560K, 0% used [0x00000000d6c80000,0x00000000d6c80000,0x00000000d6f00000)
 ParOldGen       total 68608K, used 55950K [0x0000000080000000, 0x0000000084300000, 0x00000000d5580000)
  object space 68608K, 81% used [0x0000000080000000,0x00000000836a39e8,0x0000000084300000)
 Metaspace       used 57327K, committed 58688K, reserved 1114112K
  class space    used 6207K, committed 6784K, reserved 1048576K
}
Event: 418.240 GC heap before
{Heap before GC invocations=44 (full 2):
 PSYoungGen      total 21504K, used 21495K [0x00000000d5580000, 0x00000000d6f00000, 0x0000000100000000)
  eden space 20992K, 100% used [0x00000000d5580000,0x00000000d6a00000,0x00000000d6a00000)
  from space 512K, 98% used [0x00000000d6b80000,0x00000000d6bfdc78,0x00000000d6c00000)
  to   space 2560K, 0% used [0x00000000d6c80000,0x00000000d6c80000,0x00000000d6f00000)
 ParOldGen       total 68608K, used 55950K [0x0000000080000000, 0x0000000084300000, 0x00000000d5580000)
  object space 68608K, 81% used [0x0000000080000000,0x00000000836a39e8,0x0000000084300000)
 Metaspace       used 57395K, committed 58752K, reserved 1114112K
  class space    used 6211K, committed 6784K, reserved 1048576K
}
Event: 418.243 GC heap after
{Heap after GC invocations=44 (full 2):
 PSYoungGen      total 21504K, used 224K [0x00000000d5580000, 0x00000000d6d00000, 0x0000000100000000)
  eden space 20992K, 0% used [0x00000000d5580000,0x00000000d5580000,0x00000000d6a00000)
  from space 512K, 43% used [0x00000000d6c80000,0x00000000d6cb8000,0x00000000d6d00000)
  to   space 1024K, 0% used [0x00000000d6b00000,0x00000000d6b00000,0x00000000d6c00000)
 ParOldGen       total 68608K, used 56118K [0x0000000080000000, 0x0000000084300000, 0x00000000d5580000)
  object space 68608K, 81% used [0x0000000080000000,0x00000000836cd9f8,0x0000000084300000)
 Metaspace       used 57395K, committed 58752K, reserved 1114112K
  class space    used 6211K, committed 6784K, reserved 1048576K
}

Dll operation events (12 events):
Event: 0.018 Loaded shared library c:\Users\pro\.vscode\extensions\redhat.java-1.51.0-win32-x64\jre\21.0.9-win32-x86_64\bin\java.dll
Event: 1.471 Loaded shared library c:\Users\pro\.vscode\extensions\redhat.java-1.51.0-win32-x64\jre\21.0.9-win32-x86_64\bin\zip.dll
Event: 2.118 Loaded shared library C:\Users\pro\.vscode\extensions\redhat.java-1.51.0-win32-x64\jre\21.0.9-win32-x86_64\bin\instrument.dll
Event: 2.371 Loaded shared library C:\Users\pro\.vscode\extensions\redhat.java-1.51.0-win32-x64\jre\21.0.9-win32-x86_64\bin\net.dll
Event: 2.381 Loaded shared library C:\Users\pro\.vscode\extensions\redhat.java-1.51.0-win32-x64\jre\21.0.9-win32-x86_64\bin\nio.dll
Event: 2.388 Loaded shared library C:\Users\pro\.vscode\extensions\redhat.java-1.51.0-win32-x64\jre\21.0.9-win32-x86_64\bin\zip.dll
Event: 2.640 Loaded shared library C:\Users\pro\.vscode\extensions\redhat.java-1.51.0-win32-x64\jre\21.0.9-win32-x86_64\bin\jimage.dll
Event: 4.021 Loaded shared library c:\Users\pro\.vscode\extensions\redhat.java-1.51.0-win32-x64\jre\21.0.9-win32-x86_64\bin\verify.dll
Event: 18.355 Loaded shared library C:\Users\pro\AppData\Roaming\Code\User\globalStorage\redhat.java\1.51.0\config_win\org.eclipse.equinox.launcher\org.eclipse.equinox.launcher.win32.win32.x86_64_1.2.1400.v20250801-0854\eclipse_11916.dll
Event: 184.380 Loaded shared library C:\Users\pro\AppData\Local\Temp\jna-111277\jna15692877691907406473.dll
Event: 245.858 Loaded shared library C:\Users\pro\.vscode\extensions\redhat.java-1.51.0-win32-x64\jre\21.0.9-win32-x86_64\bin\sunmscapi.dll
Event: 247.856 Loaded shared library C:\Users\pro\.vscode\extensions\redhat.java-1.51.0-win32-x64\jre\21.0.9-win32-x86_64\bin\extnet.dll

Deoptimization events (20 events):
Event: 418.244 Thread 0x0000022ef420c000 Uncommon trap: trap_request=0xffffffc6 fr.pc=0x0000022ea0507954 relative=0x0000000000000d54
Event: 418.244 Thread 0x0000022ef420c000 Uncommon trap: reason=bimorphic_or_optimized_type_check action=maybe_recompile pc=0x0000022ea0507954 method=java.util.concurrent.ConcurrentHashMap.putAll(Ljava/util/Map;)V @ 23 c2
Event: 418.244 Thread 0x0000022ef420c000 DEOPT PACKING pc=0x0000022ea0507954 sp=0x000000ea778fe870
Event: 418.244 Thread 0x0000022ef420c000 DEOPT UNPACKING pc=0x0000022e9fa83aa2 sp=0x000000ea778fe820 mode 2
Event: 418.244 Thread 0x0000022ef420c000 Uncommon trap: trap_request=0xffffffde fr.pc=0x0000022ea04d5450 relative=0x0000000000000cb0
Event: 418.244 Thread 0x0000022ef420c000 Uncommon trap: reason=class_check action=maybe_recompile pc=0x0000022ea04d5450 method=java.util.concurrent.ConcurrentHashMap.putVal(Ljava/lang/Object;Ljava/lang/Object;Z)Ljava/lang/Object; @ 242 c2
Event: 418.244 Thread 0x0000022ef420c000 DEOPT PACKING pc=0x0000022ea04d5450 sp=0x000000ea778fe780
Event: 418.244 Thread 0x0000022ef420c000 DEOPT UNPACKING pc=0x0000022e9fa83aa2 sp=0x000000ea778fe710 mode 2
Event: 418.267 Thread 0x0000022ef420c690 Uncommon trap: trap_request=0xffffffc6 fr.pc=0x0000022ea0507954 relative=0x0000000000000d54
Event: 418.269 Thread 0x0000022ef420c690 Uncommon trap: reason=bimorphic_or_optimized_type_check action=maybe_recompile pc=0x0000022ea0507954 method=java.util.concurrent.ConcurrentHashMap.putAll(Ljava/util/Map;)V @ 23 c2
Event: 418.269 Thread 0x0000022ef420c690 DEOPT PACKING pc=0x0000022ea0507954 sp=0x000000ea77afe400
Event: 418.269 Thread 0x0000022ef420c690 DEOPT UNPACKING pc=0x0000022e9fa83aa2 sp=0x000000ea77afe3b0 mode 2
Event: 418.271 Thread 0x0000022ef420c690 Uncommon trap: trap_request=0xffffffc6 fr.pc=0x0000022ea0507954 relative=0x0000000000000d54
Event: 418.271 Thread 0x0000022ef420c690 Uncommon trap: reason=bimorphic_or_optimized_type_check action=maybe_recompile pc=0x0000022ea0507954 method=java.util.concurrent.ConcurrentHashMap.putAll(Ljava/util/Map;)V @ 23 c2
Event: 418.271 Thread 0x0000022ef420c690 DEOPT PACKING pc=0x0000022ea0507954 sp=0x000000ea77afe400
Event: 418.271 Thread 0x0000022ef420c690 DEOPT UNPACKING pc=0x0000022e9fa83aa2 sp=0x000000ea77afe3b0 mode 2
Event: 418.287 Thread 0x0000022ef420c690 Uncommon trap: trap_request=0xffffffc6 fr.pc=0x0000022ea0507954 relative=0x0000000000000d54
Event: 418.287 Thread 0x0000022ef420c690 Uncommon trap: reason=bimorphic_or_optimized_type_check action=maybe_recompile pc=0x0000022ea0507954 method=java.util.concurrent.ConcurrentHashMap.putAll(Ljava/util/Map;)V @ 23 c2
Event: 418.287 Thread 0x0000022ef420c690 DEOPT PACKING pc=0x0000022ea0507954 sp=0x000000ea77afe4e0
Event: 418.287 Thread 0x0000022ef420c690 DEOPT UNPACKING pc=0x0000022e9fa83aa2 sp=0x000000ea77afe490 mode 2

Classes loaded (20 events):
Event: 305.508 Loading class sun/nio/ch/Util$4
Event: 305.509 Loading class sun/nio/ch/Util$4 done
Event: 305.530 Loading class java/nio/file/ClosedDirectoryStreamException
Event: 305.530 Loading class java/nio/file/ClosedDirectoryStreamException done
Event: 305.530 Loading class jdk/internal/jrtfs/JrtFileSystem
Event: 305.531 Loading class jdk/internal/jrtfs/JrtFileSystem done
Event: 305.531 Loading class jdk/internal/jrtfs/JrtPath
Event: 305.532 Loading class jdk/internal/jrtfs/JrtPath done
Event: 305.533 Loading class jdk/internal/jimage/ImageReader$Node
Event: 305.533 Loading class jdk/internal/jimage/ImageReader$Node done
Event: 305.547 Loading class java/nio/ByteBufferAsIntBufferL
Event: 305.547 Loading class java/nio/ByteBufferAsIntBufferL done
Event: 306.084 Loading class jdk/internal/jimage/ImageReader$Directory
Event: 306.085 Loading class jdk/internal/jimage/ImageReader$Directory done
Event: 311.207 Loading class java/nio/channels/Channels$ReadableByteChannelImpl
Event: 311.207 Loading class java/nio/channels/Channels$ReadableByteChannelImpl done
Event: 311.209 Loading class java/nio/channels/NonWritableChannelException
Event: 311.209 Loading class java/nio/channels/NonWritableChannelException done
Event: 401.025 Loading class java/lang/invoke/MethodHandleImpl$CountingWrapper$1
Event: 401.026 Loading class java/lang/invoke/MethodHandleImpl$CountingWrapper$1 done

Classes unloaded (7 events):
Event: 193.610 Thread 0x0000022e953b1720 Unloading class 0x0000022ead1a4000 'java/lang/invoke/LambdaForm$MH+0x0000022ead1a4000'
Event: 193.610 Thread 0x0000022e953b1720 Unloading class 0x0000022ead1a3c00 'java/lang/invoke/LambdaForm$MH+0x0000022ead1a3c00'
Event: 193.610 Thread 0x0000022e953b1720 Unloading class 0x0000022ead1a3800 'java/lang/invoke/LambdaForm$MH+0x0000022ead1a3800'
Event: 193.610 Thread 0x0000022e953b1720 Unloading class 0x0000022ead1a3400 'java/lang/invoke/LambdaForm$MH+0x0000022ead1a3400'
Event: 193.610 Thread 0x0000022e953b1720 Unloading class 0x0000022ead1a3000 'java/lang/invoke/LambdaForm$BMH+0x0000022ead1a3000'
Event: 193.610 Thread 0x0000022e953b1720 Unloading class 0x0000022ead1a2c00 'java/lang/invoke/LambdaForm$DMH+0x0000022ead1a2c00'
Event: 193.610 Thread 0x0000022e953b1720 Unloading class 0x0000022ead1a1800 'java/lang/invoke/LambdaForm$DMH+0x0000022ead1a1800'

Classes redefined (0 events):
No events

Internal exceptions (20 events):
Event: 401.615 Thread 0x0000022ef420c000 Exception <a 'sun/nio/fs/WindowsException'{0x00000000d5b0ad68}> (0x00000000d5b0ad68) 
thrown [s\src\hotspot\share\prims\jni.cpp, line 520]
Event: 401.616 Thread 0x0000022ef420c000 Exception <a 'sun/nio/fs/WindowsException'{0x00000000d5b0c0c0}> (0x00000000d5b0c0c0) 
thrown [s\src\hotspot\share\prims\jni.cpp, line 520]
Event: 401.616 Thread 0x0000022ef420c000 Exception <a 'sun/nio/fs/WindowsException'{0x00000000d5b0c9a0}> (0x00000000d5b0c9a0) 
thrown [s\src\hotspot\share\prims\jni.cpp, line 520]
Event: 401.617 Thread 0x0000022ef420c000 Exception <a 'sun/nio/fs/WindowsException'{0x00000000d5b0dd08}> (0x00000000d5b0dd08) 
thrown [s\src\hotspot\share\prims\jni.cpp, line 520]
Event: 401.617 Thread 0x0000022ef420c000 Exception <a 'sun/nio/fs/WindowsException'{0x00000000d5b0e808}> (0x00000000d5b0e808) 
thrown [s\src\hotspot\share\prims\jni.cpp, line 520]
Event: 401.627 Thread 0x0000022ef420c000 Exception <a 'sun/nio/fs/WindowsException'{0x00000000d5b2e7a0}> (0x00000000d5b2e7a0) 
thrown [s\src\hotspot\share\prims\jni.cpp, line 520]
Event: 401.627 Thread 0x0000022ef420c000 Exception <a 'sun/nio/fs/WindowsException'{0x00000000d5b2f2a0}> (0x00000000d5b2f2a0) 
thrown [s\src\hotspot\share\prims\jni.cpp, line 520]
Event: 401.628 Thread 0x0000022ef420c000 Exception <a 'sun/nio/fs/WindowsException'{0x00000000d5b305f8}> (0x00000000d5b305f8) 
thrown [s\src\hotspot\share\prims\jni.cpp, line 520]
Event: 401.628 Thread 0x0000022ef420c000 Exception <a 'sun/nio/fs/WindowsException'{0x00000000d5b30ed8}> (0x00000000d5b30ed8) 
thrown [s\src\hotspot\share\prims\jni.cpp, line 520]
Event: 401.629 Thread 0x0000022ef420c000 Exception <a 'sun/nio/fs/WindowsException'{0x00000000d5b7c408}> (0x00000000d5b7c408) 
thrown [s\src\hotspot\share\prims\jni.cpp, line 520]
Event: 401.631 Thread 0x0000022ef420c000 Exception <a 'sun/nio/fs/WindowsException'{0x00000000d5b7cf08}> (0x00000000d5b7cf08) 
thrown [s\src\hotspot\share\prims\jni.cpp, line 520]
Event: 401.631 Thread 0x0000022ef420c000 Exception <a 'sun/nio/fs/WindowsException'{0x00000000d5b7e150}> (0x00000000d5b7e150) 
thrown [s\src\hotspot\share\prims\jni.cpp, line 520]
Event: 401.631 Thread 0x0000022ef420c000 Exception <a 'sun/nio/fs/WindowsException'{0x00000000d5b7ec50}> (0x00000000d5b7ec50) 
thrown [s\src\hotspot\share\prims\jni.cpp, line 520]
Event: 401.632 Thread 0x0000022ef420c000 Exception <a 'sun/nio/fs/WindowsException'{0x00000000d5b7ffa8}> (0x00000000d5b7ffa8) 
thrown [s\src\hotspot\share\prims\jni.cpp, line 520]
Event: 401.632 Thread 0x0000022ef420c000 Exception <a 'sun/nio/fs/WindowsException'{0x00000000d5b80888}> (0x00000000d5b80888) 
thrown [s\src\hotspot\share\prims\jni.cpp, line 520]
Event: 418.248 Thread 0x0000022ef420c690 Exception <a 'sun/nio/fs/WindowsException'{0x00000000d5601160}> (0x00000000d5601160) 
thrown [s\src\hotspot\share\prims\jni.cpp, line 520]
Event: 418.248 Thread 0x0000022ef420c690 Exception <a 'sun/nio/fs/WindowsException'{0x00000000d56028f8}> (0x00000000d56028f8) 
thrown [s\src\hotspot\share\prims\jni.cpp, line 520]
Event: 418.249 Thread 0x0000022ef420c690 Exception <a 'sun/nio/fs/WindowsException'{0x00000000d5603c50}> (0x00000000d5603c50) 
thrown [s\src\hotspot\share\prims\jni.cpp, line 520]
Event: 418.249 Thread 0x0000022ef420c690 Exception <a 'sun/nio/fs/WindowsException'{0x00000000d5604530}> (0x00000000d5604530) 
thrown [s\src\hotspot\share\prims\jni.cpp, line 520]
Event: 998.686 Thread 0x0000022ef420b970 Exception <a 'java/lang/IncompatibleClassChangeError'{0x00000000d5c13e08}: Found class java.lang.Object, but interface was expected> (0x00000000d5c13e08) 
thrown [s\src\hotspot\share\interpreter\linkResolver.cpp, line 840]

ZGC Phase Switch (0 events):
No events

VM Operations (20 events):
Event: 2888.204 Executing VM operation: RendezvousGCThreads
Event: 2888.204 Executing VM operation: RendezvousGCThreads done
Event: 2948.328 Executing VM operation: HandshakeAllThreads (HandshakeForDeflation)
Event: 2948.328 Executing VM operation: HandshakeAllThreads (HandshakeForDeflation) done
Event: 2948.328 Executing VM operation: RendezvousGCThreads
Event: 2948.328 Executing VM operation: RendezvousGCThreads done
Event: 3187.690 Executing VM operation: Cleanup
Event: 3187.692 Executing VM operation: Cleanup done
Event: 3188.664 Executing VM operation: HandshakeAllThreads (HandshakeForDeflation)
Event: 3188.664 Executing VM operation: HandshakeAllThreads (HandshakeForDeflation) done
Event: 3188.664 Executing VM operation: RendezvousGCThreads
Event: 3188.664 Executing VM operation: RendezvousGCThreads done
Event: 3248.812 Executing VM operation: HandshakeAllThreads (HandshakeForDeflation)
Event: 3248.813 Executing VM operation: HandshakeAllThreads (HandshakeForDeflation) done
Event: 3248.813 Executing VM operation: RendezvousGCThreads
Event: 3248.813 Executing VM operation: RendezvousGCThreads done
Event: 3308.866 Executing VM operation: HandshakeAllThreads (HandshakeForDeflation)
Event: 3308.866 Executing VM operation: HandshakeAllThreads (HandshakeForDeflation) done
Event: 3308.866 Executing VM operation: RendezvousGCThreads
Event: 3308.866 Executing VM operation: RendezvousGCThreads done

Memory protections (0 events):
No events

Nmethod flushes (20 events):
Event: 229.309 Thread 0x0000022e953b1720 flushing  nmethod 0x0000022e98be8490
Event: 229.309 Thread 0x0000022e953b1720 flushing  nmethod 0x0000022e98be9910
Event: 229.309 Thread 0x0000022e953b1720 flushing  nmethod 0x0000022e98bea210
Event: 229.309 Thread 0x0000022e953b1720 flushing  nmethod 0x0000022e98beb410
Event: 229.309 Thread 0x0000022e953b1720 flushing  nmethod 0x0000022e98bec710
Event: 229.309 Thread 0x0000022e953b1720 flushing  nmethod 0x0000022e98bee810
Event: 229.309 Thread 0x0000022e953b1720 flushing  nmethod 0x0000022e98bef110
Event: 229.309 Thread 0x0000022e953b1720 flushing  nmethod 0x0000022e98bf0610
Event: 229.309 Thread 0x0000022e953b1720 flushing  nmethod 0x0000022e98bf1010
Event: 229.309 Thread 0x0000022e953b1720 flushing  nmethod 0x0000022e98bf1b90
Event: 229.309 Thread 0x0000022e953b1720 flushing  nmethod 0x0000022e98bf3310
Event: 229.309 Thread 0x0000022e953b1720 flushing  nmethod 0x0000022e98c2de90
Event: 229.309 Thread 0x0000022e953b1720 flushing  nmethod 0x0000022e98c2f310
Event: 229.309 Thread 0x0000022e953b1720 flushing  nmethod 0x0000022e98c32290
Event: 229.309 Thread 0x0000022e953b1720 flushing  nmethod 0x0000022e98c39f10
Event: 229.309 Thread 0x0000022e953b1720 flushing  nmethod 0x0000022e98c9b210
Event: 229.309 Thread 0x0000022e953b1720 flushing osr nmethod 0x0000022e98ca7e10
Event: 229.309 Thread 0x0000022e953b1720 flushing  nmethod 0x0000022e98caa490
Event: 229.309 Thread 0x0000022e953b1720 flushing  nmethod 0x0000022e98cd8790
Event: 229.309 Thread 0x0000022e953b1720 flushing  nmethod 0x0000022e98cd8c10

Events (20 events):
Event: 312.964 Thread 0x0000022e951e8e00 Thread added: 0x0000022ef4497500
Event: 313.342 Thread 0x0000022ef4497500 Thread exited: 0x0000022ef4497500
Event: 354.852 Thread 0x0000022ef25ce400 Thread exited: 0x0000022ef25ce400
Event: 358.854 Thread 0x0000022ef25cf120 Thread exited: 0x0000022ef25cf120
Event: 364.007 Thread 0x0000022ef25d04d0 Thread added: 0x0000022ef3241d20
Event: 364.008 Thread 0x0000022ef25d04d0 Thread added: 0x0000022ef3241000
Event: 364.008 Thread 0x0000022ef25d04d0 Thread added: 0x0000022ef3244b10
Event: 364.974 Thread 0x0000022ef25d04d0 Thread added: 0x0000022ef323e8a0
Event: 364.975 Thread 0x0000022ef25d04d0 Thread added: 0x0000022ef3243df0
Event: 374.542 Thread 0x0000022ef3243df0 Thread exited: 0x0000022ef3243df0
Event: 374.542 Thread 0x0000022ef3241d20 Thread exited: 0x0000022ef3241d20
Event: 374.542 Thread 0x0000022ef323e8a0 Thread exited: 0x0000022ef323e8a0
Event: 374.542 Thread 0x0000022ef3241000 Thread exited: 0x0000022ef3241000
Event: 374.544 Thread 0x0000022ef3244b10 Thread exited: 0x0000022ef3244b10
Event: 418.274 Thread 0x0000022e952558e0 Thread added: 0x0000022ef437e250
Event: 423.641 Thread 0x0000022ef437e250 Thread exited: 0x0000022ef437e250
Event: 478.243 Thread 0x0000022ef25cd050 Thread exited: 0x0000022ef25cd050
Event: 478.497 Thread 0x0000022ef420c690 Thread exited: 0x0000022ef420c690
Event: 538.517 Thread 0x0000022ef420c000 Thread exited: 0x0000022ef420c000
Event: 598.542 Thread 0x0000022ef420d3b0 Thread exited: 0x0000022ef420d3b0


Dynamic libraries:
0x00007ff7064c0000 - 0x00007ff7064ce000 	c:\Users\pro\.vscode\extensions\redhat.java-1.51.0-win32-x64\jre\21.0.9-win32-x86_64\bin\java.exe
0x00007ffbb3730000 - 0x00007ffbb3928000 	C:\Windows\SYSTEM32\ntdll.dll
0x00007ffbb3620000 - 0x00007ffbb36e2000 	C:\Windows\System32\KERNEL32.DLL
0x00007ffbb0e70000 - 0x00007ffbb1166000 	C:\Windows\System32\KERNELBASE.dll
0x00007ffbb1380000 - 0x00007ffbb1480000 	C:\Windows\System32\ucrtbase.dll
0x00007ffb86cc0000 - 0x00007ffb86cd8000 	c:\Users\pro\.vscode\extensions\redhat.java-1.51.0-win32-x64\jre\21.0.9-win32-x86_64\bin\jli.dll
0x00007ffbb2090000 - 0x00007ffbb2231000 	C:\Windows\System32\USER32.dll
0x00007ffbb0dc0000 - 0x00007ffbb0de2000 	C:\Windows\System32\win32u.dll
0x00007ffbb2620000 - 0x00007ffbb264b000 	C:\Windows\System32\GDI32.dll
0x00007ffbb14b0000 - 0x00007ffbb15c9000 	C:\Windows\System32\gdi32full.dll
0x00007ffbb15d0000 - 0x00007ffbb166d000 	C:\Windows\System32\msvcp_win.dll
0x00007ffb11af0000 - 0x00007ffb11b0e000 	c:\Users\pro\.vscode\extensions\redhat.java-1.51.0-win32-x64\jre\21.0.9-win32-x86_64\bin\VCRUNTIME140.dll
0x00007ffb94130000 - 0x00007ffb943cb000 	C:\Windows\WinSxS\amd64_microsoft.windows.common-controls_6595b64144ccf1df_6.0.19041.6456_none_60b8a6cb71f64256\COMCTL32.dll
0x00007ffbb1ff0000 - 0x00007ffbb208e000 	C:\Windows\System32\msvcrt.dll
0x00007ffbb2440000 - 0x00007ffbb246f000 	C:\Windows\System32\IMM32.DLL
0x00007ffb21100000 - 0x00007ffb2110c000 	c:\Users\pro\.vscode\extensions\redhat.java-1.51.0-win32-x64\jre\21.0.9-win32-x86_64\bin\vcruntime140_1.dll
0x00007ffb05590000 - 0x00007ffb0561d000 	c:\Users\pro\.vscode\extensions\redhat.java-1.51.0-win32-x64\jre\21.0.9-win32-x86_64\bin\msvcp140.dll
0x00007ffafde30000 - 0x00007ffafebd0000 	c:\Users\pro\.vscode\extensions\redhat.java-1.51.0-win32-x64\jre\21.0.9-win32-x86_64\bin\server\jvm.dll
0x00007ffbb3560000 - 0x00007ffbb3611000 	C:\Windows\System32\ADVAPI32.dll
0x00007ffbb2710000 - 0x00007ffbb27af000 	C:\Windows\System32\sechost.dll
0x00007ffbb2470000 - 0x00007ffbb2590000 	C:\Windows\System32\RPCRT4.dll
0x00007ffbb1480000 - 0x00007ffbb14a7000 	C:\Windows\System32\bcrypt.dll
0x00007ffbb3050000 - 0x00007ffbb30bb000 	C:\Windows\System32\WS2_32.dll
0x00007ffbb0b70000 - 0x00007ffbb0bbb000 	C:\Windows\SYSTEM32\POWRPROF.dll
0x00007ffb98430000 - 0x00007ffb98457000 	C:\Windows\SYSTEM32\WINMM.dll
0x00007ffbab440000 - 0x00007ffbab44a000 	C:\Windows\SYSTEM32\VERSION.dll
0x00007ffbb0b50000 - 0x00007ffbb0b62000 	C:\Windows\SYSTEM32\UMPDC.dll
0x00007ffbaf5d0000 - 0x00007ffbaf5e2000 	C:\Windows\SYSTEM32\kernel.appcore.dll
0x00007ffb1f910000 - 0x00007ffb1f91a000 	c:\Users\pro\.vscode\extensions\redhat.java-1.51.0-win32-x64\jre\21.0.9-win32-x86_64\bin\jimage.dll
0x00007ffbaebe0000 - 0x00007ffbaede1000 	C:\Windows\SYSTEM32\DBGHELP.DLL
0x00007ffba9f20000 - 0x00007ffba9f54000 	C:\Windows\SYSTEM32\dbgcore.DLL
0x00007ffbb1670000 - 0x00007ffbb16f2000 	C:\Windows\System32\bcryptPrimitives.dll
0x00007ffb1d500000 - 0x00007ffb1d50f000 	c:\Users\pro\.vscode\extensions\redhat.java-1.51.0-win32-x64\jre\21.0.9-win32-x86_64\bin\instrument.dll
0x00007ffb11a80000 - 0x00007ffb11aa0000 	c:\Users\pro\.vscode\extensions\redhat.java-1.51.0-win32-x64\jre\21.0.9-win32-x86_64\bin\java.dll
0x00007ffbb27b0000 - 0x00007ffbb2f20000 	C:\Windows\System32\SHELL32.dll
0x00007ffbaee10000 - 0x00007ffbaf5b5000 	C:\Windows\SYSTEM32\windows.storage.dll
0x00007ffbb1820000 - 0x00007ffbb1b74000 	C:\Windows\System32\combase.dll
0x00007ffbb0710000 - 0x00007ffbb073b000 	C:\Windows\SYSTEM32\Wldp.dll
0x00007ffbb3160000 - 0x00007ffbb322d000 	C:\Windows\System32\OLEAUT32.dll
0x00007ffbb1750000 - 0x00007ffbb17fd000 	C:\Windows\System32\SHCORE.dll
0x00007ffbb2650000 - 0x00007ffbb26ab000 	C:\Windows\System32\shlwapi.dll
0x00007ffbb0cf0000 - 0x00007ffbb0d14000 	C:\Windows\SYSTEM32\profapi.dll
0x00007ffb11a20000 - 0x00007ffb11a38000 	c:\Users\pro\.vscode\extensions\redhat.java-1.51.0-win32-x64\jre\21.0.9-win32-x86_64\bin\zip.dll
0x00007ffb1e890000 - 0x00007ffb1e8a0000 	C:\Users\pro\.vscode\extensions\redhat.java-1.51.0-win32-x64\jre\21.0.9-win32-x86_64\bin\net.dll
0x00007ffba6e80000 - 0x00007ffba6f8a000 	C:\Windows\SYSTEM32\WINHTTP.dll
0x00007ffbb0470000 - 0x00007ffbb04da000 	C:\Windows\system32\mswsock.dll
0x00007ffb05400000 - 0x00007ffb05416000 	C:\Users\pro\.vscode\extensions\redhat.java-1.51.0-win32-x64\jre\21.0.9-win32-x86_64\bin\nio.dll
0x00007ffb1d080000 - 0x00007ffb1d090000 	c:\Users\pro\.vscode\extensions\redhat.java-1.51.0-win32-x64\jre\21.0.9-win32-x86_64\bin\verify.dll
0x00007ffb88b00000 - 0x00007ffb88b44000 	C:\Users\pro\AppData\Roaming\Code\User\globalStorage\redhat.java\1.51.0\config_win\org.eclipse.equinox.launcher\org.eclipse.equinox.launcher.win32.win32.x86_64_1.2.1400.v20250801-0854\eclipse_11916.dll
0x00007ffbb2f20000 - 0x00007ffbb304b000 	C:\Windows\System32\ole32.dll
0x00007ffbb0660000 - 0x00007ffbb0678000 	C:\Windows\SYSTEM32\CRYPTSP.dll
0x00007ffbafd90000 - 0x00007ffbafdc8000 	C:\Windows\system32\rsaenh.dll
0x00007ffbb0c70000 - 0x00007ffbb0c9e000 	C:\Windows\SYSTEM32\USERENV.dll
0x00007ffbb0680000 - 0x00007ffbb068c000 	C:\Windows\SYSTEM32\CRYPTBASE.dll
0x00007ffbb0150000 - 0x00007ffbb018b000 	C:\Windows\SYSTEM32\IPHLPAPI.DLL
0x00007ffbb3150000 - 0x00007ffbb3158000 	C:\Windows\System32\NSI.dll
0x00007ffb63e00000 - 0x00007ffb63e49000 	C:\Users\pro\AppData\Local\Temp\jna-111277\jna15692877691907406473.dll
0x00007ffbb3550000 - 0x00007ffbb3558000 	C:\Windows\System32\PSAPI.DLL
0x00007ffba9aa0000 - 0x00007ffba9ab7000 	C:\Windows\SYSTEM32\dhcpcsvc6.DLL
0x00007ffba99d0000 - 0x00007ffba99ed000 	C:\Windows\SYSTEM32\dhcpcsvc.DLL
0x00007ffba84d0000 - 0x00007ffba84de000 	C:\Users\pro\.vscode\extensions\redhat.java-1.51.0-win32-x64\jre\21.0.9-win32-x86_64\bin\sunmscapi.dll
0x00007ffbb1220000 - 0x00007ffbb137d000 	C:\Windows\System32\CRYPT32.dll
0x00007ffbb0780000 - 0x00007ffbb07a7000 	C:\Windows\SYSTEM32\ncrypt.dll
0x00007ffbb0740000 - 0x00007ffbb077b000 	C:\Windows\SYSTEM32\NTASN1.dll
0x00007ffbb0190000 - 0x00007ffbb025a000 	C:\Windows\SYSTEM32\DNSAPI.dll
0x00007ffb9be20000 - 0x00007ffb9be2a000 	C:\Windows\System32\rasadhlp.dll
0x00007ffb9db90000 - 0x00007ffb9dc10000 	C:\Windows\System32\fwpuclnt.dll
0x00007ffba8490000 - 0x00007ffba8499000 	C:\Users\pro\.vscode\extensions\redhat.java-1.51.0-win32-x64\jre\21.0.9-win32-x86_64\bin\extnet.dll

JVMTI agents:
c:\Users\pro\.vscode\extensions\redhat.java-1.51.0-win32-x64\lombok\lombok-1.18.39-4050.jar path:c:\Users\pro\.vscode\extensions\redhat.java-1.51.0-win32-x64\jre\21.0.9-win32-x86_64\bin\instrument.dll, loaded, initialized, instrumentlib options:none

dbghelp: loaded successfully - version: 4.0.5 - missing functions: none
symbol engine: initialized successfully - sym options: 0x614 - pdb path: .;c:\Users\pro\.vscode\extensions\redhat.java-1.51.0-win32-x64\jre\21.0.9-win32-x86_64\bin;C:\Windows\SYSTEM32;C:\Windows\WinSxS\amd64_microsoft.windows.common-controls_6595b64144ccf1df_6.0.19041.6456_none_60b8a6cb71f64256;c:\Users\pro\.vscode\extensions\redhat.java-1.51.0-win32-x64\jre\21.0.9-win32-x86_64\bin\server;C:\Users\pro\AppData\Roaming\Code\User\globalStorage\redhat.java\1.51.0\config_win\org.eclipse.equinox.launcher\org.eclipse.equinox.launcher.win32.win32.x86_64_1.2.1400.v20250801-0854;C:\Users\pro\AppData\Local\Temp\jna-111277

VM Arguments:
jvm_args: --add-modules=ALL-SYSTEM --add-opens=java.base/java.util=ALL-UNNAMED --add-opens=java.base/java.lang=ALL-UNNAMED --add-opens=java.base/sun.nio.fs=ALL-UNNAMED -Declipse.application=org.eclipse.jdt.ls.core.id1 -Dosgi.bundles.defaultStartLevel=4 -Declipse.product=org.eclipse.jdt.ls.core.product -Djava.import.generatesMetadataFilesAtProjectRoot=false -DDetectVMInstallationsJob.disabled=true -Dfile.encoding=utf8 -XX:+UseParallelGC -XX:GCTimeRatio=4 -XX:AdaptiveSizePolicyWeight=90 -Dsun.zip.disableMemoryMapping=true -Xmx2G -Xms100m -Xlog:disable -javaagent:c:\Users\pro\.vscode\extensions\redhat.java-1.51.0-win32-x64\lombok\lombok-1.18.39-4050.jar -XX:+HeapDumpOnOutOfMemoryError -XX:HeapDumpPath=c:\Users\pro\AppData\Roaming\Code\User\workspaceStorage\dfcb5a35f1414019b1eb1641b15ae0cf\redhat.java -Daether.dependencyCollector.impl=bf 
java_command: c:\Users\pro\.vscode\extensions\redhat.java-1.51.0-win32-x64\server\plugins\org.eclipse.equinox.launcher_1.7.100.v20251111-0406.jar -configuration c:\Users\pro\AppData\Roaming\Code\User\globalStorage\redhat.java\1.51.0\config_win -data c:\Users\pro\AppData\Roaming\Code\User\workspaceStorage\dfcb5a35f1414019b1eb1641b15ae0cf\redhat.java\jdt_ws --pipe=\\.\pipe\lsp-829a0498ad7408673ab426af2d1e0289-sock
java_class_path (initial): c:\Users\pro\.vscode\extensions\redhat.java-1.51.0-win32-x64\server\plugins\org.eclipse.equinox.launcher_1.7.100.v20251111-0406.jar
Launcher Type: SUN_STANDARD

[Global flags]
    uintx AdaptiveSizePolicyWeight                 = 90                                        {product} {command line}
     intx CICompilerCount                          = 3                                         {product} {ergonomic}
    uintx GCTimeRatio                              = 4                                         {product} {command line}
     bool HeapDumpOnOutOfMemoryError               = true                                   {manageable} {command line}
    ccstr HeapDumpPath                             = c:\Users\pro\AppData\Roaming\Code\User\workspaceStorage\dfcb5a35f1414019b1eb1641b15ae0cf\redhat.java         {manageable} {command line}
   size_t InitialHeapSize                          = 104857600                                 {product} {command line}
   size_t MaxHeapSize                              = 2147483648                                {product} {command line}
   size_t MaxNewSize                               = 715653120                                 {product} {ergonomic}
   size_t MinHeapDeltaBytes                        = 524288                                    {product} {ergonomic}
   size_t MinHeapSize                              = 104857600                                 {product} {command line}
   size_t NewSize                                  = 34603008                                  {product} {ergonomic}
    uintx NonNMethodCodeHeapSize                   = 5832780                                {pd product} {ergonomic}
    uintx NonProfiledCodeHeapSize                  = 122912730                              {pd product} {ergonomic}
   size_t OldSize                                  = 70254592                                  {product} {ergonomic}
    uintx ProfiledCodeHeapSize                     = 122912730                              {pd product} {ergonomic}
    uintx ReservedCodeCacheSize                    = 251658240                              {pd product} {ergonomic}
     bool SegmentedCodeCache                       = true                                      {product} {ergonomic}
   size_t SoftMaxHeapSize                          = 2147483648                             {manageable} {ergonomic}
     bool UseCompressedOops                        = true                           {product lp64_product} {ergonomic}
     bool UseLargePagesIndividualAllocation        = false                                  {pd product} {ergonomic}
     bool UseParallelGC                            = true                                      {product} {command line}

Logging:
Log output configuration:
 #0: stdout all=off uptime,level,tags foldmultilines=false
 #1: stderr all=off uptime,level,tags foldmultilines=false

Release file:
JAVA_VERSION="21.0.9" 
MODULES="java.base java.compiler java.datatransfer java.xml java.prefs java.desktop java.instrument java.logging java.management java.security.sasl java.naming java.rmi java.management.rmi java.net.http java.scripting java.security.jgss java.transaction.xa java.sql java.sql.rowset java.xml.crypto java.se java.smartcardio jdk.accessibility jdk.internal.jvmstat jdk.attach jdk.charsets jdk.internal.opt jdk.zipfs jdk.compiler jdk.crypto.ec jdk.crypto.cryptoki jdk.crypto.mscapi jdk.dynalink jdk.internal.ed jdk.editpad jdk.hotspot.agent jdk.httpserver jdk.internal.le jdk.internal.vm.ci jdk.internal.vm.compiler jdk.internal.vm.compiler.management jdk.jartool jdk.javadoc jdk.jcmd jdk.management jdk.management.agent jdk.jconsole jdk.jdeps jdk.jdwp.agent jdk.jdi jdk.jfr jdk.jshell jdk.jsobject jdk.jstatd jdk.localedata jdk.management.jfr jdk.naming.dns jdk.naming.rmi jdk.net jdk.nio.mapmode jdk.random jdk.sctp jdk.security.auth jdk.security.jgss jdk.unsupported jdk.unsupported.desktop jdk.xml.dom" 

Environment Variables:
JAVA_HOME=C:\Program Files\Java\jdk-24
PATH=C:\Program Files\Common Files\Oracle\Java\javapath;D:\ORACLE\app\oracle\product\11.2.0\server\bin;C:\Program Files (x86)\Common Files\Intel\Shared Libraries\redist\intel64_win\compiler;C:\Windows\system32;C:\Windows;C:\Windows\System32\Wbem;C:\Windows\System32\WindowsPowerShell\v1.0\;C:\Windows\System32\OpenSSH\;C:\Program Files\Microsoft SQL Server\120\Tools\Binn\;C:\Program Files\Common Files\Autodesk Shared\;C:\Program Files (x86)\QuickTime\QTSystem\;C:\Program Files (x86)\Microsoft SQL Server\160\Tools\Binn\;C:\Program Files\Microsoft SQL Server\160\Tools\Binn\;C:\Program Files\Microsoft SQL Server\Client SDK\ODBC\170\Tools\Binn\;C:\Program Files\Microsoft SQL Server\160\DTS\Binn\;C:\Program Files\Azure Data Studio\bin;C:\Program Files\MySQL\MySQL Server 8.0\bin;C:\Program Files\MySQL\MySQL Server 8.0\bin;C:\Program Files\Microsoft SQL Server\150\Tools\Binn\;C:\Program Files\Java\jdk-24\bin;C:\Users\pro\AppData\Local\Android\Sdk\platform-tools;C:\Users\pro\AppData\Local\Android\Sdk;C:\Program Files\nodejs\;C:\Program Files\PowerShell\7\;C:\Program Files\Git\cmd;C:\Program Files\Apache\Maven\apache-maven-3.9.11\bin;C:\Program Files\apache-maven-3.9.11\bin;C:\Program Files\Java\jdk-24.0.1\bin;C:\Program Files\Java\jdk-24.0.1;C:\Program Files\Docker\Docker\resources\bin;C:\Program Files\Apache\Maven\apache-maven-3.9.11;C:\Program Files\Java\jdk-24\bin;C:\Users\pro\AppData\Local\Microsoft\WindowsApps;C:\Users\pro\AppData\Local\Programs\Microsoft VS Code\bin;C:\Program Files\Azure Data Studio\bin;C:\Program Files\gnuplot\bin;C:\ProgramData\Microsoft\Windows\Start Menu\Programs\gnuplot;C:\Users\pro\AppData\Local\Android\Sdk;C:\Users\pro\AppData\Local\Android\Sdk\platform-tools;C:\Users\pro\AppData\Roaming\npm;C:\Program Files\JetBrains\IntelliJ IDEA 2025.3.1\bin
USERNAME=pro
OS=Windows_NT
PROCESSOR_IDENTIFIER=Intel64 Family 6 Model 78 Stepping 3, GenuineIntel
TMP=C:\Users\pro\AppData\Local\Temp
TEMP=C:\Users\pro\AppData\Local\Temp




Periodic native trim disabled

---------------  S Y S T E M  ---------------

OS:
 Windows 10 , 64 bit Build 19041 (10.0.19041.5915)
OS uptime: 3 days 20:51 hours

CPU: total 4 (initial active 4) (2 cores per cpu, 2 threads per core) family 6 model 78 stepping 3 microcode 0xcc, cx8, cmov, fxsr, ht, mmx, 3dnowpref, sse, sse2, sse3, ssse3, sse4.1, sse4.2, popcnt, lzcnt, tsc, tscinvbit, avx, avx2, aes, erms, clmul, bmi1, bmi2, rtm, adx, fma, vzeroupper, clflush, clflushopt, rdtscp, f16c
Processor Information for the first 4 processors :
  Max Mhz: 2496, Current Mhz: 2396, Mhz Limit: 2396

Memory: 4k page, system-wide physical 8071M (875M free)
TotalPageFile size 19048M (AvailPageFile size 16M)
current process WorkingSet (physical memory assigned to process): 15M, peak: 252M
current process commit charge ("private bytes"): 329M, peak: 336M

vm_info: OpenJDK 64-Bit Server VM (21.0.9+10-LTS) for windows-amd64 JRE (21.0.9+10-LTS), built on 2025-10-21T00:00:00Z by "admin" with unknown MS VC++:1942

END.
