#
# There is insufficient memory for the Java Runtime Environment to continue.
# Native memory allocation (malloc) failed to allocate 574304 bytes. Error detail: Chunk::new
# Possible reasons:
#   The system is out of physical RAM or swap space
#   This process is running with CompressedOops enabled, and the Java Heap may be blocking the growth of the native heap
# Possible solutions:
#   Reduce memory load on the system
#   Increase physical memory or swap space
#   Check if swap backing store is full
#   Decrease Java heap size (-Xmx/-Xms)
#   Decrease number of Java threads
#   Decrease Java thread stack sizes (-Xss)
#   Set larger code cache with -XX:ReservedCodeCacheSize=
#   JVM is running with Unscaled Compressed Oops mode in which the Java heap is
#     placed in the first 4GB address space. The Java Heap base address is the
#     maximum limit for the native heap growth. Please use -XX:HeapBaseMinAddress
#     to set the Java Heap base and to place the Java Heap above 4GB virtual address.
# This output file may be truncated or incomplete.
#
#  Out of Memory Error (arena.cpp:168), pid=19000, tid=5864
#
# JRE version: OpenJDK Runtime Environment Temurin-21.0.9+10 (21.0.9+10) (build 21.0.9+10-LTS)
# Java VM: OpenJDK 64-Bit Server VM Temurin-21.0.9+10 (21.0.9+10-LTS, mixed mode, sharing, tiered, compressed oops, compressed class ptrs, parallel gc, windows-amd64)
# No core dump will be written. Minidumps are not enabled by default on client versions of Windows
#

---------------  S U M M A R Y ------------

Command Line: --add-modules=ALL-SYSTEM --add-opens=java.base/java.util=ALL-UNNAMED --add-opens=java.base/java.lang=ALL-UNNAMED --add-opens=java.base/sun.nio.fs=ALL-UNNAMED -Declipse.application=org.eclipse.jdt.ls.core.id1 -Dosgi.bundles.defaultStartLevel=4 -Declipse.product=org.eclipse.jdt.ls.core.product -Djava.import.generatesMetadataFilesAtProjectRoot=false -DDetectVMInstallationsJob.disabled=true -Dfile.encoding=utf8 -XX:+UseParallelGC -XX:GCTimeRatio=4 -XX:AdaptiveSizePolicyWeight=90 -Dsun.zip.disableMemoryMapping=true -Xmx2G -Xms100m -Xlog:disable -javaagent:c:\Users\pro\.vscode\extensions\redhat.java-1.51.0-win32-x64\lombok\lombok-1.18.39-4050.jar c:\Users\pro\.vscode\extensions\redhat.java-1.51.0-win32-x64\server\plugins\org.eclipse.equinox.launcher_1.7.100.v20251111-0406.jar -configuration c:\Users\pro\AppData\Roaming\Code\User\globalStorage\redhat.java\1.51.0\config_ss_win -data c:\Users\pro\AppData\Roaming\Code\User\workspaceStorage\c90220eba18cc9272f3d389501e0173e\redhat.java\ss_ws --pipe=\\.\pipe\lsp-20e3a5b6f3e09e33c2324c25b8d23558-sock

Host: Intel(R) Core(TM) i5-6300U CPU @ 2.40GHz, 4 cores, 7G,  Windows 10 , 64 bit Build 19041 (10.0.19041.5915)
Time: Wed Jan  7 16:49:59 2026 elapsed time: 1.915043 seconds (0d 0h 0m 1s)

---------------  T H R E A D  ---------------

Current thread (0x0000026588b48e60):  JavaThread "C2 CompilerThread1" daemon [_thread_in_native, id=5864, stack(0x000000edec700000,0x000000edec800000) (1024K)]


Current CompileTask:
C2:1915  968   !   4       java.util.jar.Attributes::read (494 bytes)

Stack: [0x000000edec700000,0x000000edec800000]
Native frames: (J=compiled Java code, j=interpreted, Vv=VM code, C=native code)
V  [jvm.dll+0x6d6e29]
V  [jvm.dll+0x8b4b76]
V  [jvm.dll+0x8b712e]
V  [jvm.dll+0x8b7813]
V  [jvm.dll+0x283d86]
V  [jvm.dll+0xc66ed]
V  [jvm.dll+0xc6c31]
V  [jvm.dll+0x3be53b]
V  [jvm.dll+0x38ab92]
V  [jvm.dll+0x389fda]
V  [jvm.dll+0x24bfa0]
V  [jvm.dll+0x24b580]
V  [jvm.dll+0x1cb13e]
V  [jvm.dll+0x25b29d]
V  [jvm.dll+0x25982a]
V  [jvm.dll+0x3f7ea6]
V  [jvm.dll+0x85e9ad]
V  [jvm.dll+0x6d565d]
C  [ucrtbase.dll+0x21bb2]
C  [KERNEL32.DLL+0x17374]
C  [ntdll.dll+0x4cc91]


---------------  P R O C E S S  ---------------

Threads class SMR info:
_java_thread_list=0x0000026588aeaeb0, length=12, elements={
0x00000265302f54c0, 0x00000265301df1b0, 0x00000265301e07f0, 0x00000265301e40c0,
0x00000265301e4d10, 0x00000265301e7770, 0x00000265301e81c0, 0x00000265301e8ff0,
0x000002653021f270, 0x00000265889aff40, 0x0000026588aed030, 0x0000026588b48e60
}

Java Threads: ( => current thread )
  0x00000265302f54c0 JavaThread "main"                              [_thread_in_vm, id=13104, stack(0x000000edeb900000,0x000000edeba00000) (1024K)]
  0x00000265301df1b0 JavaThread "Reference Handler"          daemon [_thread_blocked, id=17972, stack(0x000000edebd00000,0x000000edebe00000) (1024K)]
  0x00000265301e07f0 JavaThread "Finalizer"                  daemon [_thread_blocked, id=18392, stack(0x000000edebe00000,0x000000edebf00000) (1024K)]
  0x00000265301e40c0 JavaThread "Signal Dispatcher"          daemon [_thread_blocked, id=11640, stack(0x000000edebf00000,0x000000edec000000) (1024K)]
  0x00000265301e4d10 JavaThread "Attach Listener"            daemon [_thread_blocked, id=13264, stack(0x000000edec000000,0x000000edec100000) (1024K)]
  0x00000265301e7770 JavaThread "Service Thread"             daemon [_thread_blocked, id=17912, stack(0x000000edec100000,0x000000edec200000) (1024K)]
  0x00000265301e81c0 JavaThread "Monitor Deflation Thread"   daemon [_thread_blocked, id=5872, stack(0x000000edec200000,0x000000edec300000) (1024K)]
  0x00000265301e8ff0 JavaThread "C2 CompilerThread0"         daemon [_thread_blocked, id=20520, stack(0x000000edec300000,0x000000edec400000) (1024K)]
  0x000002653021f270 JavaThread "C1 CompilerThread0"         daemon [_thread_blocked, id=9688, stack(0x000000edec400000,0x000000edec500000) (1024K)]
  0x00000265889aff40 JavaThread "Common-Cleaner"             daemon [_thread_blocked, id=15592, stack(0x000000edec500000,0x000000edec600000) (1024K)]
  0x0000026588aed030 JavaThread "Notification Thread"        daemon [_thread_blocked, id=16952, stack(0x000000edec600000,0x000000edec700000) (1024K)]
=>0x0000026588b48e60 JavaThread "C2 CompilerThread1"         daemon [_thread_in_native, id=5864, stack(0x000000edec700000,0x000000edec800000) (1024K)]
Total: 12

Other Threads:
  0x00000265303b1750 VMThread "VM Thread"                           [id=17216, stack(0x000000edebc00000,0x000000edebd00000) (1024K)]
  0x000002653035e020 WatcherThread "VM Periodic Task Thread"        [id=12100, stack(0x000000edebb00000,0x000000edebc00000) (1024K)]
  0x0000026530312c10 WorkerThread "GC Thread#0"                     [id=21124, stack(0x000000edeba00000,0x000000edebb00000) (1024K)]
Total: 3

Threads with active compile tasks:
C2 CompilerThread1  1992  968   !   4       java.util.jar.Attributes::read (494 bytes)
Total: 1

VM state: not at safepoint (normal execution)

VM Mutex/Monitor currently owned by a thread: None

Heap address: 0x0000000080000000, size: 2048 MB, Compressed Oops mode: 32-bit

CDS archive(s) mapped at: [0x0000026547000000-0x0000026547ba0000-0x0000026547ba0000), size 12189696, SharedBaseAddress: 0x0000026547000000, ArchiveRelocationMode: 1.
Compressed class space mapped at: 0x0000026548000000-0x0000026588000000, reserved size: 1073741824
Narrow klass base: 0x0000026547000000, Narrow klass shift: 0, Narrow klass range: 0x100000000

GC Precious Log:
 CardTable entry size: 512
 CPUs: 4 total, 4 available
 Memory: 8071M
 Large Page Support: Disabled
 NUMA Support: Disabled
 Compressed Oops: Enabled (32-bit)
 Alignments: Space 512K, Generation 512K, Heap 2M
 Heap Min Capacity: 100M
 Heap Initial Capacity: 100M
 Heap Max Capacity: 2G
 Pre-touch: Disabled
 Parallel Workers: 4

Heap:
 PSYoungGen      total 29696K, used 22127K [0x00000000d5580000, 0x00000000d7680000, 0x0000000100000000)
  eden space 25600K, 86% used [0x00000000d5580000,0x00000000d6b1be88,0x00000000d6e80000)
  from space 4096K, 0% used [0x00000000d7280000,0x00000000d7280000,0x00000000d7680000)
  to   space 4096K, 0% used [0x00000000d6e80000,0x00000000d6e80000,0x00000000d7280000)
 ParOldGen       total 68608K, used 0K [0x0000000080000000, 0x0000000084300000, 0x00000000d5580000)
  object space 68608K, 0% used [0x0000000080000000,0x0000000080000000,0x0000000084300000)
 Metaspace       used 4074K, committed 4352K, reserved 1114112K
  class space    used 450K, committed 576K, reserved 1048576K

Card table byte_map: [0x000002652fca0000,0x00000265300b0000] _byte_map_base: 0x000002652f8a0000

Marking Bits: (ParMarkBitMap*) 0x00007ffb124b2460
 Begin Bits: [0x00000265427b0000, 0x00000265447b0000)
 End Bits:   [0x00000265447b0000, 0x00000265467b0000)

Polling page: 0x000002652e060000

Metaspace:

Usage:
  Non-class:      3.54 MB used.
      Class:    450.41 KB used.
       Both:      3.98 MB used.

Virtual space:
  Non-class space:       64.00 MB reserved,       3.69 MB (  6%) committed,  1 nodes.
      Class space:        1.00 GB reserved,     576.00 KB ( <1%) committed,  1 nodes.
             Both:        1.06 GB reserved,       4.25 MB ( <1%) committed. 

Chunk freelists:
   Non-Class:  11.22 MB
       Class:  15.44 MB
        Both:  26.66 MB

MaxMetaspaceSize: unlimited
CompressedClassSpaceSize: 1.00 GB
Initial GC threshold: 21.00 MB
Current GC threshold: 21.00 MB
CDS: on
 - commit_granule_bytes: 65536.
 - commit_granule_words: 8192.
 - virtual_space_node_default_size: 8388608.
 - enlarge_chunks_in_place: 1.
 - use_allocation_guard: 0.


Internal statistics:

num_allocs_failed_limit: 0.
num_arena_births: 184.
num_arena_deaths: 0.
num_vsnodes_births: 2.
num_vsnodes_deaths: 0.
num_space_committed: 68.
num_space_uncommitted: 0.
num_chunks_returned_to_freelist: 0.
num_chunks_taken_from_freelist: 247.
num_chunk_merges: 0.
num_chunk_splits: 157.
num_chunks_enlarged: 89.
num_inconsistent_stats: 0.

CodeHeap 'non-profiled nmethods': size=120000Kb used=408Kb max_used=408Kb free=119591Kb
 bounds [0x000002653afd0000, 0x000002653b240000, 0x0000026542500000]
CodeHeap 'profiled nmethods': size=120000Kb used=1663Kb max_used=1663Kb free=118336Kb
 bounds [0x0000026533500000, 0x0000026533770000, 0x000002653aa30000]
CodeHeap 'non-nmethods': size=5760Kb used=1192Kb max_used=1216Kb free=4567Kb
 bounds [0x000002653aa30000, 0x000002653aca0000, 0x000002653afd0000]
CodeCache: size=245760Kb, used=3263Kb, max_used=3287Kb, free=242494Kb
 total_blobs=1493, nmethods=1042, adapters=358, full_count=0
Compilation: enabled, stopped_count=0, restarted_count=0

Compilation events (20 events):
Event: 1.890 Thread 0x000002653021f270 1000       1       java.lang.reflect.Method::getName (5 bytes)
Event: 1.890 Thread 0x000002653021f270 nmethod 1000 0x000002653b02f610 code [0x000002653b02f7a0, 0x000002653b02f868]
Event: 1.890 Thread 0x000002653021f270 1001       3       java.lang.invoke.LambdaForm::returnType (26 bytes)
Event: 1.891 Thread 0x00000265301e8ff0 nmethod 970 0x000002653b02f910 code [0x000002653b02fbc0, 0x000002653b030cb8]
Event: 1.891 Thread 0x000002653021f270 nmethod 1001 0x000002653368e710 code [0x000002653368e8c0, 0x000002653368ea60]
Event: 1.892 Thread 0x00000265301e8ff0  999       4       java.lang.String::getBytes (44 bytes)
Event: 1.895 Thread 0x000002653021f270 1002       3       jdk.internal.org.objectweb.asm.AnnotationWriter::create (34 bytes)
Event: 1.895 Thread 0x000002653021f270 nmethod 1002 0x000002653368eb90 code [0x000002653368ed80, 0x000002653368f200]
Event: 1.896 Thread 0x000002653021f270 1003       3       jdk.internal.org.objectweb.asm.AnnotationWriter::<init> (60 bytes)
Event: 1.896 Thread 0x00000265301e8ff0 nmethod 999 0x000002653b031510 code [0x000002653b0316a0, 0x000002653b0318f8]
Event: 1.897 Thread 0x00000265301e8ff0  969       4       java.lang.String::<init> (22 bytes)
Event: 1.897 Thread 0x000002653021f270 nmethod 1003 0x000002653368f410 code [0x000002653368f5c0, 0x000002653368f898]
Event: 1.897 Thread 0x000002653021f270 1004       3       jdk.internal.org.objectweb.asm.AnnotationVisitor::<init> (7 bytes)
Event: 1.897 Thread 0x000002653021f270 nmethod 1004 0x000002653368fa10 code [0x000002653368fbc0, 0x000002653368fd08]
Event: 1.901 Thread 0x00000265301e8ff0 nmethod 969 0x000002653b031a10 code [0x000002653b031bc0, 0x000002653b031d48]
Event: 1.902 Thread 0x000002653021f270 1005       3       java.util.WeakHashMap::getTable (9 bytes)
Event: 1.903 Thread 0x000002653021f270 nmethod 1005 0x000002653368fd90 code [0x000002653368ff40, 0x0000026533690090]
Event: 1.903 Thread 0x000002653021f270 1006   !   3       java.util.WeakHashMap::expungeStaleEntries (139 bytes)
Event: 1.904 Thread 0x000002653021f270 nmethod 1006 0x0000026533690110 code [0x0000026533690320, 0x0000026533690ae8]
Event: 1.904 Thread 0x00000265301e8ff0 1007       4       java.util.HashMap::getNode (150 bytes)

GC Heap History (0 events):
No events

Dll operation events (8 events):
Event: 0.026 Loaded shared library c:\Users\pro\.vscode\extensions\redhat.java-1.51.0-win32-x64\jre\21.0.9-win32-x86_64\bin\java.dll
Event: 0.217 Loaded shared library c:\Users\pro\.vscode\extensions\redhat.java-1.51.0-win32-x64\jre\21.0.9-win32-x86_64\bin\zip.dll
Event: 0.276 Loaded shared library C:\Users\pro\.vscode\extensions\redhat.java-1.51.0-win32-x64\jre\21.0.9-win32-x86_64\bin\instrument.dll
Event: 0.291 Loaded shared library C:\Users\pro\.vscode\extensions\redhat.java-1.51.0-win32-x64\jre\21.0.9-win32-x86_64\bin\net.dll
Event: 0.296 Loaded shared library C:\Users\pro\.vscode\extensions\redhat.java-1.51.0-win32-x64\jre\21.0.9-win32-x86_64\bin\nio.dll
Event: 0.305 Loaded shared library C:\Users\pro\.vscode\extensions\redhat.java-1.51.0-win32-x64\jre\21.0.9-win32-x86_64\bin\zip.dll
Event: 0.351 Loaded shared library C:\Users\pro\.vscode\extensions\redhat.java-1.51.0-win32-x64\jre\21.0.9-win32-x86_64\bin\jimage.dll
Event: 0.638 Loaded shared library c:\Users\pro\.vscode\extensions\redhat.java-1.51.0-win32-x64\jre\21.0.9-win32-x86_64\bin\verify.dll

Deoptimization events (20 events):
Event: 1.833 Thread 0x00000265302f54c0 DEOPT PACKING pc=0x00000265335fad84 sp=0x000000edeb9fe120
Event: 1.833 Thread 0x00000265302f54c0 DEOPT UNPACKING pc=0x000002653aa84242 sp=0x000000edeb9fd578 mode 0
Event: 1.833 Thread 0x00000265302f54c0 DEOPT PACKING pc=0x00000265335fad84 sp=0x000000edeb9fe090
Event: 1.833 Thread 0x00000265302f54c0 DEOPT UNPACKING pc=0x000002653aa84242 sp=0x000000edeb9fd4e8 mode 0
Event: 1.833 Thread 0x00000265302f54c0 DEOPT PACKING pc=0x00000265335fad84 sp=0x000000edeb9fe120
Event: 1.833 Thread 0x00000265302f54c0 DEOPT UNPACKING pc=0x000002653aa84242 sp=0x000000edeb9fd578 mode 0
Event: 1.833 Thread 0x00000265302f54c0 DEOPT PACKING pc=0x00000265335fad84 sp=0x000000edeb9fe120
Event: 1.833 Thread 0x00000265302f54c0 DEOPT UNPACKING pc=0x000002653aa84242 sp=0x000000edeb9fd578 mode 0
Event: 1.833 Thread 0x00000265302f54c0 DEOPT PACKING pc=0x00000265335fad84 sp=0x000000edeb9fe090
Event: 1.833 Thread 0x00000265302f54c0 DEOPT UNPACKING pc=0x000002653aa84242 sp=0x000000edeb9fd4e8 mode 0
Event: 1.833 Thread 0x00000265302f54c0 DEOPT PACKING pc=0x00000265335fad84 sp=0x000000edeb9fe120
Event: 1.833 Thread 0x00000265302f54c0 DEOPT UNPACKING pc=0x000002653aa84242 sp=0x000000edeb9fd578 mode 0
Event: 1.834 Thread 0x00000265302f54c0 DEOPT PACKING pc=0x00000265335fad84 sp=0x000000edeb9fe120
Event: 1.834 Thread 0x00000265302f54c0 DEOPT UNPACKING pc=0x000002653aa84242 sp=0x000000edeb9fd578 mode 0
Event: 1.834 Thread 0x00000265302f54c0 DEOPT PACKING pc=0x00000265335fad84 sp=0x000000edeb9fe090
Event: 1.834 Thread 0x00000265302f54c0 DEOPT UNPACKING pc=0x000002653aa84242 sp=0x000000edeb9fd4e8 mode 0
Event: 1.834 Thread 0x00000265302f54c0 DEOPT PACKING pc=0x00000265335fad84 sp=0x000000edeb9fe120
Event: 1.834 Thread 0x00000265302f54c0 DEOPT UNPACKING pc=0x000002653aa84242 sp=0x000000edeb9fd578 mode 0
Event: 1.834 Thread 0x00000265302f54c0 DEOPT PACKING pc=0x00000265335fad84 sp=0x000000edeb9fe120
Event: 1.834 Thread 0x00000265302f54c0 DEOPT UNPACKING pc=0x000002653aa84242 sp=0x000000edeb9fd578 mode 0

Classes loaded (20 events):
Event: 1.760 Loading class sun/nio/fs/WindowsFileStore
Event: 1.760 Loading class java/nio/file/FileStore
Event: 1.760 Loading class java/nio/file/FileStore done
Event: 1.760 Loading class sun/nio/fs/WindowsFileStore done
Event: 1.766 Loading class java/net/URLClassLoader$1
Event: 1.766 Loading class java/net/URLClassLoader$1 done
Event: 1.862 Loading class java/io/FilePermission$1
Event: 1.862 Loading class jdk/internal/access/JavaIOFilePermissionAccess
Event: 1.862 Loading class jdk/internal/access/JavaIOFilePermissionAccess done
Event: 1.862 Loading class java/io/FilePermission$1 done
Event: 1.863 Loading class java/io/FilePermissionCollection
Event: 1.863 Loading class java/io/FilePermissionCollection done
Event: 1.873 Loading class java/util/EventListener
Event: 1.873 Loading class java/util/EventListener done
Event: 1.877 Loading class java/lang/InterruptedException
Event: 1.877 Loading class java/lang/InterruptedException done
Event: 1.879 Loading class java/util/concurrent/Semaphore
Event: 1.880 Loading class java/util/concurrent/Semaphore done
Event: 1.884 Loading class java/util/EventObject
Event: 1.884 Loading class java/util/EventObject done

Classes unloaded (0 events):
No events

Classes redefined (0 events):
No events

Internal exceptions (20 events):
Event: 0.451 Thread 0x00000265302f54c0 Exception <a 'java/lang/NoSuchMethodError'{0x00000000d59dc898}: 'java.lang.Object java.lang.invoke.DirectMethodHandle$Holder.invokeStatic(java.lang.Object, java.lang.Object, java.lang.Object, java.lang.Object, int)'> (0x00000000d59dc898) 
thrown [s\src\hotspot\share\interpreter\linkResolver.cpp, line 773]
Event: 0.457 Thread 0x00000265302f54c0 Exception <a 'java/lang/NoSuchMethodError'{0x00000000d59e7cd8}: 'void java.lang.invoke.DelegatingMethodHandle$Holder.reinvoke_L(java.lang.Object, java.lang.Object, java.lang.Object, int, java.lang.Object)'> (0x00000000d59e7cd8) 
thrown [s\src\hotspot\share\interpreter\linkResolver.cpp, line 773]
Event: 0.463 Thread 0x00000265302f54c0 Exception <a 'java/lang/NoSuchMethodError'{0x00000000d59f8628}: 'int java.lang.invoke.DirectMethodHandle$Holder.invokeSpecial(java.lang.Object, java.lang.Object, java.lang.Object)'> (0x00000000d59f8628) 
thrown [s\src\hotspot\share\interpreter\linkResolver.cpp, line 773]
Event: 0.466 Thread 0x00000265302f54c0 Exception <a 'java/lang/NoSuchMethodError'{0x00000000d5a042e8}: 'java.lang.Object java.lang.invoke.DirectMethodHandle$Holder.invokeStatic(java.lang.Object, java.lang.Object, int)'> (0x00000000d5a042e8) 
thrown [s\src\hotspot\share\interpreter\linkResolver.cpp, line 773]
Event: 0.468 Thread 0x00000265302f54c0 Exception <a 'java/lang/NoSuchMethodError'{0x00000000d5a08c38}: 'void java.lang.invoke.DirectMethodHandle$Holder.invokeStatic(java.lang.Object, java.lang.Object, int, java.lang.Object)'> (0x00000000d5a08c38) 
thrown [s\src\hotspot\share\interpreter\linkResolver.cpp, line 773]
Event: 0.471 Thread 0x00000265302f54c0 Exception <a 'java/lang/NoSuchMethodError'{0x00000000d5a0c7c8}: 'void java.lang.invoke.DirectMethodHandle$Holder.invokeSpecial(java.lang.Object, java.lang.Object, java.lang.Object, int, java.lang.Object)'> (0x00000000d5a0c7c8) 
thrown [s\src\hotspot\share\interpreter\linkResolver.cpp, line 773]
Event: 0.472 Thread 0x00000265302f54c0 Exception <a 'java/lang/NoSuchMethodError'{0x00000000d5a0fc38}: 'void java.lang.invoke.DelegatingMethodHandle$Holder.delegate(java.lang.Object, java.lang.Object, int, java.lang.Object)'> (0x00000000d5a0fc38) 
thrown [s\src\hotspot\share\interpreter\linkResolver.cpp, line 773]
Event: 0.699 Thread 0x00000265302f54c0 Exception <a 'java/lang/NoSuchMethodError'{0x00000000d5bcee68}: 'void java.lang.invoke.DelegatingMethodHandle$Holder.reinvoke_L(java.lang.Object, java.lang.Object, java.lang.Object, int)'> (0x00000000d5bcee68) 
thrown [s\src\hotspot\share\interpreter\linkResolver.cpp, line 773]
Event: 1.122 Thread 0x00000265302f54c0 Exception <a 'java/lang/NoSuchMethodError'{0x00000000d605a7b8}: 'void java.lang.invoke.DirectMethodHandle$Holder.invokeVirtual(java.lang.Object, java.lang.Object)'> (0x00000000d605a7b8) 
thrown [s\src\hotspot\share\interpreter\linkResolver.cpp, line 773]
Event: 1.482 Thread 0x00000265302f54c0 Exception <a 'java/lang/NoSuchMethodError'{0x00000000d643f4a8}: 'void java.lang.invoke.DirectMethodHandle$Holder.invokeStatic(java.lang.Object, java.lang.Object)'> (0x00000000d643f4a8) 
thrown [s\src\hotspot\share\interpreter\linkResolver.cpp, line 773]
Event: 1.490 Thread 0x00000265302f54c0 Exception <a 'java/lang/ClassNotFoundException'{0x00000000d6467598}: sun/net/www/protocol/c/Handler> (0x00000000d6467598) 
thrown [s\src\hotspot\share\classfile\systemDictionary.cpp, line 312]
Event: 1.534 Thread 0x00000265302f54c0 Exception <a 'java/io/FileNotFoundException'{0x00000000d64c4ea8}> (0x00000000d64c4ea8) 
thrown [s\src\hotspot\share\prims\jni.cpp, line 520]
Event: 1.535 Thread 0x00000265302f54c0 Exception <a 'java/io/FileNotFoundException'{0x00000000d64c64f0}> (0x00000000d64c64f0) 
thrown [s\src\hotspot\share\prims\jni.cpp, line 520]
Event: 1.536 Thread 0x00000265302f54c0 Exception <a 'java/io/FileNotFoundException'{0x00000000d64c7498}> (0x00000000d64c7498) 
thrown [s\src\hotspot\share\prims\jni.cpp, line 520]
Event: 1.536 Thread 0x00000265302f54c0 Exception <a 'java/io/FileNotFoundException'{0x00000000d64c8318}> (0x00000000d64c8318) 
thrown [s\src\hotspot\share\prims\jni.cpp, line 520]
Event: 1.599 Thread 0x00000265302f54c0 Exception <a 'java/io/FileNotFoundException'{0x00000000d65027a8}> (0x00000000d65027a8) 
thrown [s\src\hotspot\share\prims\jni.cpp, line 520]
Event: 1.624 Thread 0x00000265302f54c0 Exception <a 'java/lang/NoSuchMethodError'{0x00000000d653f0c0}: 'java.lang.Object java.lang.invoke.DirectMethodHandle$Holder.invokeInterface(java.lang.Object, java.lang.Object)'> (0x00000000d653f0c0) 
thrown [s\src\hotspot\share\interpreter\linkResolver.cpp, line 773]
Event: 1.631 Thread 0x00000265302f54c0 Exception <a 'java/lang/NoSuchMethodError'{0x00000000d6552b28}: 'java.lang.Object java.lang.invoke.Invokers$Holder.invokeExact_MT(java.lang.Object, java.lang.Object, java.lang.Object, java.lang.Object, java.lang.Object, java.lang.Object)'> (0x00000000d6552b28) 
thrown [s\src\hotspot\share\interpreter\linkResolver.cpp, line 773]
Event: 1.651 Thread 0x00000265302f54c0 Exception <a 'java/lang/NoSuchMethodError'{0x00000000d6569c00}: 'int java.lang.invoke.DirectMethodHandle$Holder.invokeStatic(java.lang.Object, java.lang.Object, java.lang.Object, java.lang.Object, java.lang.Object)'> (0x00000000d6569c00) 
thrown [s\src\hotspot\share\interpreter\linkResolver.cpp, line 773]
Event: 1.708 Thread 0x00000265302f54c0 Exception <a 'java/lang/NoSuchMethodError'{0x00000000d65ff158}: 'java.lang.Object java.lang.invoke.DirectMethodHandle$Holder.invokeInterface(java.lang.Object, java.lang.Object, int)'> (0x00000000d65ff158) 
thrown [s\src\hotspot\share\interpreter\linkResolver.cpp, line 773]

ZGC Phase Switch (0 events):
No events

VM Operations (10 events):
Event: 0.212 Executing VM operation: HandshakeAllThreads (Deoptimize)
Event: 0.212 Executing VM operation: HandshakeAllThreads (Deoptimize) done
Event: 0.389 Executing VM operation: HandshakeAllThreads (Deoptimize)
Event: 0.389 Executing VM operation: HandshakeAllThreads (Deoptimize) done
Event: 1.395 Executing VM operation: Cleanup
Event: 1.403 Executing VM operation: Cleanup done
Event: 1.431 Executing VM operation: HandshakeAllThreads (Deoptimize)
Event: 1.431 Executing VM operation: HandshakeAllThreads (Deoptimize) done
Event: 1.475 Executing VM operation: HandshakeAllThreads (Deoptimize)
Event: 1.475 Executing VM operation: HandshakeAllThreads (Deoptimize) done

Memory protections (0 events):
No events

Nmethod flushes (0 events):
No events

Events (12 events):
Event: 0.071 Thread 0x00000265302f54c0 Thread added: 0x00000265302f54c0
Event: 0.113 Thread 0x00000265302f54c0 Thread added: 0x00000265301df1b0
Event: 0.113 Thread 0x00000265302f54c0 Thread added: 0x00000265301e07f0
Event: 0.114 Thread 0x00000265302f54c0 Thread added: 0x00000265301e40c0
Event: 0.114 Thread 0x00000265302f54c0 Thread added: 0x00000265301e4d10
Event: 0.114 Thread 0x00000265302f54c0 Thread added: 0x00000265301e7770
Event: 0.114 Thread 0x00000265302f54c0 Thread added: 0x00000265301e81c0
Event: 0.115 Thread 0x00000265302f54c0 Thread added: 0x00000265301e8ff0
Event: 0.117 Thread 0x00000265302f54c0 Thread added: 0x000002653021f270
Event: 0.282 Thread 0x00000265302f54c0 Thread added: 0x00000265889aff40
Event: 0.911 Thread 0x00000265302f54c0 Thread added: 0x0000026588aed030
Event: 1.216 Thread 0x000002653021f270 Thread added: 0x0000026588b48e60


Dynamic libraries:
0x00007ff73f370000 - 0x00007ff73f37e000 	c:\Users\pro\.vscode\extensions\redhat.java-1.51.0-win32-x64\jre\21.0.9-win32-x86_64\bin\java.exe
0x00007ffbb3730000 - 0x00007ffbb3928000 	C:\Windows\SYSTEM32\ntdll.dll
0x00007ffbb3620000 - 0x00007ffbb36e2000 	C:\Windows\System32\KERNEL32.DLL
0x00007ffbb0e70000 - 0x00007ffbb1166000 	C:\Windows\System32\KERNELBASE.dll
0x00007ffbb1380000 - 0x00007ffbb1480000 	C:\Windows\System32\ucrtbase.dll
0x00007ffb89420000 - 0x00007ffb89438000 	c:\Users\pro\.vscode\extensions\redhat.java-1.51.0-win32-x64\jre\21.0.9-win32-x86_64\bin\jli.dll
0x00007ffbb2090000 - 0x00007ffbb2231000 	C:\Windows\System32\USER32.dll
0x00007ffbb0dc0000 - 0x00007ffbb0de2000 	C:\Windows\System32\win32u.dll
0x00007ffbb2620000 - 0x00007ffbb264b000 	C:\Windows\System32\GDI32.dll
0x00007ffbb14b0000 - 0x00007ffbb15c9000 	C:\Windows\System32\gdi32full.dll
0x00007ffbb15d0000 - 0x00007ffbb166d000 	C:\Windows\System32\msvcp_win.dll
0x00007ffb89b30000 - 0x00007ffb89b4e000 	c:\Users\pro\.vscode\extensions\redhat.java-1.51.0-win32-x64\jre\21.0.9-win32-x86_64\bin\VCRUNTIME140.dll
0x00007ffb94130000 - 0x00007ffb943cb000 	C:\Windows\WinSxS\amd64_microsoft.windows.common-controls_6595b64144ccf1df_6.0.19041.6456_none_60b8a6cb71f64256\COMCTL32.dll
0x00007ffbb1ff0000 - 0x00007ffbb208e000 	C:\Windows\System32\msvcrt.dll
0x00007ffbb2440000 - 0x00007ffbb246f000 	C:\Windows\System32\IMM32.DLL
0x00007ffbaa060000 - 0x00007ffbaa06c000 	c:\Users\pro\.vscode\extensions\redhat.java-1.51.0-win32-x64\jre\21.0.9-win32-x86_64\bin\vcruntime140_1.dll
0x00007ffb87610000 - 0x00007ffb8769d000 	c:\Users\pro\.vscode\extensions\redhat.java-1.51.0-win32-x64\jre\21.0.9-win32-x86_64\bin\msvcp140.dll
0x00007ffb117f0000 - 0x00007ffb12590000 	c:\Users\pro\.vscode\extensions\redhat.java-1.51.0-win32-x64\jre\21.0.9-win32-x86_64\bin\server\jvm.dll
0x00007ffbb3560000 - 0x00007ffbb3611000 	C:\Windows\System32\ADVAPI32.dll
0x00007ffbb2710000 - 0x00007ffbb27af000 	C:\Windows\System32\sechost.dll
0x00007ffbb2470000 - 0x00007ffbb2590000 	C:\Windows\System32\RPCRT4.dll
0x00007ffbb1480000 - 0x00007ffbb14a7000 	C:\Windows\System32\bcrypt.dll
0x00007ffbb3050000 - 0x00007ffbb30bb000 	C:\Windows\System32\WS2_32.dll
0x00007ffbb0b70000 - 0x00007ffbb0bbb000 	C:\Windows\SYSTEM32\POWRPROF.dll
0x00007ffb98430000 - 0x00007ffb98457000 	C:\Windows\SYSTEM32\WINMM.dll
0x00007ffbab440000 - 0x00007ffbab44a000 	C:\Windows\SYSTEM32\VERSION.dll
0x00007ffbb0b50000 - 0x00007ffbb0b62000 	C:\Windows\SYSTEM32\UMPDC.dll
0x00007ffbaf5d0000 - 0x00007ffbaf5e2000 	C:\Windows\SYSTEM32\kernel.appcore.dll
0x00007ffbaa240000 - 0x00007ffbaa24a000 	c:\Users\pro\.vscode\extensions\redhat.java-1.51.0-win32-x64\jre\21.0.9-win32-x86_64\bin\jimage.dll
0x00007ffbaebe0000 - 0x00007ffbaede1000 	C:\Windows\SYSTEM32\DBGHELP.DLL
0x00007ffba9f20000 - 0x00007ffba9f54000 	C:\Windows\SYSTEM32\dbgcore.DLL
0x00007ffbb1670000 - 0x00007ffbb16f2000 	C:\Windows\System32\bcryptPrimitives.dll
0x00007ffb9dfb0000 - 0x00007ffb9dfbf000 	c:\Users\pro\.vscode\extensions\redhat.java-1.51.0-win32-x64\jre\21.0.9-win32-x86_64\bin\instrument.dll
0x00007ffb89010000 - 0x00007ffb89030000 	c:\Users\pro\.vscode\extensions\redhat.java-1.51.0-win32-x64\jre\21.0.9-win32-x86_64\bin\java.dll
0x00007ffbb27b0000 - 0x00007ffbb2f20000 	C:\Windows\System32\SHELL32.dll
0x00007ffbaee10000 - 0x00007ffbaf5b5000 	C:\Windows\SYSTEM32\windows.storage.dll
0x00007ffbb1820000 - 0x00007ffbb1b74000 	C:\Windows\System32\combase.dll
0x00007ffbb0710000 - 0x00007ffbb073b000 	C:\Windows\SYSTEM32\Wldp.dll
0x00007ffbb3160000 - 0x00007ffbb322d000 	C:\Windows\System32\OLEAUT32.dll
0x00007ffbb1750000 - 0x00007ffbb17fd000 	C:\Windows\System32\SHCORE.dll
0x00007ffbb2650000 - 0x00007ffbb26ab000 	C:\Windows\System32\shlwapi.dll
0x00007ffbb0cf0000 - 0x00007ffbb0d14000 	C:\Windows\SYSTEM32\profapi.dll
0x00007ffb88bf0000 - 0x00007ffb88c08000 	c:\Users\pro\.vscode\extensions\redhat.java-1.51.0-win32-x64\jre\21.0.9-win32-x86_64\bin\zip.dll
0x00007ffba85b0000 - 0x00007ffba85c0000 	C:\Users\pro\.vscode\extensions\redhat.java-1.51.0-win32-x64\jre\21.0.9-win32-x86_64\bin\net.dll
0x00007ffba6e80000 - 0x00007ffba6f8a000 	C:\Windows\SYSTEM32\WINHTTP.dll
0x00007ffbb0470000 - 0x00007ffbb04da000 	C:\Windows\system32\mswsock.dll
0x00007ffb88220000 - 0x00007ffb88236000 	C:\Users\pro\.vscode\extensions\redhat.java-1.51.0-win32-x64\jre\21.0.9-win32-x86_64\bin\nio.dll
0x00007ffb945c0000 - 0x00007ffb945d0000 	c:\Users\pro\.vscode\extensions\redhat.java-1.51.0-win32-x64\jre\21.0.9-win32-x86_64\bin\verify.dll

JVMTI agents:
c:\Users\pro\.vscode\extensions\redhat.java-1.51.0-win32-x64\lombok\lombok-1.18.39-4050.jar path:c:\Users\pro\.vscode\extensions\redhat.java-1.51.0-win32-x64\jre\21.0.9-win32-x86_64\bin\instrument.dll, loaded, initialized, instrumentlib options:none

dbghelp: loaded successfully - version: 4.0.5 - missing functions: none
symbol engine: initialized successfully - sym options: 0x614 - pdb path: .;c:\Users\pro\.vscode\extensions\redhat.java-1.51.0-win32-x64\jre\21.0.9-win32-x86_64\bin;C:\Windows\SYSTEM32;C:\Windows\WinSxS\amd64_microsoft.windows.common-controls_6595b64144ccf1df_6.0.19041.6456_none_60b8a6cb71f64256;c:\Users\pro\.vscode\extensions\redhat.java-1.51.0-win32-x64\jre\21.0.9-win32-x86_64\bin\server

VM Arguments:
jvm_args: --add-modules=ALL-SYSTEM --add-opens=java.base/java.util=ALL-UNNAMED --add-opens=java.base/java.lang=ALL-UNNAMED --add-opens=java.base/sun.nio.fs=ALL-UNNAMED -Declipse.application=org.eclipse.jdt.ls.core.id1 -Dosgi.bundles.defaultStartLevel=4 -Declipse.product=org.eclipse.jdt.ls.core.product -Djava.import.generatesMetadataFilesAtProjectRoot=false -DDetectVMInstallationsJob.disabled=true -Dfile.encoding=utf8 -XX:+UseParallelGC -XX:GCTimeRatio=4 -XX:AdaptiveSizePolicyWeight=90 -Dsun.zip.disableMemoryMapping=true -Xmx2G -Xms100m -Xlog:disable -javaagent:c:\Users\pro\.vscode\extensions\redhat.java-1.51.0-win32-x64\lombok\lombok-1.18.39-4050.jar 
java_command: c:\Users\pro\.vscode\extensions\redhat.java-1.51.0-win32-x64\server\plugins\org.eclipse.equinox.launcher_1.7.100.v20251111-0406.jar -configuration c:\Users\pro\AppData\Roaming\Code\User\globalStorage\redhat.java\1.51.0\config_ss_win -data c:\Users\pro\AppData\Roaming\Code\User\workspaceStorage\c90220eba18cc9272f3d389501e0173e\redhat.java\ss_ws --pipe=\\.\pipe\lsp-20e3a5b6f3e09e33c2324c25b8d23558-sock
java_class_path (initial): c:\Users\pro\.vscode\extensions\redhat.java-1.51.0-win32-x64\server\plugins\org.eclipse.equinox.launcher_1.7.100.v20251111-0406.jar
Launcher Type: SUN_STANDARD

[Global flags]
    uintx AdaptiveSizePolicyWeight                 = 90                                        {product} {command line}
     intx CICompilerCount                          = 3                                         {product} {ergonomic}
    uintx GCTimeRatio                              = 4                                         {product} {command line}
   size_t InitialHeapSize                          = 104857600                                 {product} {command line}
   size_t MaxHeapSize                              = 2147483648                                {product} {command line}
   size_t MaxNewSize                               = 715653120                                 {product} {ergonomic}
   size_t MinHeapDeltaBytes                        = 524288                                    {product} {ergonomic}
   size_t MinHeapSize                              = 104857600                                 {product} {command line}
   size_t NewSize                                  = 34603008                                  {product} {ergonomic}
    uintx NonNMethodCodeHeapSize                   = 5832780                                {pd product} {ergonomic}
    uintx NonProfiledCodeHeapSize                  = 122912730                              {pd product} {ergonomic}
   size_t OldSize                                  = 70254592                                  {product} {ergonomic}
    uintx ProfiledCodeHeapSize                     = 122912730                              {pd product} {ergonomic}
    uintx ReservedCodeCacheSize                    = 251658240                              {pd product} {ergonomic}
     bool SegmentedCodeCache                       = true                                      {product} {ergonomic}
   size_t SoftMaxHeapSize                          = 2147483648                             {manageable} {ergonomic}
     bool UseCompressedOops                        = true                           {product lp64_product} {ergonomic}
     bool UseLargePagesIndividualAllocation        = false                                  {pd product} {ergonomic}
     bool UseParallelGC                            = true                                      {product} {command line}

Logging:
Log output configuration:
 #0: stdout all=off uptime,level,tags foldmultilines=false
 #1: stderr all=off uptime,level,tags foldmultilines=false

Release file:
JAVA_VERSION="21.0.9" 
MODULES="java.base java.compiler java.datatransfer java.xml java.prefs java.desktop java.instrument java.logging java.management java.security.sasl java.naming java.rmi java.management.rmi java.net.http java.scripting java.security.jgss java.transaction.xa java.sql java.sql.rowset java.xml.crypto java.se java.smartcardio jdk.accessibility jdk.internal.jvmstat jdk.attach jdk.charsets jdk.internal.opt jdk.zipfs jdk.compiler jdk.crypto.ec jdk.crypto.cryptoki jdk.crypto.mscapi jdk.dynalink jdk.internal.ed jdk.editpad jdk.hotspot.agent jdk.httpserver jdk.internal.le jdk.internal.vm.ci jdk.internal.vm.compiler jdk.internal.vm.compiler.management jdk.jartool jdk.javadoc jdk.jcmd jdk.management jdk.management.agent jdk.jconsole jdk.jdeps jdk.jdwp.agent jdk.jdi jdk.jfr jdk.jshell jdk.jsobject jdk.jstatd jdk.localedata jdk.management.jfr jdk.naming.dns jdk.naming.rmi jdk.net jdk.nio.mapmode jdk.random jdk.sctp jdk.security.auth jdk.security.jgss jdk.unsupported jdk.unsupported.desktop jdk.xml.dom" 

Environment Variables:
JAVA_HOME=C:\Program Files\Java\jdk-24
PATH=C:\Program Files\Common Files\Oracle\Java\javapath;D:\ORACLE\app\oracle\product\11.2.0\server\bin;C:\Program Files (x86)\Common Files\Intel\Shared Libraries\redist\intel64_win\compiler;C:\Windows\system32;C:\Windows;C:\Windows\System32\Wbem;C:\Windows\System32\WindowsPowerShell\v1.0\;C:\Windows\System32\OpenSSH\;C:\Program Files\Microsoft SQL Server\120\Tools\Binn\;C:\Program Files\Common Files\Autodesk Shared\;C:\Program Files (x86)\QuickTime\QTSystem\;C:\Program Files (x86)\Microsoft SQL Server\160\Tools\Binn\;C:\Program Files\Microsoft SQL Server\160\Tools\Binn\;C:\Program Files\Microsoft SQL Server\Client SDK\ODBC\170\Tools\Binn\;C:\Program Files\Microsoft SQL Server\160\DTS\Binn\;C:\Program Files\Azure Data Studio\bin;C:\Program Files\MySQL\MySQL Server 8.0\bin;C:\Program Files\MySQL\MySQL Server 8.0\bin;C:\Program Files\Microsoft SQL Server\150\Tools\Binn\;C:\Program Files\Java\jdk-24\bin;C:\Users\pro\AppData\Local\Android\Sdk\platform-tools;C:\Users\pro\AppData\Local\Android\Sdk;C:\Program Files\nodejs\;C:\Program Files\PowerShell\7\;C:\Program Files\Git\cmd;C:\Program Files\Apache\Maven\apache-maven-3.9.11\bin;C:\Program Files\apache-maven-3.9.11\bin;C:\Program Files\Java\jdk-24.0.1\bin;C:\Program Files\Java\jdk-24.0.1;C:\Program Files\Docker\Docker\resources\bin;C:\Program Files\Apache\Maven\apache-maven-3.9.11;C:\Program Files\Java\jdk-24\bin;C:\Users\pro\AppData\Local\Microsoft\WindowsApps;C:\Users\pro\AppData\Local\Programs\Microsoft VS Code\bin;C:\Program Files\Azure Data Studio\bin;C:\Program Files\gnuplot\bin;C:\ProgramData\Microsoft\Windows\Start Menu\Programs\gnuplot;C:\Users\pro\AppData\Local\Android\Sdk;C:\Users\pro\AppData\Local\Android\Sdk\platform-tools;C:\Users\pro\AppData\Roaming\npm;C:\Program Files\JetBrains\IntelliJ IDEA 2025.3.1\bin
USERNAME=pro
OS=Windows_NT
PROCESSOR_IDENTIFIER=Intel64 Family 6 Model 78 Stepping 3, GenuineIntel
TMP=C:\Users\pro\AppData\Local\Temp
TEMP=C:\Users\pro\AppData\Local\Temp




Periodic native trim disabled

---------------  S Y S T E M  ---------------

OS:
 Windows 10 , 64 bit Build 19041 (10.0.19041.5915)
OS uptime: 1 days 17:06 hours

CPU: total 4 (initial active 4) (2 cores per cpu, 2 threads per core) family 6 model 78 stepping 3 microcode 0xcc, cx8, cmov, fxsr, ht, mmx, 3dnowpref, sse, sse2, sse3, ssse3, sse4.1, sse4.2, popcnt, lzcnt, tsc, tscinvbit, avx, avx2, aes, erms, clmul, bmi1, bmi2, rtm, adx, fma, vzeroupper, clflush, clflushopt, rdtscp, f16c
Processor Information for processor 0
  Max Mhz: 2496, Current Mhz: 2396, Mhz Limit: 2396
Processor Information for processor 1
  Max Mhz: 2496, Current Mhz: 1497, Mhz Limit: 2396
Processor Information for processor 2
  Max Mhz: 2496, Current Mhz: 2396, Mhz Limit: 2396
Processor Information for processor 3
  Max Mhz: 2496, Current Mhz: 1497, Mhz Limit: 2396

Memory: 4k page, system-wide physical 8071M (893M free)
TotalPageFile size 20108M (AvailPageFile size 44M)
current process WorkingSet (physical memory assigned to process): 70M, peak: 70M
current process commit charge ("private bytes"): 222M, peak: 222M

vm_info: OpenJDK 64-Bit Server VM (21.0.9+10-LTS) for windows-amd64 JRE (21.0.9+10-LTS), built on 2025-10-21T00:00:00Z by "admin" with unknown MS VC++:1942

END.
